"EventID","MachineName","Data","EntryType","Message","Source","ReplacementStrings","TimeGenerated","TimeWritten","UserName"
"4672","DESKTOP-LUGE14R","System.Byte[]","SuccessAudit","Special privileges assigned to new logon.

Subject:
	Security ID:		S-1-5-18
	Account Name:		SYSTEM
	Account Domain:		NT AUTHORITY
	Logon ID:		0x3e7

Privileges:		SeAssignPrimaryTokenPrivilege
			SeTcbPrivilege
			SeSecurityPrivilege
			SeTakeOwnershipPrivilege
			SeLoadDriverPrivilege
			SeBackupPrivilege
			SeRestorePrivilege
			SeDebugPrivilege
			SeAuditPrivilege
			SeSystemEnvironmentPrivilege
			SeImpersonatePrivilege
			SeDelegateSessionUserImpersonatePrivilege","Microsoft-Windows-Security-Auditing","System.String[]","26/05/2024 00:24:16","26/05/2024 00:24:16",
"4624","DESKTOP-LUGE14R","System.Byte[]","SuccessAudit","An account was successfully logged on.

Subject:
	Security ID:		S-1-5-18
	Account Name:		DESKTOP-LUGE14R$
	Account Domain:		WORKGROUP
	Logon ID:		0x3e7

Logon Information:
	Logon Type:		5
	Restricted Admin Mode:	-
	Virtual Account:		%%1843
	Elevated Token:		%%1842

Impersonation Level:		%%1833

New Logon:
	Security ID:		S-1-5-18
	Account Name:		SYSTEM
	Account Domain:		NT AUTHORITY
	Logon ID:		0x3e7
	Linked Logon ID:		0x0
	Network Account Name:	-
	Network Account Domain:	-
	Logon GUID:		{00000000-0000-0000-0000-000000000000}

Process Information:
	Process ID:		0x368
	Process Name:		C:\Windows\System32\services.exe

Network Information:
	Workstation Name:	-
	Source Network Address:	-
	Source Port:		-

Detailed Authentication Information:
	Logon Process:		Advapi  
	Authentication Package:	Negotiate
	Transited Services:	-
	Package Name (NTLM only):	-
	Key Length:		0

This event is generated when a logon session is created. It is generated on the computer that was accessed.

The subject fields indicate the account on the local system which requested the logon. This is most commonly a service such as the Server service, or a local process such as Winlogon.exe or Services.exe.

The logon type field indicates the kind of logon that occurred. The most common types are 2 (interactive) and 3 (network).

The New Logon fields indicate the account for whom the new logon was created, i.e. the account that was logged on.

The network fields indicate where a remote logon request originated. Workstation name is not always available and may be left blank in some cases.

The impersonation level field indicates the extent to which a process in the logon session can impersonate.

The authentication information fields provide detailed information about this specific logon request.
	- Logon GUID is a unique identifier that can be used to correlate this event with a KDC event.
	- Transited services indicate which intermediate services have participated in this logon request.
	- Package name indicates which sub-protocol was used among the NTLM protocols.
	- Key length indicates the length of the generated session key. This will be 0 if no session key was requested.","Microsoft-Windows-Security-Auditing","System.String[]","26/05/2024 00:24:16","26/05/2024 00:24:16",
"4672","DESKTOP-LUGE14R","System.Byte[]","SuccessAudit","Special privileges assigned to new logon.

Subject:
	Security ID:		S-1-5-18
	Account Name:		SYSTEM
	Account Domain:		NT AUTHORITY
	Logon ID:		0x3e7

Privileges:		SeAssignPrimaryTokenPrivilege
			SeTcbPrivilege
			SeSecurityPrivilege
			SeTakeOwnershipPrivilege
			SeLoadDriverPrivilege
			SeBackupPrivilege
			SeRestorePrivilege
			SeDebugPrivilege
			SeAuditPrivilege
			SeSystemEnvironmentPrivilege
			SeImpersonatePrivilege
			SeDelegateSessionUserImpersonatePrivilege","Microsoft-Windows-Security-Auditing","System.String[]","26/05/2024 00:22:59","26/05/2024 00:22:59",
"4624","DESKTOP-LUGE14R","System.Byte[]","SuccessAudit","An account was successfully logged on.

Subject:
	Security ID:		S-1-5-18
	Account Name:		DESKTOP-LUGE14R$
	Account Domain:		WORKGROUP
	Logon ID:		0x3e7

Logon Information:
	Logon Type:		5
	Restricted Admin Mode:	-
	Virtual Account:		%%1843
	Elevated Token:		%%1842

Impersonation Level:		%%1833

New Logon:
	Security ID:		S-1-5-18
	Account Name:		SYSTEM
	Account Domain:		NT AUTHORITY
	Logon ID:		0x3e7
	Linked Logon ID:		0x0
	Network Account Name:	-
	Network Account Domain:	-
	Logon GUID:		{00000000-0000-0000-0000-000000000000}

Process Information:
	Process ID:		0x368
	Process Name:		C:\Windows\System32\services.exe

Network Information:
	Workstation Name:	-
	Source Network Address:	-
	Source Port:		-

Detailed Authentication Information:
	Logon Process:		Advapi  
	Authentication Package:	Negotiate
	Transited Services:	-
	Package Name (NTLM only):	-
	Key Length:		0

This event is generated when a logon session is created. It is generated on the computer that was accessed.

The subject fields indicate the account on the local system which requested the logon. This is most commonly a service such as the Server service, or a local process such as Winlogon.exe or Services.exe.

The logon type field indicates the kind of logon that occurred. The most common types are 2 (interactive) and 3 (network).

The New Logon fields indicate the account for whom the new logon was created, i.e. the account that was logged on.

The network fields indicate where a remote logon request originated. Workstation name is not always available and may be left blank in some cases.

The impersonation level field indicates the extent to which a process in the logon session can impersonate.

The authentication information fields provide detailed information about this specific logon request.
	- Logon GUID is a unique identifier that can be used to correlate this event with a KDC event.
	- Transited services indicate which intermediate services have participated in this logon request.
	- Package name indicates which sub-protocol was used among the NTLM protocols.
	- Key length indicates the length of the generated session key. This will be 0 if no session key was requested.","Microsoft-Windows-Security-Auditing","System.String[]","26/05/2024 00:22:59","26/05/2024 00:22:59",
"5061","DESKTOP-LUGE14R","System.Byte[]","SuccessAudit","Cryptographic operation.

Subject:
	Security ID:		S-1-5-21-776856091-2747213066-2907446845-1001
	Account Name:		Malaika
	Account Domain:		DESKTOP-LUGE14R
	Logon ID:		0x5c00c

Cryptographic Parameters:
	Provider Name:	Microsoft Software Key Storage Provider
	Algorithm Name:	RSA
	Key Name:	wpsSafeSandbox
	Key Type:	%%2500

Cryptographic Operation:
	Operation:	%%2480
	Return Code:	0x0","Microsoft-Windows-Security-Auditing","System.String[]","26/05/2024 00:21:30","26/05/2024 00:21:30",
"5058","DESKTOP-LUGE14R","System.Byte[]","SuccessAudit","Key file operation.

Subject:
	Security ID:		S-1-5-21-776856091-2747213066-2907446845-1001
	Account Name:		Malaika
	Account Domain:		DESKTOP-LUGE14R
	Logon ID:		0x5c00c

Process Information:
	Process ID:		16180
	Process Creation Time:	2024-05-25T19:21:29.9329323Z

Cryptographic Parameters:
	Provider Name:	Microsoft Software Key Storage Provider
	Algorithm Name:	UNKNOWN
	Key Name:	wpsSafeSandbox
	Key Type:	%%2500

Key File Operation Information:
	File Path:	C:\Users\Malaika\AppData\Roaming\Microsoft\Crypto\Keys\f2bde186477cad07308ede2988de2505_97d36971-95e1-4c96-9fca-423582ecc762
	Operation:	%%2458
	Return Code:	0x0","Microsoft-Windows-Security-Auditing","System.String[]","26/05/2024 00:21:30","26/05/2024 00:21:30",
"5061","DESKTOP-LUGE14R","System.Byte[]","SuccessAudit","Cryptographic operation.

Subject:
	Security ID:		S-1-5-21-776856091-2747213066-2907446845-1001
	Account Name:		Malaika
	Account Domain:		DESKTOP-LUGE14R
	Logon ID:		0x5c00c

Cryptographic Parameters:
	Provider Name:	Microsoft Software Key Storage Provider
	Algorithm Name:	RSA
	Key Name:	wpsSafeSandbox
	Key Type:	%%2500

Cryptographic Operation:
	Operation:	%%2480
	Return Code:	0x0","Microsoft-Windows-Security-Auditing","System.String[]","26/05/2024 00:21:30","26/05/2024 00:21:30",
"5058","DESKTOP-LUGE14R","System.Byte[]","SuccessAudit","Key file operation.

Subject:
	Security ID:		S-1-5-21-776856091-2747213066-2907446845-1001
	Account Name:		Malaika
	Account Domain:		DESKTOP-LUGE14R
	Logon ID:		0x5c00c

Process Information:
	Process ID:		16180
	Process Creation Time:	2024-05-25T19:21:29.9329323Z

Cryptographic Parameters:
	Provider Name:	Microsoft Software Key Storage Provider
	Algorithm Name:	UNKNOWN
	Key Name:	wpsSafeSandbox
	Key Type:	%%2500

Key File Operation Information:
	File Path:	C:\Users\Malaika\AppData\Roaming\Microsoft\Crypto\Keys\f2bde186477cad07308ede2988de2505_97d36971-95e1-4c96-9fca-423582ecc762
	Operation:	%%2458
	Return Code:	0x0","Microsoft-Windows-Security-Auditing","System.String[]","26/05/2024 00:21:30","26/05/2024 00:21:30",
"5061","DESKTOP-LUGE14R","System.Byte[]","SuccessAudit","Cryptographic operation.

Subject:
	Security ID:		S-1-5-21-776856091-2747213066-2907446845-1001
	Account Name:		Malaika
	Account Domain:		DESKTOP-LUGE14R
	Logon ID:		0x5c00c

Cryptographic Parameters:
	Provider Name:	Microsoft Software Key Storage Provider
	Algorithm Name:	RSA
	Key Name:	wpsSafeSandbox
	Key Type:	%%2500

Cryptographic Operation:
	Operation:	%%2480
	Return Code:	0x0","Microsoft-Windows-Security-Auditing","System.String[]","26/05/2024 00:21:30","26/05/2024 00:21:30",
"5058","DESKTOP-LUGE14R","System.Byte[]","SuccessAudit","Key file operation.

Subject:
	Security ID:		S-1-5-21-776856091-2747213066-2907446845-1001
	Account Name:		Malaika
	Account Domain:		DESKTOP-LUGE14R
	Logon ID:		0x5c00c

Process Information:
	Process ID:		16180
	Process Creation Time:	2024-05-25T19:21:29.9329323Z

Cryptographic Parameters:
	Provider Name:	Microsoft Software Key Storage Provider
	Algorithm Name:	UNKNOWN
	Key Name:	wpsSafeSandbox
	Key Type:	%%2500

Key File Operation Information:
	File Path:	C:\Users\Malaika\AppData\Roaming\Microsoft\Crypto\Keys\f2bde186477cad07308ede2988de2505_97d36971-95e1-4c96-9fca-423582ecc762
	Operation:	%%2458
	Return Code:	0x0","Microsoft-Windows-Security-Auditing","System.String[]","26/05/2024 00:21:30","26/05/2024 00:21:30",
"5061","DESKTOP-LUGE14R","System.Byte[]","SuccessAudit","Cryptographic operation.

Subject:
	Security ID:		S-1-5-21-776856091-2747213066-2907446845-1001
	Account Name:		Malaika
	Account Domain:		DESKTOP-LUGE14R
	Logon ID:		0x5c00c

Cryptographic Parameters:
	Provider Name:	Microsoft Software Key Storage Provider
	Algorithm Name:	RSA
	Key Name:	wpsSafeSandbox
	Key Type:	%%2500

Cryptographic Operation:
	Operation:	%%2480
	Return Code:	0x0","Microsoft-Windows-Security-Auditing","System.String[]","26/05/2024 00:21:30","26/05/2024 00:21:30",
"5058","DESKTOP-LUGE14R","System.Byte[]","SuccessAudit","Key file operation.

Subject:
	Security ID:		S-1-5-21-776856091-2747213066-2907446845-1001
	Account Name:		Malaika
	Account Domain:		DESKTOP-LUGE14R
	Logon ID:		0x5c00c

Process Information:
	Process ID:		16180
	Process Creation Time:	2024-05-25T19:21:29.9329323Z

Cryptographic Parameters:
	Provider Name:	Microsoft Software Key Storage Provider
	Algorithm Name:	UNKNOWN
	Key Name:	wpsSafeSandbox
	Key Type:	%%2500

Key File Operation Information:
	File Path:	C:\Users\Malaika\AppData\Roaming\Microsoft\Crypto\Keys\f2bde186477cad07308ede2988de2505_97d36971-95e1-4c96-9fca-423582ecc762
	Operation:	%%2458
	Return Code:	0x0","Microsoft-Windows-Security-Auditing","System.String[]","26/05/2024 00:21:30","26/05/2024 00:21:30",
"5061","DESKTOP-LUGE14R","System.Byte[]","SuccessAudit","Cryptographic operation.

Subject:
	Security ID:		S-1-5-21-776856091-2747213066-2907446845-1001
	Account Name:		Malaika
	Account Domain:		DESKTOP-LUGE14R
	Logon ID:		0x5c00c

Cryptographic Parameters:
	Provider Name:	Microsoft Software Key Storage Provider
	Algorithm Name:	RSA
	Key Name:	wpsSafeSandbox
	Key Type:	%%2500

Cryptographic Operation:
	Operation:	%%2480
	Return Code:	0x0","Microsoft-Windows-Security-Auditing","System.String[]","26/05/2024 00:20:42","26/05/2024 00:20:42",
"5058","DESKTOP-LUGE14R","System.Byte[]","SuccessAudit","Key file operation.

Subject:
	Security ID:		S-1-5-21-776856091-2747213066-2907446845-1001
	Account Name:		Malaika
	Account Domain:		DESKTOP-LUGE14R
	Logon ID:		0x5c00c

Process Information:
	Process ID:		4996
	Process Creation Time:	2024-05-25T19:20:41.9052009Z

Cryptographic Parameters:
	Provider Name:	Microsoft Software Key Storage Provider
	Algorithm Name:	UNKNOWN
	Key Name:	wpsSafeSandbox
	Key Type:	%%2500

Key File Operation Information:
	File Path:	C:\Users\Malaika\AppData\Roaming\Microsoft\Crypto\Keys\f2bde186477cad07308ede2988de2505_97d36971-95e1-4c96-9fca-423582ecc762
	Operation:	%%2458
	Return Code:	0x0","Microsoft-Windows-Security-Auditing","System.String[]","26/05/2024 00:20:42","26/05/2024 00:20:42",
"5061","DESKTOP-LUGE14R","System.Byte[]","SuccessAudit","Cryptographic operation.

Subject:
	Security ID:		S-1-5-21-776856091-2747213066-2907446845-1001
	Account Name:		Malaika
	Account Domain:		DESKTOP-LUGE14R
	Logon ID:		0x5c00c

Cryptographic Parameters:
	Provider Name:	Microsoft Software Key Storage Provider
	Algorithm Name:	RSA
	Key Name:	wpsSafeSandbox
	Key Type:	%%2500

Cryptographic Operation:
	Operation:	%%2480
	Return Code:	0x0","Microsoft-Windows-Security-Auditing","System.String[]","26/05/2024 00:20:42","26/05/2024 00:20:42",
"5058","DESKTOP-LUGE14R","System.Byte[]","SuccessAudit","Key file operation.

Subject:
	Security ID:		S-1-5-21-776856091-2747213066-2907446845-1001
	Account Name:		Malaika
	Account Domain:		DESKTOP-LUGE14R
	Logon ID:		0x5c00c

Process Information:
	Process ID:		4996
	Process Creation Time:	2024-05-25T19:20:41.9052009Z

Cryptographic Parameters:
	Provider Name:	Microsoft Software Key Storage Provider
	Algorithm Name:	UNKNOWN
	Key Name:	wpsSafeSandbox
	Key Type:	%%2500

Key File Operation Information:
	File Path:	C:\Users\Malaika\AppData\Roaming\Microsoft\Crypto\Keys\f2bde186477cad07308ede2988de2505_97d36971-95e1-4c96-9fca-423582ecc762
	Operation:	%%2458
	Return Code:	0x0","Microsoft-Windows-Security-Auditing","System.String[]","26/05/2024 00:20:42","26/05/2024 00:20:42",
"5061","DESKTOP-LUGE14R","System.Byte[]","SuccessAudit","Cryptographic operation.

Subject:
	Security ID:		S-1-5-21-776856091-2747213066-2907446845-1001
	Account Name:		Malaika
	Account Domain:		DESKTOP-LUGE14R
	Logon ID:		0x5c00c

Cryptographic Parameters:
	Provider Name:	Microsoft Software Key Storage Provider
	Algorithm Name:	RSA
	Key Name:	wpsSafeSandbox
	Key Type:	%%2500

Cryptographic Operation:
	Operation:	%%2480
	Return Code:	0x0","Microsoft-Windows-Security-Auditing","System.String[]","26/05/2024 00:20:42","26/05/2024 00:20:42",
"5058","DESKTOP-LUGE14R","System.Byte[]","SuccessAudit","Key file operation.

Subject:
	Security ID:		S-1-5-21-776856091-2747213066-2907446845-1001
	Account Name:		Malaika
	Account Domain:		DESKTOP-LUGE14R
	Logon ID:		0x5c00c

Process Information:
	Process ID:		11248
	Process Creation Time:	2024-05-25T19:20:41.9120685Z

Cryptographic Parameters:
	Provider Name:	Microsoft Software Key Storage Provider
	Algorithm Name:	UNKNOWN
	Key Name:	wpsSafeSandbox
	Key Type:	%%2500

Key File Operation Information:
	File Path:	C:\Users\Malaika\AppData\Roaming\Microsoft\Crypto\Keys\f2bde186477cad07308ede2988de2505_97d36971-95e1-4c96-9fca-423582ecc762
	Operation:	%%2458
	Return Code:	0x0","Microsoft-Windows-Security-Auditing","System.String[]","26/05/2024 00:20:42","26/05/2024 00:20:42",
"5061","DESKTOP-LUGE14R","System.Byte[]","SuccessAudit","Cryptographic operation.

Subject:
	Security ID:		S-1-5-21-776856091-2747213066-2907446845-1001
	Account Name:		Malaika
	Account Domain:		DESKTOP-LUGE14R
	Logon ID:		0x5c00c

Cryptographic Parameters:
	Provider Name:	Microsoft Software Key Storage Provider
	Algorithm Name:	RSA
	Key Name:	wpsSafeSandbox
	Key Type:	%%2500

Cryptographic Operation:
	Operation:	%%2480
	Return Code:	0x0","Microsoft-Windows-Security-Auditing","System.String[]","26/05/2024 00:20:42","26/05/2024 00:20:42",
"5058","DESKTOP-LUGE14R","System.Byte[]","SuccessAudit","Key file operation.

Subject:
	Security ID:		S-1-5-21-776856091-2747213066-2907446845-1001
	Account Name:		Malaika
	Account Domain:		DESKTOP-LUGE14R
	Logon ID:		0x5c00c

Process Information:
	Process ID:		11248
	Process Creation Time:	2024-05-25T19:20:41.9120685Z

Cryptographic Parameters:
	Provider Name:	Microsoft Software Key Storage Provider
	Algorithm Name:	UNKNOWN
	Key Name:	wpsSafeSandbox
	Key Type:	%%2500

Key File Operation Information:
	File Path:	C:\Users\Malaika\AppData\Roaming\Microsoft\Crypto\Keys\f2bde186477cad07308ede2988de2505_97d36971-95e1-4c96-9fca-423582ecc762
	Operation:	%%2458
	Return Code:	0x0","Microsoft-Windows-Security-Auditing","System.String[]","26/05/2024 00:20:42","26/05/2024 00:20:42",
"5061","DESKTOP-LUGE14R","System.Byte[]","SuccessAudit","Cryptographic operation.

Subject:
	Security ID:		S-1-5-21-776856091-2747213066-2907446845-1001
	Account Name:		Malaika
	Account Domain:		DESKTOP-LUGE14R
	Logon ID:		0x5c00c

Cryptographic Parameters:
	Provider Name:	Microsoft Software Key Storage Provider
	Algorithm Name:	RSA
	Key Name:	wpsSafeSandbox
	Key Type:	%%2500

Cryptographic Operation:
	Operation:	%%2480
	Return Code:	0x0","Microsoft-Windows-Security-Auditing","System.String[]","26/05/2024 00:20:42","26/05/2024 00:20:42",
"5058","DESKTOP-LUGE14R","System.Byte[]","SuccessAudit","Key file operation.

Subject:
	Security ID:		S-1-5-21-776856091-2747213066-2907446845-1001
	Account Name:		Malaika
	Account Domain:		DESKTOP-LUGE14R
	Logon ID:		0x5c00c

Process Information:
	Process ID:		11248
	Process Creation Time:	2024-05-25T19:20:41.9120685Z

Cryptographic Parameters:
	Provider Name:	Microsoft Software Key Storage Provider
	Algorithm Name:	UNKNOWN
	Key Name:	wpsSafeSandbox
	Key Type:	%%2500

Key File Operation Information:
	File Path:	C:\Users\Malaika\AppData\Roaming\Microsoft\Crypto\Keys\f2bde186477cad07308ede2988de2505_97d36971-95e1-4c96-9fca-423582ecc762
	Operation:	%%2458
	Return Code:	0x0","Microsoft-Windows-Security-Auditing","System.String[]","26/05/2024 00:20:42","26/05/2024 00:20:42",
"5061","DESKTOP-LUGE14R","System.Byte[]","SuccessAudit","Cryptographic operation.

Subject:
	Security ID:		S-1-5-21-776856091-2747213066-2907446845-1001
	Account Name:		Malaika
	Account Domain:		DESKTOP-LUGE14R
	Logon ID:		0x5c00c

Cryptographic Parameters:
	Provider Name:	Microsoft Software Key Storage Provider
	Algorithm Name:	RSA
	Key Name:	wpsSafeSandbox
	Key Type:	%%2500

Cryptographic Operation:
	Operation:	%%2480
	Return Code:	0x0","Microsoft-Windows-Security-Auditing","System.String[]","26/05/2024 00:20:42","26/05/2024 00:20:42",
"5058","DESKTOP-LUGE14R","System.Byte[]","SuccessAudit","Key file operation.

Subject:
	Security ID:		S-1-5-21-776856091-2747213066-2907446845-1001
	Account Name:		Malaika
	Account Domain:		DESKTOP-LUGE14R
	Logon ID:		0x5c00c

Process Information:
	Process ID:		4996
	Process Creation Time:	2024-05-25T19:20:41.9052009Z

Cryptographic Parameters:
	Provider Name:	Microsoft Software Key Storage Provider
	Algorithm Name:	UNKNOWN
	Key Name:	wpsSafeSandbox
	Key Type:	%%2500

Key File Operation Information:
	File Path:	C:\Users\Malaika\AppData\Roaming\Microsoft\Crypto\Keys\f2bde186477cad07308ede2988de2505_97d36971-95e1-4c96-9fca-423582ecc762
	Operation:	%%2458
	Return Code:	0x0","Microsoft-Windows-Security-Auditing","System.String[]","26/05/2024 00:20:42","26/05/2024 00:20:42",
"5061","DESKTOP-LUGE14R","System.Byte[]","SuccessAudit","Cryptographic operation.

Subject:
	Security ID:		S-1-5-21-776856091-2747213066-2907446845-1001
	Account Name:		Malaika
	Account Domain:		DESKTOP-LUGE14R
	Logon ID:		0x5c00c

Cryptographic Parameters:
	Provider Name:	Microsoft Software Key Storage Provider
	Algorithm Name:	RSA
	Key Name:	wpsSafeSandbox
	Key Type:	%%2500

Cryptographic Operation:
	Operation:	%%2480
	Return Code:	0x0","Microsoft-Windows-Security-Auditing","System.String[]","26/05/2024 00:20:42","26/05/2024 00:20:42",
"5058","DESKTOP-LUGE14R","System.Byte[]","SuccessAudit","Key file operation.

Subject:
	Security ID:		S-1-5-21-776856091-2747213066-2907446845-1001
	Account Name:		Malaika
	Account Domain:		DESKTOP-LUGE14R
	Logon ID:		0x5c00c

Process Information:
	Process ID:		11248
	Process Creation Time:	2024-05-25T19:20:41.9120685Z

Cryptographic Parameters:
	Provider Name:	Microsoft Software Key Storage Provider
	Algorithm Name:	UNKNOWN
	Key Name:	wpsSafeSandbox
	Key Type:	%%2500

Key File Operation Information:
	File Path:	C:\Users\Malaika\AppData\Roaming\Microsoft\Crypto\Keys\f2bde186477cad07308ede2988de2505_97d36971-95e1-4c96-9fca-423582ecc762
	Operation:	%%2458
	Return Code:	0x0","Microsoft-Windows-Security-Auditing","System.String[]","26/05/2024 00:20:42","26/05/2024 00:20:42",
"5061","DESKTOP-LUGE14R","System.Byte[]","SuccessAudit","Cryptographic operation.

Subject:
	Security ID:		S-1-5-21-776856091-2747213066-2907446845-1001
	Account Name:		Malaika
	Account Domain:		DESKTOP-LUGE14R
	Logon ID:		0x5c00c

Cryptographic Parameters:
	Provider Name:	Microsoft Software Key Storage Provider
	Algorithm Name:	RSA
	Key Name:	wpsSafeSandbox
	Key Type:	%%2500

Cryptographic Operation:
	Operation:	%%2480
	Return Code:	0x0","Microsoft-Windows-Security-Auditing","System.String[]","26/05/2024 00:20:42","26/05/2024 00:20:42",
"5058","DESKTOP-LUGE14R","System.Byte[]","SuccessAudit","Key file operation.

Subject:
	Security ID:		S-1-5-21-776856091-2747213066-2907446845-1001
	Account Name:		Malaika
	Account Domain:		DESKTOP-LUGE14R
	Logon ID:		0x5c00c

Process Information:
	Process ID:		4996
	Process Creation Time:	2024-05-25T19:20:41.9052009Z

Cryptographic Parameters:
	Provider Name:	Microsoft Software Key Storage Provider
	Algorithm Name:	UNKNOWN
	Key Name:	wpsSafeSandbox
	Key Type:	%%2500

Key File Operation Information:
	File Path:	C:\Users\Malaika\AppData\Roaming\Microsoft\Crypto\Keys\f2bde186477cad07308ede2988de2505_97d36971-95e1-4c96-9fca-423582ecc762
	Operation:	%%2458
	Return Code:	0x0","Microsoft-Windows-Security-Auditing","System.String[]","26/05/2024 00:20:42","26/05/2024 00:20:42",
"5061","DESKTOP-LUGE14R","System.Byte[]","SuccessAudit","Cryptographic operation.

Subject:
	Security ID:		S-1-5-21-776856091-2747213066-2907446845-1001
	Account Name:		Malaika
	Account Domain:		DESKTOP-LUGE14R
	Logon ID:		0x5c00c

Cryptographic Parameters:
	Provider Name:	Microsoft Software Key Storage Provider
	Algorithm Name:	RSA
	Key Name:	wpsSafeSandbox
	Key Type:	%%2500

Cryptographic Operation:
	Operation:	%%2480
	Return Code:	0x0","Microsoft-Windows-Security-Auditing","System.String[]","26/05/2024 00:18:47","26/05/2024 00:18:47",
"5058","DESKTOP-LUGE14R","System.Byte[]","SuccessAudit","Key file operation.

Subject:
	Security ID:		S-1-5-21-776856091-2747213066-2907446845-1001
	Account Name:		Malaika
	Account Domain:		DESKTOP-LUGE14R
	Logon ID:		0x5c00c

Process Information:
	Process ID:		18888
	Process Creation Time:	2024-05-25T19:18:46.7137422Z

Cryptographic Parameters:
	Provider Name:	Microsoft Software Key Storage Provider
	Algorithm Name:	UNKNOWN
	Key Name:	wpsSafeSandbox
	Key Type:	%%2500

Key File Operation Information:
	File Path:	C:\Users\Malaika\AppData\Roaming\Microsoft\Crypto\Keys\f2bde186477cad07308ede2988de2505_97d36971-95e1-4c96-9fca-423582ecc762
	Operation:	%%2458
	Return Code:	0x0","Microsoft-Windows-Security-Auditing","System.String[]","26/05/2024 00:18:47","26/05/2024 00:18:47",
"5061","DESKTOP-LUGE14R","System.Byte[]","SuccessAudit","Cryptographic operation.

Subject:
	Security ID:		S-1-5-21-776856091-2747213066-2907446845-1001
	Account Name:		Malaika
	Account Domain:		DESKTOP-LUGE14R
	Logon ID:		0x5c00c

Cryptographic Parameters:
	Provider Name:	Microsoft Software Key Storage Provider
	Algorithm Name:	RSA
	Key Name:	wpsSafeSandbox
	Key Type:	%%2500

Cryptographic Operation:
	Operation:	%%2480
	Return Code:	0x0","Microsoft-Windows-Security-Auditing","System.String[]","26/05/2024 00:18:47","26/05/2024 00:18:47",
"5058","DESKTOP-LUGE14R","System.Byte[]","SuccessAudit","Key file operation.

Subject:
	Security ID:		S-1-5-21-776856091-2747213066-2907446845-1001
	Account Name:		Malaika
	Account Domain:		DESKTOP-LUGE14R
	Logon ID:		0x5c00c

Process Information:
	Process ID:		18888
	Process Creation Time:	2024-05-25T19:18:46.7137422Z

Cryptographic Parameters:
	Provider Name:	Microsoft Software Key Storage Provider
	Algorithm Name:	UNKNOWN
	Key Name:	wpsSafeSandbox
	Key Type:	%%2500

Key File Operation Information:
	File Path:	C:\Users\Malaika\AppData\Roaming\Microsoft\Crypto\Keys\f2bde186477cad07308ede2988de2505_97d36971-95e1-4c96-9fca-423582ecc762
	Operation:	%%2458
	Return Code:	0x0","Microsoft-Windows-Security-Auditing","System.String[]","26/05/2024 00:18:47","26/05/2024 00:18:47",
"5061","DESKTOP-LUGE14R","System.Byte[]","SuccessAudit","Cryptographic operation.

Subject:
	Security ID:		S-1-5-21-776856091-2747213066-2907446845-1001
	Account Name:		Malaika
	Account Domain:		DESKTOP-LUGE14R
	Logon ID:		0x5c00c

Cryptographic Parameters:
	Provider Name:	Microsoft Software Key Storage Provider
	Algorithm Name:	RSA
	Key Name:	wpsSafeSandbox
	Key Type:	%%2500

Cryptographic Operation:
	Operation:	%%2480
	Return Code:	0x0","Microsoft-Windows-Security-Auditing","System.String[]","26/05/2024 00:18:46","26/05/2024 00:18:46",
"5058","DESKTOP-LUGE14R","System.Byte[]","SuccessAudit","Key file operation.

Subject:
	Security ID:		S-1-5-21-776856091-2747213066-2907446845-1001
	Account Name:		Malaika
	Account Domain:		DESKTOP-LUGE14R
	Logon ID:		0x5c00c

Process Information:
	Process ID:		18888
	Process Creation Time:	2024-05-25T19:18:46.7137422Z

Cryptographic Parameters:
	Provider Name:	Microsoft Software Key Storage Provider
	Algorithm Name:	UNKNOWN
	Key Name:	wpsSafeSandbox
	Key Type:	%%2500

Key File Operation Information:
	File Path:	C:\Users\Malaika\AppData\Roaming\Microsoft\Crypto\Keys\f2bde186477cad07308ede2988de2505_97d36971-95e1-4c96-9fca-423582ecc762
	Operation:	%%2458
	Return Code:	0x0","Microsoft-Windows-Security-Auditing","System.String[]","26/05/2024 00:18:46","26/05/2024 00:18:46",
"5061","DESKTOP-LUGE14R","System.Byte[]","SuccessAudit","Cryptographic operation.

Subject:
	Security ID:		S-1-5-21-776856091-2747213066-2907446845-1001
	Account Name:		Malaika
	Account Domain:		DESKTOP-LUGE14R
	Logon ID:		0x5c00c

Cryptographic Parameters:
	Provider Name:	Microsoft Software Key Storage Provider
	Algorithm Name:	RSA
	Key Name:	wpsSafeSandbox
	Key Type:	%%2500

Cryptographic Operation:
	Operation:	%%2480
	Return Code:	0x0","Microsoft-Windows-Security-Auditing","System.String[]","26/05/2024 00:18:46","26/05/2024 00:18:46",
"5058","DESKTOP-LUGE14R","System.Byte[]","SuccessAudit","Key file operation.

Subject:
	Security ID:		S-1-5-21-776856091-2747213066-2907446845-1001
	Account Name:		Malaika
	Account Domain:		DESKTOP-LUGE14R
	Logon ID:		0x5c00c

Process Information:
	Process ID:		18888
	Process Creation Time:	2024-05-25T19:18:46.7137422Z

Cryptographic Parameters:
	Provider Name:	Microsoft Software Key Storage Provider
	Algorithm Name:	UNKNOWN
	Key Name:	wpsSafeSandbox
	Key Type:	%%2500

Key File Operation Information:
	File Path:	C:\Users\Malaika\AppData\Roaming\Microsoft\Crypto\Keys\f2bde186477cad07308ede2988de2505_97d36971-95e1-4c96-9fca-423582ecc762
	Operation:	%%2458
	Return Code:	0x0","Microsoft-Windows-Security-Auditing","System.String[]","26/05/2024 00:18:46","26/05/2024 00:18:46",
"5061","DESKTOP-LUGE14R","System.Byte[]","SuccessAudit","Cryptographic operation.

Subject:
	Security ID:		S-1-5-21-776856091-2747213066-2907446845-1001
	Account Name:		Malaika
	Account Domain:		DESKTOP-LUGE14R
	Logon ID:		0x5c00c

Cryptographic Parameters:
	Provider Name:	Microsoft Software Key Storage Provider
	Algorithm Name:	RSA
	Key Name:	wpsSafeSandbox
	Key Type:	%%2500

Cryptographic Operation:
	Operation:	%%2480
	Return Code:	0x0","Microsoft-Windows-Security-Auditing","System.String[]","26/05/2024 00:18:45","26/05/2024 00:18:45",
"5058","DESKTOP-LUGE14R","System.Byte[]","SuccessAudit","Key file operation.

Subject:
	Security ID:		S-1-5-21-776856091-2747213066-2907446845-1001
	Account Name:		Malaika
	Account Domain:		DESKTOP-LUGE14R
	Logon ID:		0x5c00c

Process Information:
	Process ID:		6812
	Process Creation Time:	2024-05-25T19:18:45.0628186Z

Cryptographic Parameters:
	Provider Name:	Microsoft Software Key Storage Provider
	Algorithm Name:	UNKNOWN
	Key Name:	wpsSafeSandbox
	Key Type:	%%2500

Key File Operation Information:
	File Path:	C:\Users\Malaika\AppData\Roaming\Microsoft\Crypto\Keys\f2bde186477cad07308ede2988de2505_97d36971-95e1-4c96-9fca-423582ecc762
	Operation:	%%2458
	Return Code:	0x0","Microsoft-Windows-Security-Auditing","System.String[]","26/05/2024 00:18:45","26/05/2024 00:18:45",
"5061","DESKTOP-LUGE14R","System.Byte[]","SuccessAudit","Cryptographic operation.

Subject:
	Security ID:		S-1-5-21-776856091-2747213066-2907446845-1001
	Account Name:		Malaika
	Account Domain:		DESKTOP-LUGE14R
	Logon ID:		0x5c00c

Cryptographic Parameters:
	Provider Name:	Microsoft Software Key Storage Provider
	Algorithm Name:	RSA
	Key Name:	wpsSafeSandbox
	Key Type:	%%2500

Cryptographic Operation:
	Operation:	%%2480
	Return Code:	0x0","Microsoft-Windows-Security-Auditing","System.String[]","26/05/2024 00:18:45","26/05/2024 00:18:45",
"5058","DESKTOP-LUGE14R","System.Byte[]","SuccessAudit","Key file operation.

Subject:
	Security ID:		S-1-5-21-776856091-2747213066-2907446845-1001
	Account Name:		Malaika
	Account Domain:		DESKTOP-LUGE14R
	Logon ID:		0x5c00c

Process Information:
	Process ID:		6812
	Process Creation Time:	2024-05-25T19:18:45.0628186Z

Cryptographic Parameters:
	Provider Name:	Microsoft Software Key Storage Provider
	Algorithm Name:	UNKNOWN
	Key Name:	wpsSafeSandbox
	Key Type:	%%2500

Key File Operation Information:
	File Path:	C:\Users\Malaika\AppData\Roaming\Microsoft\Crypto\Keys\f2bde186477cad07308ede2988de2505_97d36971-95e1-4c96-9fca-423582ecc762
	Operation:	%%2458
	Return Code:	0x0","Microsoft-Windows-Security-Auditing","System.String[]","26/05/2024 00:18:45","26/05/2024 00:18:45",
"5061","DESKTOP-LUGE14R","System.Byte[]","SuccessAudit","Cryptographic operation.

Subject:
	Security ID:		S-1-5-21-776856091-2747213066-2907446845-1001
	Account Name:		Malaika
	Account Domain:		DESKTOP-LUGE14R
	Logon ID:		0x5c00c

Cryptographic Parameters:
	Provider Name:	Microsoft Software Key Storage Provider
	Algorithm Name:	RSA
	Key Name:	wpsSafeSandbox
	Key Type:	%%2500

Cryptographic Operation:
	Operation:	%%2480
	Return Code:	0x0","Microsoft-Windows-Security-Auditing","System.String[]","26/05/2024 00:18:45","26/05/2024 00:18:45",
"5058","DESKTOP-LUGE14R","System.Byte[]","SuccessAudit","Key file operation.

Subject:
	Security ID:		S-1-5-21-776856091-2747213066-2907446845-1001
	Account Name:		Malaika
	Account Domain:		DESKTOP-LUGE14R
	Logon ID:		0x5c00c

Process Information:
	Process ID:		6812
	Process Creation Time:	2024-05-25T19:18:45.0628186Z

Cryptographic Parameters:
	Provider Name:	Microsoft Software Key Storage Provider
	Algorithm Name:	UNKNOWN
	Key Name:	wpsSafeSandbox
	Key Type:	%%2500

Key File Operation Information:
	File Path:	C:\Users\Malaika\AppData\Roaming\Microsoft\Crypto\Keys\f2bde186477cad07308ede2988de2505_97d36971-95e1-4c96-9fca-423582ecc762
	Operation:	%%2458
	Return Code:	0x0","Microsoft-Windows-Security-Auditing","System.String[]","26/05/2024 00:18:45","26/05/2024 00:18:45",
"5061","DESKTOP-LUGE14R","System.Byte[]","SuccessAudit","Cryptographic operation.

Subject:
	Security ID:		S-1-5-21-776856091-2747213066-2907446845-1001
	Account Name:		Malaika
	Account Domain:		DESKTOP-LUGE14R
	Logon ID:		0x5c00c

Cryptographic Parameters:
	Provider Name:	Microsoft Software Key Storage Provider
	Algorithm Name:	RSA
	Key Name:	wpsSafeSandbox
	Key Type:	%%2500

Cryptographic Operation:
	Operation:	%%2480
	Return Code:	0x0","Microsoft-Windows-Security-Auditing","System.String[]","26/05/2024 00:18:45","26/05/2024 00:18:45",
"5058","DESKTOP-LUGE14R","System.Byte[]","SuccessAudit","Key file operation.

Subject:
	Security ID:		S-1-5-21-776856091-2747213066-2907446845-1001
	Account Name:		Malaika
	Account Domain:		DESKTOP-LUGE14R
	Logon ID:		0x5c00c

Process Information:
	Process ID:		6812
	Process Creation Time:	2024-05-25T19:18:45.0628186Z

Cryptographic Parameters:
	Provider Name:	Microsoft Software Key Storage Provider
	Algorithm Name:	UNKNOWN
	Key Name:	wpsSafeSandbox
	Key Type:	%%2500

Key File Operation Information:
	File Path:	C:\Users\Malaika\AppData\Roaming\Microsoft\Crypto\Keys\f2bde186477cad07308ede2988de2505_97d36971-95e1-4c96-9fca-423582ecc762
	Operation:	%%2458
	Return Code:	0x0","Microsoft-Windows-Security-Auditing","System.String[]","26/05/2024 00:18:45","26/05/2024 00:18:45",
"5061","DESKTOP-LUGE14R","System.Byte[]","SuccessAudit","Cryptographic operation.

Subject:
	Security ID:		S-1-5-21-776856091-2747213066-2907446845-1001
	Account Name:		Malaika
	Account Domain:		DESKTOP-LUGE14R
	Logon ID:		0x5c00c

Cryptographic Parameters:
	Provider Name:	Microsoft Software Key Storage Provider
	Algorithm Name:	RSA
	Key Name:	wpsSafeSandbox
	Key Type:	%%2500

Cryptographic Operation:
	Operation:	%%2480
	Return Code:	0x0","Microsoft-Windows-Security-Auditing","System.String[]","26/05/2024 00:18:29","26/05/2024 00:18:29",
"5058","DESKTOP-LUGE14R","System.Byte[]","SuccessAudit","Key file operation.

Subject:
	Security ID:		S-1-5-21-776856091-2747213066-2907446845-1001
	Account Name:		Malaika
	Account Domain:		DESKTOP-LUGE14R
	Logon ID:		0x5c00c

Process Information:
	Process ID:		11584
	Process Creation Time:	2024-05-25T19:18:28.5939873Z

Cryptographic Parameters:
	Provider Name:	Microsoft Software Key Storage Provider
	Algorithm Name:	UNKNOWN
	Key Name:	wpsSafeSandbox
	Key Type:	%%2500

Key File Operation Information:
	File Path:	C:\Users\Malaika\AppData\Roaming\Microsoft\Crypto\Keys\f2bde186477cad07308ede2988de2505_97d36971-95e1-4c96-9fca-423582ecc762
	Operation:	%%2458
	Return Code:	0x0","Microsoft-Windows-Security-Auditing","System.String[]","26/05/2024 00:18:29","26/05/2024 00:18:29",
"5061","DESKTOP-LUGE14R","System.Byte[]","SuccessAudit","Cryptographic operation.

Subject:
	Security ID:		S-1-5-21-776856091-2747213066-2907446845-1001
	Account Name:		Malaika
	Account Domain:		DESKTOP-LUGE14R
	Logon ID:		0x5c00c

Cryptographic Parameters:
	Provider Name:	Microsoft Software Key Storage Provider
	Algorithm Name:	RSA
	Key Name:	wpsSafeSandbox
	Key Type:	%%2500

Cryptographic Operation:
	Operation:	%%2480
	Return Code:	0x0","Microsoft-Windows-Security-Auditing","System.String[]","26/05/2024 00:18:29","26/05/2024 00:18:29",
"5058","DESKTOP-LUGE14R","System.Byte[]","SuccessAudit","Key file operation.

Subject:
	Security ID:		S-1-5-21-776856091-2747213066-2907446845-1001
	Account Name:		Malaika
	Account Domain:		DESKTOP-LUGE14R
	Logon ID:		0x5c00c

Process Information:
	Process ID:		11584
	Process Creation Time:	2024-05-25T19:18:28.5939873Z

Cryptographic Parameters:
	Provider Name:	Microsoft Software Key Storage Provider
	Algorithm Name:	UNKNOWN
	Key Name:	wpsSafeSandbox
	Key Type:	%%2500

Key File Operation Information:
	File Path:	C:\Users\Malaika\AppData\Roaming\Microsoft\Crypto\Keys\f2bde186477cad07308ede2988de2505_97d36971-95e1-4c96-9fca-423582ecc762
	Operation:	%%2458
	Return Code:	0x0","Microsoft-Windows-Security-Auditing","System.String[]","26/05/2024 00:18:29","26/05/2024 00:18:29",
"5061","DESKTOP-LUGE14R","System.Byte[]","SuccessAudit","Cryptographic operation.

Subject:
	Security ID:		S-1-5-21-776856091-2747213066-2907446845-1001
	Account Name:		Malaika
	Account Domain:		DESKTOP-LUGE14R
	Logon ID:		0x5c00c

Cryptographic Parameters:
	Provider Name:	Microsoft Software Key Storage Provider
	Algorithm Name:	RSA
	Key Name:	wpsSafeSandbox
	Key Type:	%%2500

Cryptographic Operation:
	Operation:	%%2480
	Return Code:	0x0","Microsoft-Windows-Security-Auditing","System.String[]","26/05/2024 00:18:28","26/05/2024 00:18:28",
"5058","DESKTOP-LUGE14R","System.Byte[]","SuccessAudit","Key file operation.

Subject:
	Security ID:		S-1-5-21-776856091-2747213066-2907446845-1001
	Account Name:		Malaika
	Account Domain:		DESKTOP-LUGE14R
	Logon ID:		0x5c00c

Process Information:
	Process ID:		11584
	Process Creation Time:	2024-05-25T19:18:28.5939873Z

Cryptographic Parameters:
	Provider Name:	Microsoft Software Key Storage Provider
	Algorithm Name:	UNKNOWN
	Key Name:	wpsSafeSandbox
	Key Type:	%%2500

Key File Operation Information:
	File Path:	C:\Users\Malaika\AppData\Roaming\Microsoft\Crypto\Keys\f2bde186477cad07308ede2988de2505_97d36971-95e1-4c96-9fca-423582ecc762
	Operation:	%%2458
	Return Code:	0x0","Microsoft-Windows-Security-Auditing","System.String[]","26/05/2024 00:18:28","26/05/2024 00:18:28",
"5061","DESKTOP-LUGE14R","System.Byte[]","SuccessAudit","Cryptographic operation.

Subject:
	Security ID:		S-1-5-21-776856091-2747213066-2907446845-1001
	Account Name:		Malaika
	Account Domain:		DESKTOP-LUGE14R
	Logon ID:		0x5c00c

Cryptographic Parameters:
	Provider Name:	Microsoft Software Key Storage Provider
	Algorithm Name:	RSA
	Key Name:	wpsSafeSandbox
	Key Type:	%%2500

Cryptographic Operation:
	Operation:	%%2480
	Return Code:	0x0","Microsoft-Windows-Security-Auditing","System.String[]","26/05/2024 00:18:28","26/05/2024 00:18:28",
"5058","DESKTOP-LUGE14R","System.Byte[]","SuccessAudit","Key file operation.

Subject:
	Security ID:		S-1-5-21-776856091-2747213066-2907446845-1001
	Account Name:		Malaika
	Account Domain:		DESKTOP-LUGE14R
	Logon ID:		0x5c00c

Process Information:
	Process ID:		11584
	Process Creation Time:	2024-05-25T19:18:28.5939873Z

Cryptographic Parameters:
	Provider Name:	Microsoft Software Key Storage Provider
	Algorithm Name:	UNKNOWN
	Key Name:	wpsSafeSandbox
	Key Type:	%%2500

Key File Operation Information:
	File Path:	C:\Users\Malaika\AppData\Roaming\Microsoft\Crypto\Keys\f2bde186477cad07308ede2988de2505_97d36971-95e1-4c96-9fca-423582ecc762
	Operation:	%%2458
	Return Code:	0x0","Microsoft-Windows-Security-Auditing","System.String[]","26/05/2024 00:18:28","26/05/2024 00:18:28",
"5061","DESKTOP-LUGE14R","System.Byte[]","SuccessAudit","Cryptographic operation.

Subject:
	Security ID:		S-1-5-21-776856091-2747213066-2907446845-1001
	Account Name:		Malaika
	Account Domain:		DESKTOP-LUGE14R
	Logon ID:		0x5c00c

Cryptographic Parameters:
	Provider Name:	Microsoft Software Key Storage Provider
	Algorithm Name:	RSA
	Key Name:	wpsSafeSandbox
	Key Type:	%%2500

Cryptographic Operation:
	Operation:	%%2480
	Return Code:	0x0","Microsoft-Windows-Security-Auditing","System.String[]","26/05/2024 00:18:28","26/05/2024 00:18:28",
"5058","DESKTOP-LUGE14R","System.Byte[]","SuccessAudit","Key file operation.

Subject:
	Security ID:		S-1-5-21-776856091-2747213066-2907446845-1001
	Account Name:		Malaika
	Account Domain:		DESKTOP-LUGE14R
	Logon ID:		0x5c00c

Process Information:
	Process ID:		11656
	Process Creation Time:	2024-05-25T19:18:27.6849162Z

Cryptographic Parameters:
	Provider Name:	Microsoft Software Key Storage Provider
	Algorithm Name:	UNKNOWN
	Key Name:	wpsSafeSandbox
	Key Type:	%%2500

Key File Operation Information:
	File Path:	C:\Users\Malaika\AppData\Roaming\Microsoft\Crypto\Keys\f2bde186477cad07308ede2988de2505_97d36971-95e1-4c96-9fca-423582ecc762
	Operation:	%%2458
	Return Code:	0x0","Microsoft-Windows-Security-Auditing","System.String[]","26/05/2024 00:18:28","26/05/2024 00:18:28",
"5061","DESKTOP-LUGE14R","System.Byte[]","SuccessAudit","Cryptographic operation.

Subject:
	Security ID:		S-1-5-21-776856091-2747213066-2907446845-1001
	Account Name:		Malaika
	Account Domain:		DESKTOP-LUGE14R
	Logon ID:		0x5c00c

Cryptographic Parameters:
	Provider Name:	Microsoft Software Key Storage Provider
	Algorithm Name:	RSA
	Key Name:	wpsSafeSandbox
	Key Type:	%%2500

Cryptographic Operation:
	Operation:	%%2480
	Return Code:	0x0","Microsoft-Windows-Security-Auditing","System.String[]","26/05/2024 00:18:28","26/05/2024 00:18:28",
"5058","DESKTOP-LUGE14R","System.Byte[]","SuccessAudit","Key file operation.

Subject:
	Security ID:		S-1-5-21-776856091-2747213066-2907446845-1001
	Account Name:		Malaika
	Account Domain:		DESKTOP-LUGE14R
	Logon ID:		0x5c00c

Process Information:
	Process ID:		11656
	Process Creation Time:	2024-05-25T19:18:27.6849162Z

Cryptographic Parameters:
	Provider Name:	Microsoft Software Key Storage Provider
	Algorithm Name:	UNKNOWN
	Key Name:	wpsSafeSandbox
	Key Type:	%%2500

Key File Operation Information:
	File Path:	C:\Users\Malaika\AppData\Roaming\Microsoft\Crypto\Keys\f2bde186477cad07308ede2988de2505_97d36971-95e1-4c96-9fca-423582ecc762
	Operation:	%%2458
	Return Code:	0x0","Microsoft-Windows-Security-Auditing","System.String[]","26/05/2024 00:18:28","26/05/2024 00:18:28",
"5061","DESKTOP-LUGE14R","System.Byte[]","SuccessAudit","Cryptographic operation.

Subject:
	Security ID:		S-1-5-21-776856091-2747213066-2907446845-1001
	Account Name:		Malaika
	Account Domain:		DESKTOP-LUGE14R
	Logon ID:		0x5c00c

Cryptographic Parameters:
	Provider Name:	Microsoft Software Key Storage Provider
	Algorithm Name:	RSA
	Key Name:	wpsSafeSandbox
	Key Type:	%%2500

Cryptographic Operation:
	Operation:	%%2480
	Return Code:	0x0","Microsoft-Windows-Security-Auditing","System.String[]","26/05/2024 00:18:28","26/05/2024 00:18:28",
"5058","DESKTOP-LUGE14R","System.Byte[]","SuccessAudit","Key file operation.

Subject:
	Security ID:		S-1-5-21-776856091-2747213066-2907446845-1001
	Account Name:		Malaika
	Account Domain:		DESKTOP-LUGE14R
	Logon ID:		0x5c00c

Process Information:
	Process ID:		11656
	Process Creation Time:	2024-05-25T19:18:27.6849162Z

Cryptographic Parameters:
	Provider Name:	Microsoft Software Key Storage Provider
	Algorithm Name:	UNKNOWN
	Key Name:	wpsSafeSandbox
	Key Type:	%%2500

Key File Operation Information:
	File Path:	C:\Users\Malaika\AppData\Roaming\Microsoft\Crypto\Keys\f2bde186477cad07308ede2988de2505_97d36971-95e1-4c96-9fca-423582ecc762
	Operation:	%%2458
	Return Code:	0x0","Microsoft-Windows-Security-Auditing","System.String[]","26/05/2024 00:18:28","26/05/2024 00:18:28",
"5061","DESKTOP-LUGE14R","System.Byte[]","SuccessAudit","Cryptographic operation.

Subject:
	Security ID:		S-1-5-21-776856091-2747213066-2907446845-1001
	Account Name:		Malaika
	Account Domain:		DESKTOP-LUGE14R
	Logon ID:		0x5c00c

Cryptographic Parameters:
	Provider Name:	Microsoft Software Key Storage Provider
	Algorithm Name:	RSA
	Key Name:	wpsSafeSandbox
	Key Type:	%%2500

Cryptographic Operation:
	Operation:	%%2480
	Return Code:	0x0","Microsoft-Windows-Security-Auditing","System.String[]","26/05/2024 00:18:27","26/05/2024 00:18:27",
"5058","DESKTOP-LUGE14R","System.Byte[]","SuccessAudit","Key file operation.

Subject:
	Security ID:		S-1-5-21-776856091-2747213066-2907446845-1001
	Account Name:		Malaika
	Account Domain:		DESKTOP-LUGE14R
	Logon ID:		0x5c00c

Process Information:
	Process ID:		11656
	Process Creation Time:	2024-05-25T19:18:27.6849162Z

Cryptographic Parameters:
	Provider Name:	Microsoft Software Key Storage Provider
	Algorithm Name:	UNKNOWN
	Key Name:	wpsSafeSandbox
	Key Type:	%%2500

Key File Operation Information:
	File Path:	C:\Users\Malaika\AppData\Roaming\Microsoft\Crypto\Keys\f2bde186477cad07308ede2988de2505_97d36971-95e1-4c96-9fca-423582ecc762
	Operation:	%%2458
	Return Code:	0x0","Microsoft-Windows-Security-Auditing","System.String[]","26/05/2024 00:18:27","26/05/2024 00:18:27",
"4672","DESKTOP-LUGE14R","System.Byte[]","SuccessAudit","Special privileges assigned to new logon.

Subject:
	Security ID:		S-1-5-18
	Account Name:		SYSTEM
	Account Domain:		NT AUTHORITY
	Logon ID:		0x3e7

Privileges:		SeAssignPrimaryTokenPrivilege
			SeTcbPrivilege
			SeSecurityPrivilege
			SeTakeOwnershipPrivilege
			SeLoadDriverPrivilege
			SeBackupPrivilege
			SeRestorePrivilege
			SeDebugPrivilege
			SeAuditPrivilege
			SeSystemEnvironmentPrivilege
			SeImpersonatePrivilege
			SeDelegateSessionUserImpersonatePrivilege","Microsoft-Windows-Security-Auditing","System.String[]","26/05/2024 00:18:23","26/05/2024 00:18:23",
"4624","DESKTOP-LUGE14R","System.Byte[]","SuccessAudit","An account was successfully logged on.

Subject:
	Security ID:		S-1-5-18
	Account Name:		DESKTOP-LUGE14R$
	Account Domain:		WORKGROUP
	Logon ID:		0x3e7

Logon Information:
	Logon Type:		5
	Restricted Admin Mode:	-
	Virtual Account:		%%1843
	Elevated Token:		%%1842

Impersonation Level:		%%1833

New Logon:
	Security ID:		S-1-5-18
	Account Name:		SYSTEM
	Account Domain:		NT AUTHORITY
	Logon ID:		0x3e7
	Linked Logon ID:		0x0
	Network Account Name:	-
	Network Account Domain:	-
	Logon GUID:		{00000000-0000-0000-0000-000000000000}

Process Information:
	Process ID:		0x368
	Process Name:		C:\Windows\System32\services.exe

Network Information:
	Workstation Name:	-
	Source Network Address:	-
	Source Port:		-

Detailed Authentication Information:
	Logon Process:		Advapi  
	Authentication Package:	Negotiate
	Transited Services:	-
	Package Name (NTLM only):	-
	Key Length:		0

This event is generated when a logon session is created. It is generated on the computer that was accessed.

The subject fields indicate the account on the local system which requested the logon. This is most commonly a service such as the Server service, or a local process such as Winlogon.exe or Services.exe.

The logon type field indicates the kind of logon that occurred. The most common types are 2 (interactive) and 3 (network).

The New Logon fields indicate the account for whom the new logon was created, i.e. the account that was logged on.

The network fields indicate where a remote logon request originated. Workstation name is not always available and may be left blank in some cases.

The impersonation level field indicates the extent to which a process in the logon session can impersonate.

The authentication information fields provide detailed information about this specific logon request.
	- Logon GUID is a unique identifier that can be used to correlate this event with a KDC event.
	- Transited services indicate which intermediate services have participated in this logon request.
	- Package name indicates which sub-protocol was used among the NTLM protocols.
	- Key length indicates the length of the generated session key. This will be 0 if no session key was requested.","Microsoft-Windows-Security-Auditing","System.String[]","26/05/2024 00:18:23","26/05/2024 00:18:23",
"5061","DESKTOP-LUGE14R","System.Byte[]","SuccessAudit","Cryptographic operation.

Subject:
	Security ID:		S-1-5-21-776856091-2747213066-2907446845-1001
	Account Name:		Malaika
	Account Domain:		DESKTOP-LUGE14R
	Logon ID:		0x5c00c

Cryptographic Parameters:
	Provider Name:	Microsoft Software Key Storage Provider
	Algorithm Name:	RSA
	Key Name:	wpsSafeSandbox
	Key Type:	%%2500

Cryptographic Operation:
	Operation:	%%2480
	Return Code:	0x0","Microsoft-Windows-Security-Auditing","System.String[]","26/05/2024 00:18:23","26/05/2024 00:18:23",
"5058","DESKTOP-LUGE14R","System.Byte[]","SuccessAudit","Key file operation.

Subject:
	Security ID:		S-1-5-21-776856091-2747213066-2907446845-1001
	Account Name:		Malaika
	Account Domain:		DESKTOP-LUGE14R
	Logon ID:		0x5c00c

Process Information:
	Process ID:		19068
	Process Creation Time:	2024-05-25T19:18:22.8171769Z

Cryptographic Parameters:
	Provider Name:	Microsoft Software Key Storage Provider
	Algorithm Name:	UNKNOWN
	Key Name:	wpsSafeSandbox
	Key Type:	%%2500

Key File Operation Information:
	File Path:	C:\Users\Malaika\AppData\Roaming\Microsoft\Crypto\Keys\f2bde186477cad07308ede2988de2505_97d36971-95e1-4c96-9fca-423582ecc762
	Operation:	%%2458
	Return Code:	0x0","Microsoft-Windows-Security-Auditing","System.String[]","26/05/2024 00:18:23","26/05/2024 00:18:23",
"5061","DESKTOP-LUGE14R","System.Byte[]","SuccessAudit","Cryptographic operation.

Subject:
	Security ID:		S-1-5-21-776856091-2747213066-2907446845-1001
	Account Name:		Malaika
	Account Domain:		DESKTOP-LUGE14R
	Logon ID:		0x5c00c

Cryptographic Parameters:
	Provider Name:	Microsoft Software Key Storage Provider
	Algorithm Name:	RSA
	Key Name:	wpsSafeSandbox
	Key Type:	%%2500

Cryptographic Operation:
	Operation:	%%2480
	Return Code:	0x0","Microsoft-Windows-Security-Auditing","System.String[]","26/05/2024 00:18:23","26/05/2024 00:18:23",
