"4624","DESKTOP-LUGE14R","System.Byte[]","SuccessAudit","An account was successfully logged on.

Subject:
	Security ID:		S-1-5-18
	Account Name:		DESKTOP-LUGE14R$
	Account Domain:		WORKGROUP
	Logon ID:		0x3e7

Logon Information:
	Logon Type:		5
	Restricted Admin Mode:	-
	Virtual Account:		%%1843
	Elevated Token:		%%1842

Impersonation Level:		%%1833

New Logon:
	Security ID:		S-1-5-18
	Account Name:		SYSTEM
	Account Domain:		NT AUTHORITY
	Logon ID:		0x3e7
	Linked Logon ID:		0x0
	Network Account Name:	-
	Network Account Domain:	-
	Logon GUID:		{00000000-0000-0000-0000-000000000000}

Process Information:
	Process ID:		0x360
	Process Name:		C:\Windows\System32\services.exe

Network Information:
	Workstation Name:	-
	Source Network Address:	-
	Source Port:		-

Detailed Authentication Information:
	Logon Process:		Advapi  
	Authentication Package:	Negotiate
	Transited Services:	-
	Package Name (NTLM only):	-
	Key Length:		0

This event is generated when a logon session is created. It is generated on the computer that was accessed.

The subject fields indicate the account on the local system which requested the logon. This is most commonly a service such as the Server service, or a local process such as Winlogon.exe or Services.exe.

The logon type field indicates the kind of logon that occurred. The most common types are 2 (interactive) and 3 (network).

The New Logon fields indicate the account for whom the new logon was created, i.e. the account that was logged on.

The network fields indicate where a remote logon request originated. Workstation name is not always available and may be left blank in some cases.

The impersonation level field indicates the extent to which a process in the logon session can impersonate.

The authentication information fields provide detailed information about this specific logon request.
	- Logon GUID is a unique identifier that can be used to correlate this event with a KDC event.
	- Transited services indicate which intermediate services have participated in this logon request.
	- Package name indicates which sub-protocol was used among the NTLM protocols.
	- Key length indicates the length of the generated session key. This will be 0 if no session key was requested.","Microsoft-Windows-Security-Auditing","System.String[]","18/05/2024 21:52:17","18/05/2024 21:52:17",
"4799","DESKTOP-LUGE14R","System.Byte[]","SuccessAudit","A security-enabled local group membership was enumerated.

Subject:
	Security ID:		S-1-5-18
	Account Name:		DESKTOP-LUGE14R$
	Account Domain:		WORKGROUP
	Logon ID:		0x3e7

Group:
	Security ID:		S-1-5-32-551
	Group Name:		Backup Operators
	Group Domain:		Builtin

Process Information:
	Process ID:		0x395c
	Process Name:		C:\Windows\System32\VSSVC.exe","Microsoft-Windows-Security-Auditing","System.String[]","18/05/2024 21:52:17","18/05/2024 21:52:17",
"4799","DESKTOP-LUGE14R","System.Byte[]","SuccessAudit","A security-enabled local group membership was enumerated.

Subject:
	Security ID:		S-1-5-18
	Account Name:		DESKTOP-LUGE14R$
	Account Domain:		WORKGROUP
	Logon ID:		0x3e7

Group:
	Security ID:		S-1-5-32-544
	Group Name:		Administrators
	Group Domain:		Builtin

Process Information:
	Process ID:		0x395c
	Process Name:		C:\Windows\System32\VSSVC.exe","Microsoft-Windows-Security-Auditing","System.String[]","18/05/2024 21:52:17","18/05/2024 21:52:17",
"4672","DESKTOP-LUGE14R","System.Byte[]","SuccessAudit","Special privileges assigned to new logon.

Subject:
	Security ID:		S-1-5-18
	Account Name:		SYSTEM
	Account Domain:		NT AUTHORITY
	Logon ID:		0x3e7

Privileges:		SeAssignPrimaryTokenPrivilege
			SeTcbPrivilege
			SeSecurityPrivilege
			SeTakeOwnershipPrivilege
			SeLoadDriverPrivilege
			SeBackupPrivilege
			SeRestorePrivilege
			SeDebugPrivilege
			SeAuditPrivilege
			SeSystemEnvironmentPrivilege
			SeImpersonatePrivilege
			SeDelegateSessionUserImpersonatePrivilege","Microsoft-Windows-Security-Auditing","System.String[]","18/05/2024 21:52:16","18/05/2024 21:52:16",
"4624","DESKTOP-LUGE14R","System.Byte[]","SuccessAudit","An account was successfully logged on.

Subject:
	Security ID:		S-1-5-18
	Account Name:		DESKTOP-LUGE14R$
	Account Domain:		WORKGROUP
	Logon ID:		0x3e7

Logon Information:
	Logon Type:		5
	Restricted Admin Mode:	-
	Virtual Account:		%%1843
	Elevated Token:		%%1842

Impersonation Level:		%%1833

New Logon:
	Security ID:		S-1-5-18
	Account Name:		SYSTEM
	Account Domain:		NT AUTHORITY
	Logon ID:		0x3e7
	Linked Logon ID:		0x0
	Network Account Name:	-
	Network Account Domain:	-
	Logon GUID:		{00000000-0000-0000-0000-000000000000}

Process Information:
	Process ID:		0x360
	Process Name:		C:\Windows\System32\services.exe

Network Information:
	Workstation Name:	-
	Source Network Address:	-
	Source Port:		-

Detailed Authentication Information:
	Logon Process:		Advapi  
	Authentication Package:	Negotiate
	Transited Services:	-
	Package Name (NTLM only):	-
	Key Length:		0

This event is generated when a logon session is created. It is generated on the computer that was accessed.

The subject fields indicate the account on the local system which requested the logon. This is most commonly a service such as the Server service, or a local process such as Winlogon.exe or Services.exe.

The logon type field indicates the kind of logon that occurred. The most common types are 2 (interactive) and 3 (network).

The New Logon fields indicate the account for whom the new logon was created, i.e. the account that was logged on.

The network fields indicate where a remote logon request originated. Workstation name is not always available and may be left blank in some cases.

The impersonation level field indicates the extent to which a process in the logon session can impersonate.

The authentication information fields provide detailed information about this specific logon request.
	- Logon GUID is a unique identifier that can be used to correlate this event with a KDC event.
	- Transited services indicate which intermediate services have participated in this logon request.
	- Package name indicates which sub-protocol was used among the NTLM protocols.
	- Key length indicates the length of the generated session key. This will be 0 if no session key was requested.","Microsoft-Windows-Security-Auditing","System.String[]","18/05/2024 21:52:16","18/05/2024 21:52:16",
"4672","DESKTOP-LUGE14R","System.Byte[]","SuccessAudit","Special privileges assigned to new logon.

Subject:
	Security ID:		S-1-5-18
	Account Name:		SYSTEM
	Account Domain:		NT AUTHORITY
	Logon ID:		0x3e7

Privileges:		SeAssignPrimaryTokenPrivilege
			SeTcbPrivilege
			SeSecurityPrivilege
			SeTakeOwnershipPrivilege
			SeLoadDriverPrivilege
			SeBackupPrivilege
			SeRestorePrivilege
			SeDebugPrivilege
			SeAuditPrivilege
			SeSystemEnvironmentPrivilege
			SeImpersonatePrivilege
			SeDelegateSessionUserImpersonatePrivilege","Microsoft-Windows-Security-Auditing","System.String[]","18/05/2024 21:52:15","18/05/2024 21:52:15",
"4624","DESKTOP-LUGE14R","System.Byte[]","SuccessAudit","An account was successfully logged on.

Subject:
	Security ID:		S-1-5-18
	Account Name:		DESKTOP-LUGE14R$
	Account Domain:		WORKGROUP
	Logon ID:		0x3e7

Logon Information:
	Logon Type:		5
	Restricted Admin Mode:	-
	Virtual Account:		%%1843
	Elevated Token:		%%1842

Impersonation Level:		%%1833

New Logon:
	Security ID:		S-1-5-18
	Account Name:		SYSTEM
	Account Domain:		NT AUTHORITY
	Logon ID:		0x3e7
	Linked Logon ID:		0x0
	Network Account Name:	-
	Network Account Domain:	-
	Logon GUID:		{00000000-0000-0000-0000-000000000000}

Process Information:
	Process ID:		0x360
	Process Name:		C:\Windows\System32\services.exe

Network Information:
	Workstation Name:	-
	Source Network Address:	-
	Source Port:		-

Detailed Authentication Information:
	Logon Process:		Advapi  
	Authentication Package:	Negotiate
	Transited Services:	-
	Package Name (NTLM only):	-
	Key Length:		0

This event is generated when a logon session is created. It is generated on the computer that was accessed.

The subject fields indicate the account on the local system which requested the logon. This is most commonly a service such as the Server service, or a local process such as Winlogon.exe or Services.exe.

The logon type field indicates the kind of logon that occurred. The most common types are 2 (interactive) and 3 (network).

The New Logon fields indicate the account for whom the new logon was created, i.e. the account that was logged on.

The network fields indicate where a remote logon request originated. Workstation name is not always available and may be left blank in some cases.

The impersonation level field indicates the extent to which a process in the logon session can impersonate.

The authentication information fields provide detailed information about this specific logon request.
	- Logon GUID is a unique identifier that can be used to correlate this event with a KDC event.
	- Transited services indicate which intermediate services have participated in this logon request.
	- Package name indicates which sub-protocol was used among the NTLM protocols.
	- Key length indicates the length of the generated session key. This will be 0 if no session key was requested.","Microsoft-Windows-Security-Auditing","System.String[]","18/05/2024 21:52:15","18/05/2024 21:52:15",
"4672","DESKTOP-LUGE14R","System.Byte[]","SuccessAudit","Special privileges assigned to new logon.

Subject:
	Security ID:		S-1-5-18
	Account Name:		SYSTEM
	Account Domain:		NT AUTHORITY
	Logon ID:		0x3e7

Privileges:		SeAssignPrimaryTokenPrivilege
			SeTcbPrivilege
			SeSecurityPrivilege
			SeTakeOwnershipPrivilege
			SeLoadDriverPrivilege
			SeBackupPrivilege
			SeRestorePrivilege
			SeDebugPrivilege
			SeAuditPrivilege
			SeSystemEnvironmentPrivilege
			SeImpersonatePrivilege
			SeDelegateSessionUserImpersonatePrivilege","Microsoft-Windows-Security-Auditing","System.String[]","18/05/2024 21:52:14","18/05/2024 21:52:14",
"4624","DESKTOP-LUGE14R","System.Byte[]","SuccessAudit","An account was successfully logged on.

Subject:
	Security ID:		S-1-5-18
	Account Name:		DESKTOP-LUGE14R$
	Account Domain:		WORKGROUP
	Logon ID:		0x3e7

Logon Information:
	Logon Type:		5
	Restricted Admin Mode:	-
	Virtual Account:		%%1843
	Elevated Token:		%%1842

Impersonation Level:		%%1833

New Logon:
	Security ID:		S-1-5-18
	Account Name:		SYSTEM
	Account Domain:		NT AUTHORITY
	Logon ID:		0x3e7
	Linked Logon ID:		0x0
	Network Account Name:	-
	Network Account Domain:	-
	Logon GUID:		{00000000-0000-0000-0000-000000000000}

Process Information:
	Process ID:		0x360
	Process Name:		C:\Windows\System32\services.exe

Network Information:
	Workstation Name:	-
	Source Network Address:	-
	Source Port:		-

Detailed Authentication Information:
	Logon Process:		Advapi  
	Authentication Package:	Negotiate
	Transited Services:	-
	Package Name (NTLM only):	-
	Key Length:		0

This event is generated when a logon session is created. It is generated on the computer that was accessed.

The subject fields indicate the account on the local system which requested the logon. This is most commonly a service such as the Server service, or a local process such as Winlogon.exe or Services.exe.

The logon type field indicates the kind of logon that occurred. The most common types are 2 (interactive) and 3 (network).

The New Logon fields indicate the account for whom the new logon was created, i.e. the account that was logged on.

The network fields indicate where a remote logon request originated. Workstation name is not always available and may be left blank in some cases.

The impersonation level field indicates the extent to which a process in the logon session can impersonate.

The authentication information fields provide detailed information about this specific logon request.
	- Logon GUID is a unique identifier that can be used to correlate this event with a KDC event.
	- Transited services indicate which intermediate services have participated in this logon request.
	- Package name indicates which sub-protocol was used among the NTLM protocols.
	- Key length indicates the length of the generated session key. This will be 0 if no session key was requested.","Microsoft-Windows-Security-Auditing","System.String[]","18/05/2024 21:52:14","18/05/2024 21:52:14",
"4672","DESKTOP-LUGE14R","System.Byte[]","SuccessAudit","Special privileges assigned to new logon.

Subject:
	Security ID:		S-1-5-18
	Account Name:		SYSTEM
	Account Domain:		NT AUTHORITY
	Logon ID:		0x3e7

Privileges:		SeAssignPrimaryTokenPrivilege
			SeTcbPrivilege
			SeSecurityPrivilege
			SeTakeOwnershipPrivilege
			SeLoadDriverPrivilege
			SeBackupPrivilege
			SeRestorePrivilege
			SeDebugPrivilege
			SeAuditPrivilege
			SeSystemEnvironmentPrivilege
			SeImpersonatePrivilege
			SeDelegateSessionUserImpersonatePrivilege","Microsoft-Windows-Security-Auditing","System.String[]","18/05/2024 21:52:14","18/05/2024 21:52:14",
"4624","DESKTOP-LUGE14R","System.Byte[]","SuccessAudit","An account was successfully logged on.

Subject:
	Security ID:		S-1-5-18
	Account Name:		DESKTOP-LUGE14R$
	Account Domain:		WORKGROUP
	Logon ID:		0x3e7

Logon Information:
	Logon Type:		5
	Restricted Admin Mode:	-
	Virtual Account:		%%1843
	Elevated Token:		%%1842

Impersonation Level:		%%1833

New Logon:
	Security ID:		S-1-5-18
	Account Name:		SYSTEM
	Account Domain:		NT AUTHORITY
	Logon ID:		0x3e7
	Linked Logon ID:		0x0
	Network Account Name:	-
	Network Account Domain:	-
	Logon GUID:		{00000000-0000-0000-0000-000000000000}

Process Information:
	Process ID:		0x360
	Process Name:		C:\Windows\System32\services.exe

Network Information:
	Workstation Name:	-
	Source Network Address:	-
	Source Port:		-

Detailed Authentication Information:
	Logon Process:		Advapi  
	Authentication Package:	Negotiate
	Transited Services:	-
	Package Name (NTLM only):	-
	Key Length:		0

This event is generated when a logon session is created. It is generated on the computer that was accessed.

The subject fields indicate the account on the local system which requested the logon. This is most commonly a service such as the Server service, or a local process such as Winlogon.exe or Services.exe.

The logon type field indicates the kind of logon that occurred. The most common types are 2 (interactive) and 3 (network).

The New Logon fields indicate the account for whom the new logon was created, i.e. the account that was logged on.

The network fields indicate where a remote logon request originated. Workstation name is not always available and may be left blank in some cases.

The impersonation level field indicates the extent to which a process in the logon session can impersonate.

The authentication information fields provide detailed information about this specific logon request.
	- Logon GUID is a unique identifier that can be used to correlate this event with a KDC event.
	- Transited services indicate which intermediate services have participated in this logon request.
	- Package name indicates which sub-protocol was used among the NTLM protocols.
	- Key length indicates the length of the generated session key. This will be 0 if no session key was requested.","Microsoft-Windows-Security-Auditing","System.String[]","18/05/2024 21:52:14","18/05/2024 21:52:14",
"5379","DESKTOP-LUGE14R","System.Byte[]","SuccessAudit","Credential Manager credentials were read.

Subject:
	Security ID:		S-1-5-18
	Account Name:		DESKTOP-LUGE14R$
	Account Domain:		WORKGROUP
	Logon ID:		0x3e7
	Read Operation:		%%8100

This event occurs when a user performs a read operation on stored credentials in Credential Manager.","Microsoft-Windows-Security-Auditing","System.String[]","18/05/2024 21:51:59","18/05/2024 21:51:59",
"5379","DESKTOP-LUGE14R","System.Byte[]","SuccessAudit","Credential Manager credentials were read.

Subject:
	Security ID:		S-1-5-18
	Account Name:		DESKTOP-LUGE14R$
	Account Domain:		WORKGROUP
	Logon ID:		0x3e7
	Read Operation:		%%8100

This event occurs when a user performs a read operation on stored credentials in Credential Manager.","Microsoft-Windows-Security-Auditing","System.String[]","18/05/2024 21:51:59","18/05/2024 21:51:59",
"5379","DESKTOP-LUGE14R","System.Byte[]","SuccessAudit","Credential Manager credentials were read.

Subject:
	Security ID:		S-1-5-18
	Account Name:		DESKTOP-LUGE14R$
	Account Domain:		WORKGROUP
	Logon ID:		0x3e7
	Read Operation:		%%8100

This event occurs when a user performs a read operation on stored credentials in Credential Manager.","Microsoft-Windows-Security-Auditing","System.String[]","18/05/2024 21:51:59","18/05/2024 21:51:59",
"5379","DESKTOP-LUGE14R","System.Byte[]","SuccessAudit","Credential Manager credentials were read.

Subject:
	Security ID:		S-1-5-18
	Account Name:		DESKTOP-LUGE14R$
	Account Domain:		WORKGROUP
	Logon ID:		0x3e7
	Read Operation:		%%8100

This event occurs when a user performs a read operation on stored credentials in Credential Manager.","Microsoft-Windows-Security-Auditing","System.String[]","18/05/2024 21:51:59","18/05/2024 21:51:59",
"5379","DESKTOP-LUGE14R","System.Byte[]","SuccessAudit","Credential Manager credentials were read.

Subject:
	Security ID:		S-1-5-21-776856091-2747213066-2907446845-1001
	Account Name:		Malaika
	Account Domain:		DESKTOP-LUGE14R
	Logon ID:		0xea5ed
	Read Operation:		%%8100

This event occurs when a user performs a read operation on stored credentials in Credential Manager.","Microsoft-Windows-Security-Auditing","System.String[]","18/05/2024 21:51:58","18/05/2024 21:51:58",
"5379","DESKTOP-LUGE14R","System.Byte[]","SuccessAudit","Credential Manager credentials were read.

Subject:
	Security ID:		S-1-5-21-776856091-2747213066-2907446845-1001
	Account Name:		Malaika
	Account Domain:		DESKTOP-LUGE14R
	Logon ID:		0xea5ed
	Read Operation:		%%8100

This event occurs when a user performs a read operation on stored credentials in Credential Manager.","Microsoft-Windows-Security-Auditing","System.String[]","18/05/2024 21:51:58","18/05/2024 21:51:58",
"5379","DESKTOP-LUGE14R","System.Byte[]","SuccessAudit","Credential Manager credentials were read.

Subject:
	Security ID:		S-1-5-21-776856091-2747213066-2907446845-1001
	Account Name:		Malaika
	Account Domain:		DESKTOP-LUGE14R
	Logon ID:		0xea5ed
	Read Operation:		%%8100

This event occurs when a user performs a read operation on stored credentials in Credential Manager.","Microsoft-Windows-Security-Auditing","System.String[]","18/05/2024 21:51:58","18/05/2024 21:51:58",
"5379","DESKTOP-LUGE14R","System.Byte[]","SuccessAudit","Credential Manager credentials were read.

Subject:
	Security ID:		S-1-5-21-776856091-2747213066-2907446845-1001
	Account Name:		Malaika
	Account Domain:		DESKTOP-LUGE14R
	Logon ID:		0xea5ed
	Read Operation:		%%8100

This event occurs when a user performs a read operation on stored credentials in Credential Manager.","Microsoft-Windows-Security-Auditing","System.String[]","18/05/2024 21:51:58","18/05/2024 21:51:58",
"5379","DESKTOP-LUGE14R","System.Byte[]","SuccessAudit","Credential Manager credentials were read.

Subject:
	Security ID:		S-1-5-21-776856091-2747213066-2907446845-1001
	Account Name:		Malaika
	Account Domain:		DESKTOP-LUGE14R
	Logon ID:		0xea5ed
	Read Operation:		%%8100

This event occurs when a user performs a read operation on stored credentials in Credential Manager.","Microsoft-Windows-Security-Auditing","System.String[]","18/05/2024 21:51:58","18/05/2024 21:51:58",
"5379","DESKTOP-LUGE14R","System.Byte[]","SuccessAudit","Credential Manager credentials were read.

Subject:
	Security ID:		S-1-5-21-776856091-2747213066-2907446845-1001
	Account Name:		Malaika
	Account Domain:		DESKTOP-LUGE14R
	Logon ID:		0xea5ed
	Read Operation:		%%8100

This event occurs when a user performs a read operation on stored credentials in Credential Manager.","Microsoft-Windows-Security-Auditing","System.String[]","18/05/2024 21:51:58","18/05/2024 21:51:58",
"5379","DESKTOP-LUGE14R","System.Byte[]","SuccessAudit","Credential Manager credentials were read.

Subject:
	Security ID:		S-1-5-18
	Account Name:		DESKTOP-LUGE14R$
	Account Domain:		WORKGROUP
	Logon ID:		0x3e7
	Read Operation:		%%8100

This event occurs when a user performs a read operation on stored credentials in Credential Manager.","Microsoft-Windows-Security-Auditing","System.String[]","18/05/2024 21:51:58","18/05/2024 21:51:58",
"5379","DESKTOP-LUGE14R","System.Byte[]","SuccessAudit","Credential Manager credentials were read.

Subject:
	Security ID:		S-1-5-18
	Account Name:		DESKTOP-LUGE14R$
	Account Domain:		WORKGROUP
	Logon ID:		0x3e7
	Read Operation:		%%8100

This event occurs when a user performs a read operation on stored credentials in Credential Manager.","Microsoft-Windows-Security-Auditing","System.String[]","18/05/2024 21:51:58","18/05/2024 21:51:58",
"5379","DESKTOP-LUGE14R","System.Byte[]","SuccessAudit","Credential Manager credentials were read.

Subject:
	Security ID:		S-1-5-18
	Account Name:		DESKTOP-LUGE14R$
	Account Domain:		WORKGROUP
	Logon ID:		0x3e7
	Read Operation:		%%8100

This event occurs when a user performs a read operation on stored credentials in Credential Manager.","Microsoft-Windows-Security-Auditing","System.String[]","18/05/2024 21:51:58","18/05/2024 21:51:58",
"5379","DESKTOP-LUGE14R","System.Byte[]","SuccessAudit","Credential Manager credentials were read.

Subject:
	Security ID:		S-1-5-18
	Account Name:		DESKTOP-LUGE14R$
	Account Domain:		WORKGROUP
	Logon ID:		0x3e7
	Read Operation:		%%8100

This event occurs when a user performs a read operation on stored credentials in Credential Manager.","Microsoft-Windows-Security-Auditing","System.String[]","18/05/2024 21:51:58","18/05/2024 21:51:58",
"5379","DESKTOP-LUGE14R","System.Byte[]","SuccessAudit","Credential Manager credentials were read.

Subject:
	Security ID:		S-1-5-18
	Account Name:		DESKTOP-LUGE14R$
	Account Domain:		WORKGROUP
	Logon ID:		0x3e7
	Read Operation:		%%8100

This event occurs when a user performs a read operation on stored credentials in Credential Manager.","Microsoft-Windows-Security-Auditing","System.String[]","18/05/2024 21:51:58","18/05/2024 21:51:58",
"5379","DESKTOP-LUGE14R","System.Byte[]","SuccessAudit","Credential Manager credentials were read.

Subject:
	Security ID:		S-1-5-18
	Account Name:		DESKTOP-LUGE14R$
	Account Domain:		WORKGROUP
	Logon ID:		0x3e7
	Read Operation:		%%8100

This event occurs when a user performs a read operation on stored credentials in Credential Manager.","Microsoft-Windows-Security-Auditing","System.String[]","18/05/2024 21:51:58","18/05/2024 21:51:58",
"4672","DESKTOP-LUGE14R","System.Byte[]","SuccessAudit","Special privileges assigned to new logon.

Subject:
	Security ID:		S-1-5-18
	Account Name:		SYSTEM
	Account Domain:		NT AUTHORITY
	Logon ID:		0x3e7

Privileges:		SeAssignPrimaryTokenPrivilege
			SeTcbPrivilege
			SeSecurityPrivilege
			SeTakeOwnershipPrivilege
			SeLoadDriverPrivilege
			SeBackupPrivilege
			SeRestorePrivilege
			SeDebugPrivilege
			SeAuditPrivilege
			SeSystemEnvironmentPrivilege
			SeImpersonatePrivilege
			SeDelegateSessionUserImpersonatePrivilege","Microsoft-Windows-Security-Auditing","System.String[]","18/05/2024 21:51:58","18/05/2024 21:51:58",
"4624","DESKTOP-LUGE14R","System.Byte[]","SuccessAudit","An account was successfully logged on.

Subject:
	Security ID:		S-1-5-18
	Account Name:		DESKTOP-LUGE14R$
	Account Domain:		WORKGROUP
	Logon ID:		0x3e7

Logon Information:
	Logon Type:		5
	Restricted Admin Mode:	-
	Virtual Account:		%%1843
	Elevated Token:		%%1842

Impersonation Level:		%%1833

New Logon:
	Security ID:		S-1-5-18
	Account Name:		SYSTEM
	Account Domain:		NT AUTHORITY
	Logon ID:		0x3e7
	Linked Logon ID:		0x0
	Network Account Name:	-
	Network Account Domain:	-
	Logon GUID:		{00000000-0000-0000-0000-000000000000}

Process Information:
	Process ID:		0x360
	Process Name:		C:\Windows\System32\services.exe

Network Information:
	Workstation Name:	-
	Source Network Address:	-
	Source Port:		-

Detailed Authentication Information:
	Logon Process:		Advapi  
	Authentication Package:	Negotiate
	Transited Services:	-
	Package Name (NTLM only):	-
	Key Length:		0

This event is generated when a logon session is created. It is generated on the computer that was accessed.

The subject fields indicate the account on the local system which requested the logon. This is most commonly a service such as the Server service, or a local process such as Winlogon.exe or Services.exe.

The logon type field indicates the kind of logon that occurred. The most common types are 2 (interactive) and 3 (network).

The New Logon fields indicate the account for whom the new logon was created, i.e. the account that was logged on.

The network fields indicate where a remote logon request originated. Workstation name is not always available and may be left blank in some cases.

The impersonation level field indicates the extent to which a process in the logon session can impersonate.

The authentication information fields provide detailed information about this specific logon request.
	- Logon GUID is a unique identifier that can be used to correlate this event with a KDC event.
	- Transited services indicate which intermediate services have participated in this logon request.
	- Package name indicates which sub-protocol was used among the NTLM protocols.
	- Key length indicates the length of the generated session key. This will be 0 if no session key was requested.","Microsoft-Windows-Security-Auditing","System.String[]","18/05/2024 21:51:58","18/05/2024 21:51:58",
"4672","DESKTOP-LUGE14R","System.Byte[]","SuccessAudit","Special privileges assigned to new logon.

Subject:
	Security ID:		S-1-5-18
	Account Name:		SYSTEM
	Account Domain:		NT AUTHORITY
	Logon ID:		0x3e7

Privileges:		SeAssignPrimaryTokenPrivilege
			SeTcbPrivilege
			SeSecurityPrivilege
			SeTakeOwnershipPrivilege
			SeLoadDriverPrivilege
			SeBackupPrivilege
			SeRestorePrivilege
			SeDebugPrivilege
			SeAuditPrivilege
			SeSystemEnvironmentPrivilege
			SeImpersonatePrivilege
			SeDelegateSessionUserImpersonatePrivilege","Microsoft-Windows-Security-Auditing","System.String[]","18/05/2024 21:46:59","18/05/2024 21:46:59",
"4624","DESKTOP-LUGE14R","System.Byte[]","SuccessAudit","An account was successfully logged on.

Subject:
	Security ID:		S-1-5-18
	Account Name:		DESKTOP-LUGE14R$
	Account Domain:		WORKGROUP
	Logon ID:		0x3e7

Logon Information:
	Logon Type:		5
	Restricted Admin Mode:	-
	Virtual Account:		%%1843
	Elevated Token:		%%1842

Impersonation Level:		%%1833

New Logon:
	Security ID:		S-1-5-18
	Account Name:		SYSTEM
	Account Domain:		NT AUTHORITY
	Logon ID:		0x3e7
	Linked Logon ID:		0x0
	Network Account Name:	-
	Network Account Domain:	-
	Logon GUID:		{00000000-0000-0000-0000-000000000000}

Process Information:
	Process ID:		0x360
	Process Name:		C:\Windows\System32\services.exe

Network Information:
	Workstation Name:	-
	Source Network Address:	-
	Source Port:		-

Detailed Authentication Information:
	Logon Process:		Advapi  
	Authentication Package:	Negotiate
	Transited Services:	-
	Package Name (NTLM only):	-
	Key Length:		0

This event is generated when a logon session is created. It is generated on the computer that was accessed.

The subject fields indicate the account on the local system which requested the logon. This is most commonly a service such as the Server service, or a local process such as Winlogon.exe or Services.exe.

The logon type field indicates the kind of logon that occurred. The most common types are 2 (interactive) and 3 (network).

The New Logon fields indicate the account for whom the new logon was created, i.e. the account that was logged on.

The network fields indicate where a remote logon request originated. Workstation name is not always available and may be left blank in some cases.

The impersonation level field indicates the extent to which a process in the logon session can impersonate.

The authentication information fields provide detailed information about this specific logon request.
	- Logon GUID is a unique identifier that can be used to correlate this event with a KDC event.
	- Transited services indicate which intermediate services have participated in this logon request.
	- Package name indicates which sub-protocol was used among the NTLM protocols.
	- Key length indicates the length of the generated session key. This will be 0 if no session key was requested.","Microsoft-Windows-Security-Auditing","System.String[]","18/05/2024 21:46:59","18/05/2024 21:46:59",
"4672","DESKTOP-LUGE14R","System.Byte[]","SuccessAudit","Special privileges assigned to new logon.

Subject:
	Security ID:		S-1-5-18
	Account Name:		SYSTEM
	Account Domain:		NT AUTHORITY
	Logon ID:		0x3e7

Privileges:		SeAssignPrimaryTokenPrivilege
			SeTcbPrivilege
			SeSecurityPrivilege
			SeTakeOwnershipPrivilege
			SeLoadDriverPrivilege
			SeBackupPrivilege
			SeRestorePrivilege
			SeDebugPrivilege
			SeAuditPrivilege
			SeSystemEnvironmentPrivilege
			SeImpersonatePrivilege
			SeDelegateSessionUserImpersonatePrivilege","Microsoft-Windows-Security-Auditing","System.String[]","18/05/2024 21:46:44","18/05/2024 21:46:44",
"4624","DESKTOP-LUGE14R","System.Byte[]","SuccessAudit","An account was successfully logged on.

Subject:
	Security ID:		S-1-5-18
	Account Name:		DESKTOP-LUGE14R$
	Account Domain:		WORKGROUP
	Logon ID:		0x3e7

Logon Information:
	Logon Type:		5
	Restricted Admin Mode:	-
	Virtual Account:		%%1843
	Elevated Token:		%%1842

Impersonation Level:		%%1833

New Logon:
	Security ID:		S-1-5-18
	Account Name:		SYSTEM
	Account Domain:		NT AUTHORITY
	Logon ID:		0x3e7
	Linked Logon ID:		0x0
	Network Account Name:	-
	Network Account Domain:	-
	Logon GUID:		{00000000-0000-0000-0000-000000000000}

Process Information:
	Process ID:		0x360
	Process Name:		C:\Windows\System32\services.exe

Network Information:
	Workstation Name:	-
	Source Network Address:	-
	Source Port:		-

Detailed Authentication Information:
	Logon Process:		Advapi  
	Authentication Package:	Negotiate
	Transited Services:	-
	Package Name (NTLM only):	-
	Key Length:		0

This event is generated when a logon session is created. It is generated on the computer that was accessed.

The subject fields indicate the account on the local system which requested the logon. This is most commonly a service such as the Server service, or a local process such as Winlogon.exe or Services.exe.

The logon type field indicates the kind of logon that occurred. The most common types are 2 (interactive) and 3 (network).

The New Logon fields indicate the account for whom the new logon was created, i.e. the account that was logged on.

The network fields indicate where a remote logon request originated. Workstation name is not always available and may be left blank in some cases.

The impersonation level field indicates the extent to which a process in the logon session can impersonate.

The authentication information fields provide detailed information about this specific logon request.
	- Logon GUID is a unique identifier that can be used to correlate this event with a KDC event.
	- Transited services indicate which intermediate services have participated in this logon request.
	- Package name indicates which sub-protocol was used among the NTLM protocols.
	- Key length indicates the length of the generated session key. This will be 0 if no session key was requested.","Microsoft-Windows-Security-Auditing","System.String[]","18/05/2024 21:46:44","18/05/2024 21:46:44",
"5379","DESKTOP-LUGE14R","System.Byte[]","SuccessAudit","Credential Manager credentials were read.

Subject:
	Security ID:		S-1-5-21-776856091-2747213066-2907446845-1001
	Account Name:		Malaika
	Account Domain:		DESKTOP-LUGE14R
	Logon ID:		0xea5ed
	Read Operation:		%%8099

This event occurs when a user performs a read operation on stored credentials in Credential Manager.","Microsoft-Windows-Security-Auditing","System.String[]","18/05/2024 21:46:36","18/05/2024 21:46:36",
"5379","DESKTOP-LUGE14R","System.Byte[]","SuccessAudit","Credential Manager credentials were read.

Subject:
	Security ID:		S-1-5-21-776856091-2747213066-2907446845-1001
	Account Name:		Malaika
	Account Domain:		DESKTOP-LUGE14R
	Logon ID:		0xea5ed
	Read Operation:		%%8099

This event occurs when a user performs a read operation on stored credentials in Credential Manager.","Microsoft-Windows-Security-Auditing","System.String[]","18/05/2024 21:46:36","18/05/2024 21:46:36",
"5379","DESKTOP-LUGE14R","System.Byte[]","SuccessAudit","Credential Manager credentials were read.

Subject:
	Security ID:		S-1-5-21-776856091-2747213066-2907446845-1001
	Account Name:		Malaika
	Account Domain:		DESKTOP-LUGE14R
	Logon ID:		0xea5ed
	Read Operation:		%%8099

This event occurs when a user performs a read operation on stored credentials in Credential Manager.","Microsoft-Windows-Security-Auditing","System.String[]","18/05/2024 21:46:36","18/05/2024 21:46:36",
"5379","DESKTOP-LUGE14R","System.Byte[]","SuccessAudit","Credential Manager credentials were read.

Subject:
	Security ID:		S-1-5-21-776856091-2747213066-2907446845-1001
	Account Name:		Malaika
	Account Domain:		DESKTOP-LUGE14R
	Logon ID:		0xea5ed
	Read Operation:		%%8099

This event occurs when a user performs a read operation on stored credentials in Credential Manager.","Microsoft-Windows-Security-Auditing","System.String[]","18/05/2024 21:46:36","18/05/2024 21:46:36",
"5379","DESKTOP-LUGE14R","System.Byte[]","SuccessAudit","Credential Manager credentials were read.

Subject:
	Security ID:		S-1-5-21-776856091-2747213066-2907446845-1001
	Account Name:		Malaika
	Account Domain:		DESKTOP-LUGE14R
	Logon ID:		0xea5ed
	Read Operation:		%%8099

This event occurs when a user performs a read operation on stored credentials in Credential Manager.","Microsoft-Windows-Security-Auditing","System.String[]","18/05/2024 21:46:36","18/05/2024 21:46:36",
"5379","DESKTOP-LUGE14R","System.Byte[]","SuccessAudit","Credential Manager credentials were read.

Subject:
	Security ID:		S-1-5-21-776856091-2747213066-2907446845-1001
	Account Name:		Malaika
	Account Domain:		DESKTOP-LUGE14R
	Logon ID:		0xea5ed
	Read Operation:		%%8099

This event occurs when a user performs a read operation on stored credentials in Credential Manager.","Microsoft-Windows-Security-Auditing","System.String[]","18/05/2024 21:46:36","18/05/2024 21:46:36",
"5379","DESKTOP-LUGE14R","System.Byte[]","SuccessAudit","Credential Manager credentials were read.

Subject:
	Security ID:		S-1-5-21-776856091-2747213066-2907446845-1001
	Account Name:		Malaika
	Account Domain:		DESKTOP-LUGE14R
	Logon ID:		0xea5ed
	Read Operation:		%%8099

This event occurs when a user performs a read operation on stored credentials in Credential Manager.","Microsoft-Windows-Security-Auditing","System.String[]","18/05/2024 21:46:36","18/05/2024 21:46:36",
"5379","DESKTOP-LUGE14R","System.Byte[]","SuccessAudit","Credential Manager credentials were read.

Subject:
	Security ID:		S-1-5-21-776856091-2747213066-2907446845-1001
	Account Name:		Malaika
	Account Domain:		DESKTOP-LUGE14R
	Logon ID:		0xea5ed
	Read Operation:		%%8099

This event occurs when a user performs a read operation on stored credentials in Credential Manager.","Microsoft-Windows-Security-Auditing","System.String[]","18/05/2024 21:46:36","18/05/2024 21:46:36",
"5379","DESKTOP-LUGE14R","System.Byte[]","SuccessAudit","Credential Manager credentials were read.

Subject:
	Security ID:		S-1-5-21-776856091-2747213066-2907446845-1001
	Account Name:		Malaika
	Account Domain:		DESKTOP-LUGE14R
	Logon ID:		0xea5ed
	Read Operation:		%%8099

This event occurs when a user performs a read operation on stored credentials in Credential Manager.","Microsoft-Windows-Security-Auditing","System.String[]","18/05/2024 21:46:36","18/05/2024 21:46:36",
"5379","DESKTOP-LUGE14R","System.Byte[]","SuccessAudit","Credential Manager credentials were read.

Subject:
	Security ID:		S-1-5-21-776856091-2747213066-2907446845-1001
	Account Name:		Malaika
	Account Domain:		DESKTOP-LUGE14R
	Logon ID:		0xea5ed
	Read Operation:		%%8099

This event occurs when a user performs a read operation on stored credentials in Credential Manager.","Microsoft-Windows-Security-Auditing","System.String[]","18/05/2024 21:40:51","18/05/2024 21:40:51",
"5379","DESKTOP-LUGE14R","System.Byte[]","SuccessAudit","Credential Manager credentials were read.

Subject:
	Security ID:		S-1-5-21-776856091-2747213066-2907446845-1001
	Account Name:		Malaika
	Account Domain:		DESKTOP-LUGE14R
	Logon ID:		0xea5ed
	Read Operation:		%%8099

This event occurs when a user performs a read operation on stored credentials in Credential Manager.","Microsoft-Windows-Security-Auditing","System.String[]","18/05/2024 21:40:51","18/05/2024 21:40:51",
"5379","DESKTOP-LUGE14R","System.Byte[]","SuccessAudit","Credential Manager credentials were read.

Subject:
	Security ID:		S-1-5-21-776856091-2747213066-2907446845-1001
	Account Name:		Malaika
	Account Domain:		DESKTOP-LUGE14R
	Logon ID:		0xea5ed
	Read Operation:		%%8099

This event occurs when a user performs a read operation on stored credentials in Credential Manager.","Microsoft-Windows-Security-Auditing","System.String[]","18/05/2024 21:40:51","18/05/2024 21:40:51",
"5379","DESKTOP-LUGE14R","System.Byte[]","SuccessAudit","Credential Manager credentials were read.

Subject:
	Security ID:		S-1-5-21-776856091-2747213066-2907446845-1001
	Account Name:		Malaika
	Account Domain:		DESKTOP-LUGE14R
	Logon ID:		0xea5ed
	Read Operation:		%%8099

This event occurs when a user performs a read operation on stored credentials in Credential Manager.","Microsoft-Windows-Security-Auditing","System.String[]","18/05/2024 21:40:51","18/05/2024 21:40:51",
"5379","DESKTOP-LUGE14R","System.Byte[]","SuccessAudit","Credential Manager credentials were read.

Subject:
	Security ID:		S-1-5-21-776856091-2747213066-2907446845-1001
	Account Name:		Malaika
	Account Domain:		DESKTOP-LUGE14R
	Logon ID:		0xea5ed
	Read Operation:		%%8099

This event occurs when a user performs a read operation on stored credentials in Credential Manager.","Microsoft-Windows-Security-Auditing","System.String[]","18/05/2024 21:40:51","18/05/2024 21:40:51",
"5379","DESKTOP-LUGE14R","System.Byte[]","SuccessAudit","Credential Manager credentials were read.

Subject:
	Security ID:		S-1-5-21-776856091-2747213066-2907446845-1001
	Account Name:		Malaika
	Account Domain:		DESKTOP-LUGE14R
	Logon ID:		0xea5ed
	Read Operation:		%%8099

This event occurs when a user performs a read operation on stored credentials in Credential Manager.","Microsoft-Windows-Security-Auditing","System.String[]","18/05/2024 21:40:51","18/05/2024 21:40:51",
"5379","DESKTOP-LUGE14R","System.Byte[]","SuccessAudit","Credential Manager credentials were read.

Subject:
	Security ID:		S-1-5-21-776856091-2747213066-2907446845-1001
	Account Name:		Malaika
	Account Domain:		DESKTOP-LUGE14R
	Logon ID:		0xea5ed
	Read Operation:		%%8099

This event occurs when a user performs a read operation on stored credentials in Credential Manager.","Microsoft-Windows-Security-Auditing","System.String[]","18/05/2024 21:40:51","18/05/2024 21:40:51",
"5379","DESKTOP-LUGE14R","System.Byte[]","SuccessAudit","Credential Manager credentials were read.

Subject:
	Security ID:		S-1-5-21-776856091-2747213066-2907446845-1001
	Account Name:		Malaika
	Account Domain:		DESKTOP-LUGE14R
	Logon ID:		0xea5ed
	Read Operation:		%%8099

This event occurs when a user performs a read operation on stored credentials in Credential Manager.","Microsoft-Windows-Security-Auditing","System.String[]","18/05/2024 21:40:51","18/05/2024 21:40:51",
"5379","DESKTOP-LUGE14R","System.Byte[]","SuccessAudit","Credential Manager credentials were read.

Subject:
	Security ID:		S-1-5-21-776856091-2747213066-2907446845-1001
	Account Name:		Malaika
	Account Domain:		DESKTOP-LUGE14R
	Logon ID:		0xea5ed
	Read Operation:		%%8099

This event occurs when a user performs a read operation on stored credentials in Credential Manager.","Microsoft-Windows-Security-Auditing","System.String[]","18/05/2024 21:40:51","18/05/2024 21:40:51",
"5379","DESKTOP-LUGE14R","System.Byte[]","SuccessAudit","Credential Manager credentials were read.

Subject:
	Security ID:		S-1-5-21-776856091-2747213066-2907446845-1001
	Account Name:		Malaika
	Account Domain:		DESKTOP-LUGE14R
	Logon ID:		0xea5ed
	Read Operation:		%%8099

This event occurs when a user performs a read operation on stored credentials in Credential Manager.","Microsoft-Windows-Security-Auditing","System.String[]","18/05/2024 21:40:38","18/05/2024 21:40:38",
"5379","DESKTOP-LUGE14R","System.Byte[]","SuccessAudit","Credential Manager credentials were read.

Subject:
	Security ID:		S-1-5-21-776856091-2747213066-2907446845-1001
	Account Name:		Malaika
	Account Domain:		DESKTOP-LUGE14R
	Logon ID:		0xea5ed
	Read Operation:		%%8099

This event occurs when a user performs a read operation on stored credentials in Credential Manager.","Microsoft-Windows-Security-Auditing","System.String[]","18/05/2024 21:40:38","18/05/2024 21:40:38",
"5379","DESKTOP-LUGE14R","System.Byte[]","SuccessAudit","Credential Manager credentials were read.

Subject:
	Security ID:		S-1-5-21-776856091-2747213066-2907446845-1001
	Account Name:		Malaika
	Account Domain:		DESKTOP-LUGE14R
	Logon ID:		0xea5ed
	Read Operation:		%%8099

This event occurs when a user performs a read operation on stored credentials in Credential Manager.","Microsoft-Windows-Security-Auditing","System.String[]","18/05/2024 21:40:38","18/05/2024 21:40:38",
"5379","DESKTOP-LUGE14R","System.Byte[]","SuccessAudit","Credential Manager credentials were read.

Subject:
	Security ID:		S-1-5-21-776856091-2747213066-2907446845-1001
	Account Name:		Malaika
	Account Domain:		DESKTOP-LUGE14R
	Logon ID:		0xea5ed
	Read Operation:		%%8099

This event occurs when a user performs a read operation on stored credentials in Credential Manager.","Microsoft-Windows-Security-Auditing","System.String[]","18/05/2024 21:40:38","18/05/2024 21:40:38",
"5379","DESKTOP-LUGE14R","System.Byte[]","SuccessAudit","Credential Manager credentials were read.

Subject:
	Security ID:		S-1-5-21-776856091-2747213066-2907446845-1001
	Account Name:		Malaika
	Account Domain:		DESKTOP-LUGE14R
	Logon ID:		0xea5ed
	Read Operation:		%%8099

This event occurs when a user performs a read operation on stored credentials in Credential Manager.","Microsoft-Windows-Security-Auditing","System.String[]","18/05/2024 21:40:38","18/05/2024 21:40:38",
"5379","DESKTOP-LUGE14R","System.Byte[]","SuccessAudit","Credential Manager credentials were read.

Subject:
	Security ID:		S-1-5-21-776856091-2747213066-2907446845-1001
	Account Name:		Malaika
	Account Domain:		DESKTOP-LUGE14R
	Logon ID:		0xea5ed
	Read Operation:		%%8099

This event occurs when a user performs a read operation on stored credentials in Credential Manager.","Microsoft-Windows-Security-Auditing","System.String[]","18/05/2024 21:40:38","18/05/2024 21:40:38",
"5379","DESKTOP-LUGE14R","System.Byte[]","SuccessAudit","Credential Manager credentials were read.

Subject:
	Security ID:		S-1-5-21-776856091-2747213066-2907446845-1001
	Account Name:		Malaika
	Account Domain:		DESKTOP-LUGE14R
	Logon ID:		0xea5ed
	Read Operation:		%%8099

This event occurs when a user performs a read operation on stored credentials in Credential Manager.","Microsoft-Windows-Security-Auditing","System.String[]","18/05/2024 21:40:38","18/05/2024 21:40:38",
"5379","DESKTOP-LUGE14R","System.Byte[]","SuccessAudit","Credential Manager credentials were read.

Subject:
	Security ID:		S-1-5-21-776856091-2747213066-2907446845-1001
	Account Name:		Malaika
	Account Domain:		DESKTOP-LUGE14R
	Logon ID:		0xea5ed
	Read Operation:		%%8099

This event occurs when a user performs a read operation on stored credentials in Credential Manager.","Microsoft-Windows-Security-Auditing","System.String[]","18/05/2024 21:40:38","18/05/2024 21:40:38",
"5379","DESKTOP-LUGE14R","System.Byte[]","SuccessAudit","Credential Manager credentials were read.

Subject:
	Security ID:		S-1-5-21-776856091-2747213066-2907446845-1001
	Account Name:		Malaika
	Account Domain:		DESKTOP-LUGE14R
	Logon ID:		0xea5ed
	Read Operation:		%%8099

This event occurs when a user performs a read operation on stored credentials in Credential Manager.","Microsoft-Windows-Security-Auditing","System.String[]","18/05/2024 21:40:38","18/05/2024 21:40:38",
"5379","DESKTOP-LUGE14R","System.Byte[]","SuccessAudit","Credential Manager credentials were read.

Subject:
	Security ID:		S-1-5-21-776856091-2747213066-2907446845-1001
	Account Name:		Malaika
	Account Domain:		DESKTOP-LUGE14R
	Logon ID:		0xea5ed
	Read Operation:		%%8099

This event occurs when a user performs a read operation on stored credentials in Credential Manager.","Microsoft-Windows-Security-Auditing","System.String[]","18/05/2024 21:40:30","18/05/2024 21:40:30",
"5379","DESKTOP-LUGE14R","System.Byte[]","SuccessAudit","Credential Manager credentials were read.

Subject:
	Security ID:		S-1-5-21-776856091-2747213066-2907446845-1001
	Account Name:		Malaika
	Account Domain:		DESKTOP-LUGE14R
	Logon ID:		0xea5ed
	Read Operation:		%%8099

This event occurs when a user performs a read operation on stored credentials in Credential Manager.","Microsoft-Windows-Security-Auditing","System.String[]","18/05/2024 21:40:30","18/05/2024 21:40:30",
"5379","DESKTOP-LUGE14R","System.Byte[]","SuccessAudit","Credential Manager credentials were read.

Subject:
	Security ID:		S-1-5-18
	Account Name:		DESKTOP-LUGE14R$
	Account Domain:		WORKGROUP
	Logon ID:		0x3e7
	Read Operation:		%%8100

This event occurs when a user performs a read operation on stored credentials in Credential Manager.","Microsoft-Windows-Security-Auditing","System.String[]","18/05/2024 21:40:02","18/05/2024 21:40:02",
"5379","DESKTOP-LUGE14R","System.Byte[]","SuccessAudit","Credential Manager credentials were read.

Subject:
	Security ID:		S-1-5-18
	Account Name:		DESKTOP-LUGE14R$
	Account Domain:		WORKGROUP
	Logon ID:		0x3e7
	Read Operation:		%%8100

This event occurs when a user performs a read operation on stored credentials in Credential Manager.","Microsoft-Windows-Security-Auditing","System.String[]","18/05/2024 21:40:02","18/05/2024 21:40:02",
"5379","DESKTOP-LUGE14R","System.Byte[]","SuccessAudit","Credential Manager credentials were read.

Subject:
	Security ID:		S-1-5-18
	Account Name:		DESKTOP-LUGE14R$
	Account Domain:		WORKGROUP
	Logon ID:		0x3e7
	Read Operation:		%%8100

This event occurs when a user performs a read operation on stored credentials in Credential Manager.","Microsoft-Windows-Security-Auditing","System.String[]","18/05/2024 21:40:02","18/05/2024 21:40:02",
"5379","DESKTOP-LUGE14R","System.Byte[]","SuccessAudit","Credential Manager credentials were read.

Subject:
	Security ID:		S-1-5-18
	Account Name:		DESKTOP-LUGE14R$
	Account Domain:		WORKGROUP
	Logon ID:		0x3e7
	Read Operation:		%%8100

This event occurs when a user performs a read operation on stored credentials in Credential Manager.","Microsoft-Windows-Security-Auditing","System.String[]","18/05/2024 21:40:02","18/05/2024 21:40:02",
"5379","DESKTOP-LUGE14R","System.Byte[]","SuccessAudit","Credential Manager credentials were read.

Subject:
	Security ID:		S-1-5-18
	Account Name:		DESKTOP-LUGE14R$
	Account Domain:		WORKGROUP
	Logon ID:		0x3e7
	Read Operation:		%%8100

This event occurs when a user performs a read operation on stored credentials in Credential Manager.","Microsoft-Windows-Security-Auditing","System.String[]","18/05/2024 21:40:01","18/05/2024 21:40:01",
"5379","DESKTOP-LUGE14R","System.Byte[]","SuccessAudit","Credential Manager credentials were read.

Subject:
	Security ID:		S-1-5-18
	Account Name:		DESKTOP-LUGE14R$
	Account Domain:		WORKGROUP
	Logon ID:		0x3e7
	Read Operation:		%%8100

This event occurs when a user performs a read operation on stored credentials in Credential Manager.","Microsoft-Windows-Security-Auditing","System.String[]","18/05/2024 21:40:01","18/05/2024 21:40:01",
"5379","DESKTOP-LUGE14R","System.Byte[]","SuccessAudit","Credential Manager credentials were read.

Subject:
	Security ID:		S-1-5-18
	Account Name:		DESKTOP-LUGE14R$
	Account Domain:		WORKGROUP
	Logon ID:		0x3e7
	Read Operation:		%%8100

This event occurs when a user performs a read operation on stored credentials in Credential Manager.","Microsoft-Windows-Security-Auditing","System.String[]","18/05/2024 21:40:01","18/05/2024 21:40:01",
