"EventID","MachineName","Data","EntryType","Message","Source","ReplacementStrings","TimeGenerated","TimeWritten","UserName"
"5061","DESKTOP-LUGE14R","System.Byte[]","SuccessAudit","Cryptographic operation.

Subject:
	Security ID:		S-1-5-21-776856091-2747213066-2907446845-1001
	Account Name:		Malaika
	Account Domain:		DESKTOP-LUGE14R
	Logon ID:		0xea5ed

Cryptographic Parameters:
	Provider Name:	Microsoft Software Key Storage Provider
	Algorithm Name:	RSA
	Key Name:	wpsSafeSandbox
	Key Type:	%%2500

Cryptographic Operation:
	Operation:	%%2480
	Return Code:	0x0","Microsoft-Windows-Security-Auditing","System.String[]","18/05/2024 22:29:31","18/05/2024 22:29:31",
"5058","DESKTOP-LUGE14R","System.Byte[]","SuccessAudit","Key file operation.

Subject:
	Security ID:		S-1-5-21-776856091-2747213066-2907446845-1001
	Account Name:		Malaika
	Account Domain:		DESKTOP-LUGE14R
	Logon ID:		0xea5ed

Process Information:
	Process ID:		10128
	Process Creation Time:	2024-05-18T17:29:31.1618231Z

Cryptographic Parameters:
	Provider Name:	Microsoft Software Key Storage Provider
	Algorithm Name:	UNKNOWN
	Key Name:	wpsSafeSandbox
	Key Type:	%%2500

Key File Operation Information:
	File Path:	C:\Users\Malaika\AppData\Roaming\Microsoft\Crypto\Keys\f2bde186477cad07308ede2988de2505_97d36971-95e1-4c96-9fca-423582ecc762
	Operation:	%%2458
	Return Code:	0x0","Microsoft-Windows-Security-Auditing","System.String[]","18/05/2024 22:29:31","18/05/2024 22:29:31",
"5061","DESKTOP-LUGE14R","System.Byte[]","SuccessAudit","Cryptographic operation.

Subject:
	Security ID:		S-1-5-21-776856091-2747213066-2907446845-1001
	Account Name:		Malaika
	Account Domain:		DESKTOP-LUGE14R
	Logon ID:		0xea5ed

Cryptographic Parameters:
	Provider Name:	Microsoft Software Key Storage Provider
	Algorithm Name:	RSA
	Key Name:	wpsSafeSandbox
	Key Type:	%%2500

Cryptographic Operation:
	Operation:	%%2480
	Return Code:	0x0","Microsoft-Windows-Security-Auditing","System.String[]","18/05/2024 22:29:31","18/05/2024 22:29:31",
"5058","DESKTOP-LUGE14R","System.Byte[]","SuccessAudit","Key file operation.

Subject:
	Security ID:		S-1-5-21-776856091-2747213066-2907446845-1001
	Account Name:		Malaika
	Account Domain:		DESKTOP-LUGE14R
	Logon ID:		0xea5ed

Process Information:
	Process ID:		10128
	Process Creation Time:	2024-05-18T17:29:31.1618231Z

Cryptographic Parameters:
	Provider Name:	Microsoft Software Key Storage Provider
	Algorithm Name:	UNKNOWN
	Key Name:	wpsSafeSandbox
	Key Type:	%%2500

Key File Operation Information:
	File Path:	C:\Users\Malaika\AppData\Roaming\Microsoft\Crypto\Keys\f2bde186477cad07308ede2988de2505_97d36971-95e1-4c96-9fca-423582ecc762
	Operation:	%%2458
	Return Code:	0x0","Microsoft-Windows-Security-Auditing","System.String[]","18/05/2024 22:29:31","18/05/2024 22:29:31",
"5061","DESKTOP-LUGE14R","System.Byte[]","SuccessAudit","Cryptographic operation.

Subject:
	Security ID:		S-1-5-21-776856091-2747213066-2907446845-1001
	Account Name:		Malaika
	Account Domain:		DESKTOP-LUGE14R
	Logon ID:		0xea5ed

Cryptographic Parameters:
	Provider Name:	Microsoft Software Key Storage Provider
	Algorithm Name:	RSA
	Key Name:	wpsSafeSandbox
	Key Type:	%%2500

Cryptographic Operation:
	Operation:	%%2480
	Return Code:	0x0","Microsoft-Windows-Security-Auditing","System.String[]","18/05/2024 22:29:31","18/05/2024 22:29:31",
"5058","DESKTOP-LUGE14R","System.Byte[]","SuccessAudit","Key file operation.

Subject:
	Security ID:		S-1-5-21-776856091-2747213066-2907446845-1001
	Account Name:		Malaika
	Account Domain:		DESKTOP-LUGE14R
	Logon ID:		0xea5ed

Process Information:
	Process ID:		10128
	Process Creation Time:	2024-05-18T17:29:31.1618231Z

Cryptographic Parameters:
	Provider Name:	Microsoft Software Key Storage Provider
	Algorithm Name:	UNKNOWN
	Key Name:	wpsSafeSandbox
	Key Type:	%%2500

Key File Operation Information:
	File Path:	C:\Users\Malaika\AppData\Roaming\Microsoft\Crypto\Keys\f2bde186477cad07308ede2988de2505_97d36971-95e1-4c96-9fca-423582ecc762
	Operation:	%%2458
	Return Code:	0x0","Microsoft-Windows-Security-Auditing","System.String[]","18/05/2024 22:29:31","18/05/2024 22:29:31",
"4672","DESKTOP-LUGE14R","System.Byte[]","SuccessAudit","Special privileges assigned to new logon.

Subject:
	Security ID:		S-1-5-18
	Account Name:		SYSTEM
	Account Domain:		NT AUTHORITY
	Logon ID:		0x3e7

Privileges:		SeAssignPrimaryTokenPrivilege
			SeTcbPrivilege
			SeSecurityPrivilege
			SeTakeOwnershipPrivilege
			SeLoadDriverPrivilege
			SeBackupPrivilege
			SeRestorePrivilege
			SeDebugPrivilege
			SeAuditPrivilege
			SeSystemEnvironmentPrivilege
			SeImpersonatePrivilege
			SeDelegateSessionUserImpersonatePrivilege","Microsoft-Windows-Security-Auditing","System.String[]","18/05/2024 22:27:26","18/05/2024 22:27:26",
"4624","DESKTOP-LUGE14R","System.Byte[]","SuccessAudit","An account was successfully logged on.

Subject:
	Security ID:		S-1-5-18
	Account Name:		DESKTOP-LUGE14R$
	Account Domain:		WORKGROUP
	Logon ID:		0x3e7

Logon Information:
	Logon Type:		5
	Restricted Admin Mode:	-
	Virtual Account:		%%1843
	Elevated Token:		%%1842

Impersonation Level:		%%1833

New Logon:
	Security ID:		S-1-5-18
	Account Name:		SYSTEM
	Account Domain:		NT AUTHORITY
	Logon ID:		0x3e7
	Linked Logon ID:		0x0
	Network Account Name:	-
	Network Account Domain:	-
	Logon GUID:		{00000000-0000-0000-0000-000000000000}

Process Information:
	Process ID:		0x360
	Process Name:		C:\Windows\System32\services.exe

Network Information:
	Workstation Name:	-
	Source Network Address:	-
	Source Port:		-

Detailed Authentication Information:
	Logon Process:		Advapi  
	Authentication Package:	Negotiate
	Transited Services:	-
	Package Name (NTLM only):	-
	Key Length:		0

This event is generated when a logon session is created. It is generated on the computer that was accessed.

The subject fields indicate the account on the local system which requested the logon. This is most commonly a service such as the Server service, or a local process such as Winlogon.exe or Services.exe.

The logon type field indicates the kind of logon that occurred. The most common types are 2 (interactive) and 3 (network).

The New Logon fields indicate the account for whom the new logon was created, i.e. the account that was logged on.

The network fields indicate where a remote logon request originated. Workstation name is not always available and may be left blank in some cases.

The impersonation level field indicates the extent to which a process in the logon session can impersonate.

The authentication information fields provide detailed information about this specific logon request.
	- Logon GUID is a unique identifier that can be used to correlate this event with a KDC event.
	- Transited services indicate which intermediate services have participated in this logon request.
	- Package name indicates which sub-protocol was used among the NTLM protocols.
	- Key length indicates the length of the generated session key. This will be 0 if no session key was requested.","Microsoft-Windows-Security-Auditing","System.String[]","18/05/2024 22:27:26","18/05/2024 22:27:26",
"4672","DESKTOP-LUGE14R","System.Byte[]","SuccessAudit","Special privileges assigned to new logon.

Subject:
	Security ID:		S-1-5-18
	Account Name:		SYSTEM
	Account Domain:		NT AUTHORITY
	Logon ID:		0x3e7

Privileges:		SeAssignPrimaryTokenPrivilege
			SeTcbPrivilege
			SeSecurityPrivilege
			SeTakeOwnershipPrivilege
			SeLoadDriverPrivilege
			SeBackupPrivilege
			SeRestorePrivilege
			SeDebugPrivilege
			SeAuditPrivilege
			SeSystemEnvironmentPrivilege
			SeImpersonatePrivilege
			SeDelegateSessionUserImpersonatePrivilege","Microsoft-Windows-Security-Auditing","System.String[]","18/05/2024 22:27:26","18/05/2024 22:27:26",
"4624","DESKTOP-LUGE14R","System.Byte[]","SuccessAudit","An account was successfully logged on.

Subject:
	Security ID:		S-1-5-18
	Account Name:		DESKTOP-LUGE14R$
	Account Domain:		WORKGROUP
	Logon ID:		0x3e7

Logon Information:
	Logon Type:		5
	Restricted Admin Mode:	-
	Virtual Account:		%%1843
	Elevated Token:		%%1842

Impersonation Level:		%%1833

New Logon:
	Security ID:		S-1-5-18
	Account Name:		SYSTEM
	Account Domain:		NT AUTHORITY
	Logon ID:		0x3e7
	Linked Logon ID:		0x0
	Network Account Name:	-
	Network Account Domain:	-
	Logon GUID:		{00000000-0000-0000-0000-000000000000}

Process Information:
	Process ID:		0x360
	Process Name:		C:\Windows\System32\services.exe

Network Information:
	Workstation Name:	-
	Source Network Address:	-
	Source Port:		-

Detailed Authentication Information:
	Logon Process:		Advapi  
	Authentication Package:	Negotiate
	Transited Services:	-
	Package Name (NTLM only):	-
	Key Length:		0

This event is generated when a logon session is created. It is generated on the computer that was accessed.

The subject fields indicate the account on the local system which requested the logon. This is most commonly a service such as the Server service, or a local process such as Winlogon.exe or Services.exe.

The logon type field indicates the kind of logon that occurred. The most common types are 2 (interactive) and 3 (network).

The New Logon fields indicate the account for whom the new logon was created, i.e. the account that was logged on.

The network fields indicate where a remote logon request originated. Workstation name is not always available and may be left blank in some cases.

The impersonation level field indicates the extent to which a process in the logon session can impersonate.

The authentication information fields provide detailed information about this specific logon request.
	- Logon GUID is a unique identifier that can be used to correlate this event with a KDC event.
	- Transited services indicate which intermediate services have participated in this logon request.
	- Package name indicates which sub-protocol was used among the NTLM protocols.
	- Key length indicates the length of the generated session key. This will be 0 if no session key was requested.","Microsoft-Windows-Security-Auditing","System.String[]","18/05/2024 22:27:26","18/05/2024 22:27:26",
"4672","DESKTOP-LUGE14R","System.Byte[]","SuccessAudit","Special privileges assigned to new logon.

Subject:
	Security ID:		S-1-5-18
	Account Name:		SYSTEM
	Account Domain:		NT AUTHORITY
	Logon ID:		0x3e7

Privileges:		SeAssignPrimaryTokenPrivilege
			SeTcbPrivilege
			SeSecurityPrivilege
			SeTakeOwnershipPrivilege
			SeLoadDriverPrivilege
			SeBackupPrivilege
			SeRestorePrivilege
			SeDebugPrivilege
			SeAuditPrivilege
			SeSystemEnvironmentPrivilege
			SeImpersonatePrivilege
			SeDelegateSessionUserImpersonatePrivilege","Microsoft-Windows-Security-Auditing","System.String[]","18/05/2024 22:27:26","18/05/2024 22:27:26",
"4624","DESKTOP-LUGE14R","System.Byte[]","SuccessAudit","An account was successfully logged on.

Subject:
	Security ID:		S-1-5-18
	Account Name:		DESKTOP-LUGE14R$
	Account Domain:		WORKGROUP
	Logon ID:		0x3e7

Logon Information:
	Logon Type:		5
	Restricted Admin Mode:	-
	Virtual Account:		%%1843
	Elevated Token:		%%1842

Impersonation Level:		%%1833

New Logon:
	Security ID:		S-1-5-18
	Account Name:		SYSTEM
	Account Domain:		NT AUTHORITY
	Logon ID:		0x3e7
	Linked Logon ID:		0x0
	Network Account Name:	-
	Network Account Domain:	-
	Logon GUID:		{00000000-0000-0000-0000-000000000000}

Process Information:
	Process ID:		0x360
	Process Name:		C:\Windows\System32\services.exe

Network Information:
	Workstation Name:	-
	Source Network Address:	-
	Source Port:		-

Detailed Authentication Information:
	Logon Process:		Advapi  
	Authentication Package:	Negotiate
	Transited Services:	-
	Package Name (NTLM only):	-
	Key Length:		0

This event is generated when a logon session is created. It is generated on the computer that was accessed.

The subject fields indicate the account on the local system which requested the logon. This is most commonly a service such as the Server service, or a local process such as Winlogon.exe or Services.exe.

The logon type field indicates the kind of logon that occurred. The most common types are 2 (interactive) and 3 (network).

The New Logon fields indicate the account for whom the new logon was created, i.e. the account that was logged on.

The network fields indicate where a remote logon request originated. Workstation name is not always available and may be left blank in some cases.

The impersonation level field indicates the extent to which a process in the logon session can impersonate.

The authentication information fields provide detailed information about this specific logon request.
	- Logon GUID is a unique identifier that can be used to correlate this event with a KDC event.
	- Transited services indicate which intermediate services have participated in this logon request.
	- Package name indicates which sub-protocol was used among the NTLM protocols.
	- Key length indicates the length of the generated session key. This will be 0 if no session key was requested.","Microsoft-Windows-Security-Auditing","System.String[]","18/05/2024 22:27:26","18/05/2024 22:27:26",
"4634","DESKTOP-LUGE14R","System.Byte[]","SuccessAudit","An account was logged off.

Subject:
	Security ID:		S-1-5-21-776856091-2747213066-2907446845-1001
	Account Name:		Malaika
	Account Domain:		DESKTOP-LUGE14R
	Logon ID:		0x3cc4f34

Logon Type:			2

This event is generated when a logon session is destroyed. It may be positively correlated with a logon event using the Logon ID value. Logon IDs are only unique between reboots on the same computer.","Microsoft-Windows-Security-Auditing","System.String[]","18/05/2024 22:23:03","18/05/2024 22:23:03",
"4634","DESKTOP-LUGE14R","System.Byte[]","SuccessAudit","An account was logged off.

Subject:
	Security ID:		S-1-5-21-776856091-2747213066-2907446845-1001
	Account Name:		Malaika
	Account Domain:		DESKTOP-LUGE14R
	Logon ID:		0x3cc4f5b

Logon Type:			2

This event is generated when a logon session is destroyed. It may be positively correlated with a logon event using the Logon ID value. Logon IDs are only unique between reboots on the same computer.","Microsoft-Windows-Security-Auditing","System.String[]","18/05/2024 22:23:03","18/05/2024 22:23:03",
"4672","DESKTOP-LUGE14R","System.Byte[]","SuccessAudit","Special privileges assigned to new logon.

Subject:
	Security ID:		S-1-5-21-776856091-2747213066-2907446845-1001
	Account Name:		Malaika
	Account Domain:		DESKTOP-LUGE14R
	Logon ID:		0x3cc4f34

Privileges:		SeSecurityPrivilege
			SeTakeOwnershipPrivilege
			SeLoadDriverPrivilege
			SeBackupPrivilege
			SeRestorePrivilege
			SeDebugPrivilege
			SeSystemEnvironmentPrivilege
			SeImpersonatePrivilege
			SeDelegateSessionUserImpersonatePrivilege","Microsoft-Windows-Security-Auditing","System.String[]","18/05/2024 22:23:03","18/05/2024 22:23:03",
"4624","DESKTOP-LUGE14R","System.Byte[]","SuccessAudit","An account was successfully logged on.

Subject:
	Security ID:		S-1-5-18
	Account Name:		DESKTOP-LUGE14R$
	Account Domain:		WORKGROUP
	Logon ID:		0x3e7

Logon Information:
	Logon Type:		2
	Restricted Admin Mode:	-
	Virtual Account:		%%1843
	Elevated Token:		%%1843

Impersonation Level:		%%1833

New Logon:
	Security ID:		S-1-5-21-776856091-2747213066-2907446845-1001
	Account Name:		Malaika
	Account Domain:		DESKTOP-LUGE14R
	Logon ID:		0x3cc4f5b
	Linked Logon ID:		0x3cc4f34
	Network Account Name:	-
	Network Account Domain:	-
	Logon GUID:		{00000000-0000-0000-0000-000000000000}

Process Information:
	Process ID:		0x8c4
	Process Name:		C:\Windows\System32\svchost.exe

Network Information:
	Workstation Name:	DESKTOP-LUGE14R
	Source Network Address:	127.0.0.1
	Source Port:		0

Detailed Authentication Information:
	Logon Process:		User32 
	Authentication Package:	Negotiate
	Transited Services:	-
	Package Name (NTLM only):	-
	Key Length:		0

This event is generated when a logon session is created. It is generated on the computer that was accessed.

The subject fields indicate the account on the local system which requested the logon. This is most commonly a service such as the Server service, or a local process such as Winlogon.exe or Services.exe.

The logon type field indicates the kind of logon that occurred. The most common types are 2 (interactive) and 3 (network).

The New Logon fields indicate the account for whom the new logon was created, i.e. the account that was logged on.

The network fields indicate where a remote logon request originated. Workstation name is not always available and may be left blank in some cases.

The impersonation level field indicates the extent to which a process in the logon session can impersonate.

The authentication information fields provide detailed information about this specific logon request.
	- Logon GUID is a unique identifier that can be used to correlate this event with a KDC event.
	- Transited services indicate which intermediate services have participated in this logon request.
	- Package name indicates which sub-protocol was used among the NTLM protocols.
	- Key length indicates the length of the generated session key. This will be 0 if no session key was requested.","Microsoft-Windows-Security-Auditing","System.String[]","18/05/2024 22:23:03","18/05/2024 22:23:03",
"4624","DESKTOP-LUGE14R","System.Byte[]","SuccessAudit","An account was successfully logged on.

Subject:
	Security ID:		S-1-5-18
	Account Name:		DESKTOP-LUGE14R$
	Account Domain:		WORKGROUP
	Logon ID:		0x3e7

Logon Information:
	Logon Type:		2
	Restricted Admin Mode:	-
	Virtual Account:		%%1843
	Elevated Token:		%%1842

Impersonation Level:		%%1833

New Logon:
	Security ID:		S-1-5-21-776856091-2747213066-2907446845-1001
	Account Name:		Malaika
	Account Domain:		DESKTOP-LUGE14R
	Logon ID:		0x3cc4f34
	Linked Logon ID:		0x3cc4f5b
	Network Account Name:	-
	Network Account Domain:	-
	Logon GUID:		{00000000-0000-0000-0000-000000000000}

Process Information:
	Process ID:		0x8c4
	Process Name:		C:\Windows\System32\svchost.exe

Network Information:
	Workstation Name:	DESKTOP-LUGE14R
	Source Network Address:	127.0.0.1
	Source Port:		0

Detailed Authentication Information:
	Logon Process:		User32 
	Authentication Package:	Negotiate
	Transited Services:	-
	Package Name (NTLM only):	-
	Key Length:		0

This event is generated when a logon session is created. It is generated on the computer that was accessed.

The subject fields indicate the account on the local system which requested the logon. This is most commonly a service such as the Server service, or a local process such as Winlogon.exe or Services.exe.

The logon type field indicates the kind of logon that occurred. The most common types are 2 (interactive) and 3 (network).

The New Logon fields indicate the account for whom the new logon was created, i.e. the account that was logged on.

The network fields indicate where a remote logon request originated. Workstation name is not always available and may be left blank in some cases.

The impersonation level field indicates the extent to which a process in the logon session can impersonate.

The authentication information fields provide detailed information about this specific logon request.
	- Logon GUID is a unique identifier that can be used to correlate this event with a KDC event.
	- Transited services indicate which intermediate services have participated in this logon request.
	- Package name indicates which sub-protocol was used among the NTLM protocols.
	- Key length indicates the length of the generated session key. This will be 0 if no session key was requested.","Microsoft-Windows-Security-Auditing","System.String[]","18/05/2024 22:23:03","18/05/2024 22:23:03",
"4648","DESKTOP-LUGE14R","System.Byte[]","SuccessAudit","A logon was attempted using explicit credentials.

Subject:
	Security ID:		S-1-5-18
	Account Name:		DESKTOP-LUGE14R$
	Account Domain:		WORKGROUP
	Logon ID:		0x3e7
	Logon GUID:		{00000000-0000-0000-0000-000000000000}

Account Whose Credentials Were Used:
	Account Name:		Malaika
	Account Domain:		DESKTOP-LUGE14R
	Logon GUID:		{00000000-0000-0000-0000-000000000000}

Target Server:
	Target Server Name:	localhost
	Additional Information:	localhost

Process Information:
	Process ID:		0x8c4
	Process Name:		C:\Windows\System32\svchost.exe

Network Information:
	Network Address:	127.0.0.1
	Port:			0

This event is generated when a process attempts to log on an account by explicitly specifying that account?s credentials.  This most commonly occurs in batch-type configurations such as scheduled tasks, or when using the RUNAS command.","Microsoft-Windows-Security-Auditing","System.String[]","18/05/2024 22:23:03","18/05/2024 22:23:03",
"4672","DESKTOP-LUGE14R","System.Byte[]","SuccessAudit","Special privileges assigned to new logon.

Subject:
	Security ID:		S-1-5-18
	Account Name:		SYSTEM
	Account Domain:		NT AUTHORITY
	Logon ID:		0x3e7

Privileges:		SeAssignPrimaryTokenPrivilege
			SeTcbPrivilege
			SeSecurityPrivilege
			SeTakeOwnershipPrivilege
			SeLoadDriverPrivilege
			SeBackupPrivilege
			SeRestorePrivilege
			SeDebugPrivilege
			SeAuditPrivilege
			SeSystemEnvironmentPrivilege
			SeImpersonatePrivilege
			SeDelegateSessionUserImpersonatePrivilege","Microsoft-Windows-Security-Auditing","System.String[]","18/05/2024 22:22:57","18/05/2024 22:22:57",
"4624","DESKTOP-LUGE14R","System.Byte[]","SuccessAudit","An account was successfully logged on.

Subject:
	Security ID:		S-1-5-18
	Account Name:		DESKTOP-LUGE14R$
	Account Domain:		WORKGROUP
	Logon ID:		0x3e7

Logon Information:
	Logon Type:		5
	Restricted Admin Mode:	-
	Virtual Account:		%%1843
	Elevated Token:		%%1842

Impersonation Level:		%%1833

New Logon:
	Security ID:		S-1-5-18
	Account Name:		SYSTEM
	Account Domain:		NT AUTHORITY
	Logon ID:		0x3e7
	Linked Logon ID:		0x0
	Network Account Name:	-
	Network Account Domain:	-
	Logon GUID:		{00000000-0000-0000-0000-000000000000}

Process Information:
	Process ID:		0x360
	Process Name:		C:\Windows\System32\services.exe

Network Information:
	Workstation Name:	-
	Source Network Address:	-
	Source Port:		-

Detailed Authentication Information:
	Logon Process:		Advapi  
	Authentication Package:	Negotiate
	Transited Services:	-
	Package Name (NTLM only):	-
	Key Length:		0

This event is generated when a logon session is created. It is generated on the computer that was accessed.

The subject fields indicate the account on the local system which requested the logon. This is most commonly a service such as the Server service, or a local process such as Winlogon.exe or Services.exe.

The logon type field indicates the kind of logon that occurred. The most common types are 2 (interactive) and 3 (network).

The New Logon fields indicate the account for whom the new logon was created, i.e. the account that was logged on.

The network fields indicate where a remote logon request originated. Workstation name is not always available and may be left blank in some cases.

The impersonation level field indicates the extent to which a process in the logon session can impersonate.

The authentication information fields provide detailed information about this specific logon request.
	- Logon GUID is a unique identifier that can be used to correlate this event with a KDC event.
	- Transited services indicate which intermediate services have participated in this logon request.
	- Package name indicates which sub-protocol was used among the NTLM protocols.
	- Key length indicates the length of the generated session key. This will be 0 if no session key was requested.","Microsoft-Windows-Security-Auditing","System.String[]","18/05/2024 22:22:57","18/05/2024 22:22:57",
"4798","DESKTOP-LUGE14R","System.Byte[]","SuccessAudit","A user's local group membership was enumerated.

Subject:
	Security ID:		S-1-5-18
	Account Name:		DESKTOP-LUGE14R$
	Account Domain:		WORKGROUP
	Logon ID:		0x3e7

User:
	Security ID:		S-1-5-21-776856091-2747213066-2907446845-1001
	Account Name:		Malaika
	Account Domain:		DESKTOP-LUGE14R

Process Information:
	Process ID:		0x3e30
	Process Name:		C:\Windows\System32\LogonUI.exe","Microsoft-Windows-Security-Auditing","System.String[]","18/05/2024 22:18:24","18/05/2024 22:18:24",
"4672","DESKTOP-LUGE14R","System.Byte[]","SuccessAudit","Special privileges assigned to new logon.

Subject:
	Security ID:		S-1-5-18
	Account Name:		SYSTEM
	Account Domain:		NT AUTHORITY
	Logon ID:		0x3e7

Privileges:		SeAssignPrimaryTokenPrivilege
			SeTcbPrivilege
			SeSecurityPrivilege
			SeTakeOwnershipPrivilege
			SeLoadDriverPrivilege
			SeBackupPrivilege
			SeRestorePrivilege
			SeDebugPrivilege
			SeAuditPrivilege
			SeSystemEnvironmentPrivilege
			SeImpersonatePrivilege
			SeDelegateSessionUserImpersonatePrivilege","Microsoft-Windows-Security-Auditing","System.String[]","18/05/2024 22:15:54","18/05/2024 22:15:54",
"4624","DESKTOP-LUGE14R","System.Byte[]","SuccessAudit","An account was successfully logged on.

Subject:
	Security ID:		S-1-5-18
	Account Name:		DESKTOP-LUGE14R$
	Account Domain:		WORKGROUP
	Logon ID:		0x3e7

Logon Information:
	Logon Type:		5
	Restricted Admin Mode:	-
	Virtual Account:		%%1843
	Elevated Token:		%%1842

Impersonation Level:		%%1833

New Logon:
	Security ID:		S-1-5-18
	Account Name:		SYSTEM
	Account Domain:		NT AUTHORITY
	Logon ID:		0x3e7
	Linked Logon ID:		0x0
	Network Account Name:	-
	Network Account Domain:	-
	Logon GUID:		{00000000-0000-0000-0000-000000000000}

Process Information:
	Process ID:		0x360
	Process Name:		C:\Windows\System32\services.exe

Network Information:
	Workstation Name:	-
	Source Network Address:	-
	Source Port:		-

Detailed Authentication Information:
	Logon Process:		Advapi  
	Authentication Package:	Negotiate
	Transited Services:	-
	Package Name (NTLM only):	-
	Key Length:		0

This event is generated when a logon session is created. It is generated on the computer that was accessed.

The subject fields indicate the account on the local system which requested the logon. This is most commonly a service such as the Server service, or a local process such as Winlogon.exe or Services.exe.

The logon type field indicates the kind of logon that occurred. The most common types are 2 (interactive) and 3 (network).

The New Logon fields indicate the account for whom the new logon was created, i.e. the account that was logged on.

The network fields indicate where a remote logon request originated. Workstation name is not always available and may be left blank in some cases.

The impersonation level field indicates the extent to which a process in the logon session can impersonate.

The authentication information fields provide detailed information about this specific logon request.
	- Logon GUID is a unique identifier that can be used to correlate this event with a KDC event.
	- Transited services indicate which intermediate services have participated in this logon request.
	- Package name indicates which sub-protocol was used among the NTLM protocols.
	- Key length indicates the length of the generated session key. This will be 0 if no session key was requested.","Microsoft-Windows-Security-Auditing","System.String[]","18/05/2024 22:15:54","18/05/2024 22:15:54",
"4672","DESKTOP-LUGE14R","System.Byte[]","SuccessAudit","Special privileges assigned to new logon.

Subject:
	Security ID:		S-1-5-18
	Account Name:		SYSTEM
	Account Domain:		NT AUTHORITY
	Logon ID:		0x3e7

Privileges:		SeAssignPrimaryTokenPrivilege
			SeTcbPrivilege
			SeSecurityPrivilege
			SeTakeOwnershipPrivilege
			SeLoadDriverPrivilege
			SeBackupPrivilege
			SeRestorePrivilege
			SeDebugPrivilege
			SeAuditPrivilege
			SeSystemEnvironmentPrivilege
			SeImpersonatePrivilege
			SeDelegateSessionUserImpersonatePrivilege","Microsoft-Windows-Security-Auditing","System.String[]","18/05/2024 22:15:54","18/05/2024 22:15:54",
"4624","DESKTOP-LUGE14R","System.Byte[]","SuccessAudit","An account was successfully logged on.

Subject:
	Security ID:		S-1-5-18
	Account Name:		DESKTOP-LUGE14R$
	Account Domain:		WORKGROUP
	Logon ID:		0x3e7

Logon Information:
	Logon Type:		5
	Restricted Admin Mode:	-
	Virtual Account:		%%1843
	Elevated Token:		%%1842

Impersonation Level:		%%1833

New Logon:
	Security ID:		S-1-5-18
	Account Name:		SYSTEM
	Account Domain:		NT AUTHORITY
	Logon ID:		0x3e7
	Linked Logon ID:		0x0
	Network Account Name:	-
	Network Account Domain:	-
	Logon GUID:		{00000000-0000-0000-0000-000000000000}

Process Information:
	Process ID:		0x360
	Process Name:		C:\Windows\System32\services.exe

Network Information:
	Workstation Name:	-
	Source Network Address:	-
	Source Port:		-

Detailed Authentication Information:
	Logon Process:		Advapi  
	Authentication Package:	Negotiate
	Transited Services:	-
	Package Name (NTLM only):	-
	Key Length:		0

This event is generated when a logon session is created. It is generated on the computer that was accessed.

The subject fields indicate the account on the local system which requested the logon. This is most commonly a service such as the Server service, or a local process such as Winlogon.exe or Services.exe.

The logon type field indicates the kind of logon that occurred. The most common types are 2 (interactive) and 3 (network).

The New Logon fields indicate the account for whom the new logon was created, i.e. the account that was logged on.

The network fields indicate where a remote logon request originated. Workstation name is not always available and may be left blank in some cases.

The impersonation level field indicates the extent to which a process in the logon session can impersonate.

The authentication information fields provide detailed information about this specific logon request.
	- Logon GUID is a unique identifier that can be used to correlate this event with a KDC event.
	- Transited services indicate which intermediate services have participated in this logon request.
	- Package name indicates which sub-protocol was used among the NTLM protocols.
	- Key length indicates the length of the generated session key. This will be 0 if no session key was requested.","Microsoft-Windows-Security-Auditing","System.String[]","18/05/2024 22:15:54","18/05/2024 22:15:54",
"5061","DESKTOP-LUGE14R","System.Byte[]","SuccessAudit","Cryptographic operation.

Subject:
	Security ID:		S-1-5-21-776856091-2747213066-2907446845-1001
	Account Name:		Malaika
	Account Domain:		DESKTOP-LUGE14R
	Logon ID:		0xea5ed

Cryptographic Parameters:
	Provider Name:	Microsoft Software Key Storage Provider
	Algorithm Name:	RSA
	Key Name:	wpsSafeSandbox
	Key Type:	%%2500

Cryptographic Operation:
	Operation:	%%2480
	Return Code:	0x0","Microsoft-Windows-Security-Auditing","System.String[]","18/05/2024 22:15:52","18/05/2024 22:15:52",
"5058","DESKTOP-LUGE14R","System.Byte[]","SuccessAudit","Key file operation.

Subject:
	Security ID:		S-1-5-21-776856091-2747213066-2907446845-1001
	Account Name:		Malaika
	Account Domain:		DESKTOP-LUGE14R
	Logon ID:		0xea5ed

Process Information:
	Process ID:		13744
	Process Creation Time:	2024-05-18T17:15:52.6635695Z

Cryptographic Parameters:
	Provider Name:	Microsoft Software Key Storage Provider
	Algorithm Name:	UNKNOWN
	Key Name:	wpsSafeSandbox
	Key Type:	%%2500

Key File Operation Information:
	File Path:	C:\Users\Malaika\AppData\Roaming\Microsoft\Crypto\Keys\f2bde186477cad07308ede2988de2505_97d36971-95e1-4c96-9fca-423582ecc762
	Operation:	%%2458
	Return Code:	0x0","Microsoft-Windows-Security-Auditing","System.String[]","18/05/2024 22:15:52","18/05/2024 22:15:52",
"5061","DESKTOP-LUGE14R","System.Byte[]","SuccessAudit","Cryptographic operation.

Subject:
	Security ID:		S-1-5-21-776856091-2747213066-2907446845-1001
	Account Name:		Malaika
	Account Domain:		DESKTOP-LUGE14R
	Logon ID:		0xea5ed

Cryptographic Parameters:
	Provider Name:	Microsoft Software Key Storage Provider
	Algorithm Name:	RSA
	Key Name:	wpsSafeSandbox
	Key Type:	%%2500

Cryptographic Operation:
	Operation:	%%2480
	Return Code:	0x0","Microsoft-Windows-Security-Auditing","System.String[]","18/05/2024 22:15:52","18/05/2024 22:15:52",
"5058","DESKTOP-LUGE14R","System.Byte[]","SuccessAudit","Key file operation.

Subject:
	Security ID:		S-1-5-21-776856091-2747213066-2907446845-1001
	Account Name:		Malaika
	Account Domain:		DESKTOP-LUGE14R
	Logon ID:		0xea5ed

Process Information:
	Process ID:		13744
	Process Creation Time:	2024-05-18T17:15:52.6635695Z

Cryptographic Parameters:
	Provider Name:	Microsoft Software Key Storage Provider
	Algorithm Name:	UNKNOWN
	Key Name:	wpsSafeSandbox
	Key Type:	%%2500

Key File Operation Information:
	File Path:	C:\Users\Malaika\AppData\Roaming\Microsoft\Crypto\Keys\f2bde186477cad07308ede2988de2505_97d36971-95e1-4c96-9fca-423582ecc762
	Operation:	%%2458
	Return Code:	0x0","Microsoft-Windows-Security-Auditing","System.String[]","18/05/2024 22:15:52","18/05/2024 22:15:52",
"5061","DESKTOP-LUGE14R","System.Byte[]","SuccessAudit","Cryptographic operation.

Subject:
	Security ID:		S-1-5-21-776856091-2747213066-2907446845-1001
	Account Name:		Malaika
	Account Domain:		DESKTOP-LUGE14R
	Logon ID:		0xea5ed

Cryptographic Parameters:
	Provider Name:	Microsoft Software Key Storage Provider
	Algorithm Name:	RSA
	Key Name:	wpsSafeSandbox
	Key Type:	%%2500

Cryptographic Operation:
	Operation:	%%2480
	Return Code:	0x0","Microsoft-Windows-Security-Auditing","System.String[]","18/05/2024 22:15:52","18/05/2024 22:15:52",
"5058","DESKTOP-LUGE14R","System.Byte[]","SuccessAudit","Key file operation.

Subject:
	Security ID:		S-1-5-21-776856091-2747213066-2907446845-1001
	Account Name:		Malaika
	Account Domain:		DESKTOP-LUGE14R
	Logon ID:		0xea5ed

Process Information:
	Process ID:		13744
	Process Creation Time:	2024-05-18T17:15:52.6635695Z

Cryptographic Parameters:
	Provider Name:	Microsoft Software Key Storage Provider
	Algorithm Name:	UNKNOWN
	Key Name:	wpsSafeSandbox
	Key Type:	%%2500

Key File Operation Information:
	File Path:	C:\Users\Malaika\AppData\Roaming\Microsoft\Crypto\Keys\f2bde186477cad07308ede2988de2505_97d36971-95e1-4c96-9fca-423582ecc762
	Operation:	%%2458
	Return Code:	0x0","Microsoft-Windows-Security-Auditing","System.String[]","18/05/2024 22:15:52","18/05/2024 22:15:52",
"5061","DESKTOP-LUGE14R","System.Byte[]","SuccessAudit","Cryptographic operation.

Subject:
	Security ID:		S-1-5-21-776856091-2747213066-2907446845-1001
	Account Name:		Malaika
	Account Domain:		DESKTOP-LUGE14R
	Logon ID:		0xea5ed

Cryptographic Parameters:
	Provider Name:	Microsoft Software Key Storage Provider
	Algorithm Name:	RSA
	Key Name:	wpsSafeSandbox
	Key Type:	%%2500

Cryptographic Operation:
	Operation:	%%2480
	Return Code:	0x0","Microsoft-Windows-Security-Auditing","System.String[]","18/05/2024 22:15:52","18/05/2024 22:15:52",
"5058","DESKTOP-LUGE14R","System.Byte[]","SuccessAudit","Key file operation.

Subject:
	Security ID:		S-1-5-21-776856091-2747213066-2907446845-1001
	Account Name:		Malaika
	Account Domain:		DESKTOP-LUGE14R
	Logon ID:		0xea5ed

Process Information:
	Process ID:		13744
	Process Creation Time:	2024-05-18T17:15:52.6635695Z

Cryptographic Parameters:
	Provider Name:	Microsoft Software Key Storage Provider
	Algorithm Name:	UNKNOWN
	Key Name:	wpsSafeSandbox
	Key Type:	%%2500

Key File Operation Information:
	File Path:	C:\Users\Malaika\AppData\Roaming\Microsoft\Crypto\Keys\f2bde186477cad07308ede2988de2505_97d36971-95e1-4c96-9fca-423582ecc762
	Operation:	%%2458
	Return Code:	0x0","Microsoft-Windows-Security-Auditing","System.String[]","18/05/2024 22:15:52","18/05/2024 22:15:52",
"5061","DESKTOP-LUGE14R","System.Byte[]","SuccessAudit","Cryptographic operation.

Subject:
	Security ID:		S-1-5-21-776856091-2747213066-2907446845-1001
	Account Name:		Malaika
	Account Domain:		DESKTOP-LUGE14R
	Logon ID:		0xea5ed

Cryptographic Parameters:
	Provider Name:	Microsoft Software Key Storage Provider
	Algorithm Name:	RSA
	Key Name:	wpsSafeSandbox
	Key Type:	%%2500

Cryptographic Operation:
	Operation:	%%2480
	Return Code:	0x0","Microsoft-Windows-Security-Auditing","System.String[]","18/05/2024 22:15:52","18/05/2024 22:15:52",
"5058","DESKTOP-LUGE14R","System.Byte[]","SuccessAudit","Key file operation.

Subject:
	Security ID:		S-1-5-21-776856091-2747213066-2907446845-1001
	Account Name:		Malaika
	Account Domain:		DESKTOP-LUGE14R
	Logon ID:		0xea5ed

Process Information:
	Process ID:		6496
	Process Creation Time:	2024-05-18T17:15:52.1539082Z

Cryptographic Parameters:
	Provider Name:	Microsoft Software Key Storage Provider
	Algorithm Name:	UNKNOWN
	Key Name:	wpsSafeSandbox
	Key Type:	%%2500

Key File Operation Information:
	File Path:	C:\Users\Malaika\AppData\Roaming\Microsoft\Crypto\Keys\f2bde186477cad07308ede2988de2505_97d36971-95e1-4c96-9fca-423582ecc762
	Operation:	%%2458
	Return Code:	0x0","Microsoft-Windows-Security-Auditing","System.String[]","18/05/2024 22:15:52","18/05/2024 22:15:52",
"5061","DESKTOP-LUGE14R","System.Byte[]","SuccessAudit","Cryptographic operation.

Subject:
	Security ID:		S-1-5-21-776856091-2747213066-2907446845-1001
	Account Name:		Malaika
	Account Domain:		DESKTOP-LUGE14R
	Logon ID:		0xea5ed

Cryptographic Parameters:
	Provider Name:	Microsoft Software Key Storage Provider
	Algorithm Name:	RSA
	Key Name:	wpsSafeSandbox
	Key Type:	%%2500

Cryptographic Operation:
	Operation:	%%2480
	Return Code:	0x0","Microsoft-Windows-Security-Auditing","System.String[]","18/05/2024 22:15:52","18/05/2024 22:15:52",
"5058","DESKTOP-LUGE14R","System.Byte[]","SuccessAudit","Key file operation.

Subject:
	Security ID:		S-1-5-21-776856091-2747213066-2907446845-1001
	Account Name:		Malaika
	Account Domain:		DESKTOP-LUGE14R
	Logon ID:		0xea5ed

Process Information:
	Process ID:		8984
	Process Creation Time:	2024-05-18T17:15:52.1403929Z

Cryptographic Parameters:
	Provider Name:	Microsoft Software Key Storage Provider
	Algorithm Name:	UNKNOWN
	Key Name:	wpsSafeSandbox
	Key Type:	%%2500

Key File Operation Information:
	File Path:	C:\Users\Malaika\AppData\Roaming\Microsoft\Crypto\Keys\f2bde186477cad07308ede2988de2505_97d36971-95e1-4c96-9fca-423582ecc762
	Operation:	%%2458
	Return Code:	0x0","Microsoft-Windows-Security-Auditing","System.String[]","18/05/2024 22:15:52","18/05/2024 22:15:52",
"5061","DESKTOP-LUGE14R","System.Byte[]","SuccessAudit","Cryptographic operation.

Subject:
	Security ID:		S-1-5-21-776856091-2747213066-2907446845-1001
	Account Name:		Malaika
	Account Domain:		DESKTOP-LUGE14R
	Logon ID:		0xea5ed

Cryptographic Parameters:
	Provider Name:	Microsoft Software Key Storage Provider
	Algorithm Name:	RSA
	Key Name:	wpsSafeSandbox
	Key Type:	%%2500

Cryptographic Operation:
	Operation:	%%2480
	Return Code:	0x0","Microsoft-Windows-Security-Auditing","System.String[]","18/05/2024 22:15:52","18/05/2024 22:15:52",
"5058","DESKTOP-LUGE14R","System.Byte[]","SuccessAudit","Key file operation.

Subject:
	Security ID:		S-1-5-21-776856091-2747213066-2907446845-1001
	Account Name:		Malaika
	Account Domain:		DESKTOP-LUGE14R
	Logon ID:		0xea5ed

Process Information:
	Process ID:		8984
	Process Creation Time:	2024-05-18T17:15:52.1403929Z

Cryptographic Parameters:
	Provider Name:	Microsoft Software Key Storage Provider
	Algorithm Name:	UNKNOWN
	Key Name:	wpsSafeSandbox
	Key Type:	%%2500

Key File Operation Information:
	File Path:	C:\Users\Malaika\AppData\Roaming\Microsoft\Crypto\Keys\f2bde186477cad07308ede2988de2505_97d36971-95e1-4c96-9fca-423582ecc762
	Operation:	%%2458
	Return Code:	0x0","Microsoft-Windows-Security-Auditing","System.String[]","18/05/2024 22:15:52","18/05/2024 22:15:52",
"5061","DESKTOP-LUGE14R","System.Byte[]","SuccessAudit","Cryptographic operation.

Subject:
	Security ID:		S-1-5-21-776856091-2747213066-2907446845-1001
	Account Name:		Malaika
	Account Domain:		DESKTOP-LUGE14R
	Logon ID:		0xea5ed

Cryptographic Parameters:
	Provider Name:	Microsoft Software Key Storage Provider
	Algorithm Name:	RSA
	Key Name:	wpsSafeSandbox
	Key Type:	%%2500

Cryptographic Operation:
	Operation:	%%2480
	Return Code:	0x0","Microsoft-Windows-Security-Auditing","System.String[]","18/05/2024 22:15:52","18/05/2024 22:15:52",
"5058","DESKTOP-LUGE14R","System.Byte[]","SuccessAudit","Key file operation.

Subject:
	Security ID:		S-1-5-21-776856091-2747213066-2907446845-1001
	Account Name:		Malaika
	Account Domain:		DESKTOP-LUGE14R
	Logon ID:		0xea5ed

Process Information:
	Process ID:		6496
	Process Creation Time:	2024-05-18T17:15:52.1539082Z

Cryptographic Parameters:
	Provider Name:	Microsoft Software Key Storage Provider
	Algorithm Name:	UNKNOWN
	Key Name:	wpsSafeSandbox
	Key Type:	%%2500

Key File Operation Information:
	File Path:	C:\Users\Malaika\AppData\Roaming\Microsoft\Crypto\Keys\f2bde186477cad07308ede2988de2505_97d36971-95e1-4c96-9fca-423582ecc762
	Operation:	%%2458
	Return Code:	0x0","Microsoft-Windows-Security-Auditing","System.String[]","18/05/2024 22:15:52","18/05/2024 22:15:52",
"5061","DESKTOP-LUGE14R","System.Byte[]","SuccessAudit","Cryptographic operation.

Subject:
	Security ID:		S-1-5-21-776856091-2747213066-2907446845-1001
	Account Name:		Malaika
	Account Domain:		DESKTOP-LUGE14R
	Logon ID:		0xea5ed

Cryptographic Parameters:
	Provider Name:	Microsoft Software Key Storage Provider
	Algorithm Name:	RSA
	Key Name:	wpsSafeSandbox
	Key Type:	%%2500

Cryptographic Operation:
	Operation:	%%2480
	Return Code:	0x0","Microsoft-Windows-Security-Auditing","System.String[]","18/05/2024 22:15:52","18/05/2024 22:15:52",
"5061","DESKTOP-LUGE14R","System.Byte[]","SuccessAudit","Cryptographic operation.

Subject:
	Security ID:		S-1-5-21-776856091-2747213066-2907446845-1001
	Account Name:		Malaika
	Account Domain:		DESKTOP-LUGE14R
	Logon ID:		0xea5ed

Cryptographic Parameters:
	Provider Name:	Microsoft Software Key Storage Provider
	Algorithm Name:	RSA
	Key Name:	wpsSafeSandbox
	Key Type:	%%2500

Cryptographic Operation:
	Operation:	%%2480
	Return Code:	0x0","Microsoft-Windows-Security-Auditing","System.String[]","18/05/2024 22:15:52","18/05/2024 22:15:52",
"5058","DESKTOP-LUGE14R","System.Byte[]","SuccessAudit","Key file operation.

Subject:
	Security ID:		S-1-5-21-776856091-2747213066-2907446845-1001
	Account Name:		Malaika
	Account Domain:		DESKTOP-LUGE14R
	Logon ID:		0xea5ed

Process Information:
	Process ID:		8984
	Process Creation Time:	2024-05-18T17:15:52.1403929Z

Cryptographic Parameters:
	Provider Name:	Microsoft Software Key Storage Provider
	Algorithm Name:	UNKNOWN
	Key Name:	wpsSafeSandbox
	Key Type:	%%2500

Key File Operation Information:
	File Path:	C:\Users\Malaika\AppData\Roaming\Microsoft\Crypto\Keys\f2bde186477cad07308ede2988de2505_97d36971-95e1-4c96-9fca-423582ecc762
	Operation:	%%2458
	Return Code:	0x0","Microsoft-Windows-Security-Auditing","System.String[]","18/05/2024 22:15:52","18/05/2024 22:15:52",
"5058","DESKTOP-LUGE14R","System.Byte[]","SuccessAudit","Key file operation.

Subject:
	Security ID:		S-1-5-21-776856091-2747213066-2907446845-1001
	Account Name:		Malaika
	Account Domain:		DESKTOP-LUGE14R
	Logon ID:		0xea5ed

Process Information:
	Process ID:		6496
	Process Creation Time:	2024-05-18T17:15:52.1539082Z

Cryptographic Parameters:
	Provider Name:	Microsoft Software Key Storage Provider
	Algorithm Name:	UNKNOWN
	Key Name:	wpsSafeSandbox
	Key Type:	%%2500

Key File Operation Information:
	File Path:	C:\Users\Malaika\AppData\Roaming\Microsoft\Crypto\Keys\f2bde186477cad07308ede2988de2505_97d36971-95e1-4c96-9fca-423582ecc762
	Operation:	%%2458
	Return Code:	0x0","Microsoft-Windows-Security-Auditing","System.String[]","18/05/2024 22:15:52","18/05/2024 22:15:52",
"5061","DESKTOP-LUGE14R","System.Byte[]","SuccessAudit","Cryptographic operation.

Subject:
	Security ID:		S-1-5-21-776856091-2747213066-2907446845-1001
	Account Name:		Malaika
	Account Domain:		DESKTOP-LUGE14R
	Logon ID:		0xea5ed

Cryptographic Parameters:
	Provider Name:	Microsoft Software Key Storage Provider
	Algorithm Name:	RSA
	Key Name:	wpsSafeSandbox
	Key Type:	%%2500

Cryptographic Operation:
	Operation:	%%2480
	Return Code:	0x0","Microsoft-Windows-Security-Auditing","System.String[]","18/05/2024 22:15:52","18/05/2024 22:15:52",
"5058","DESKTOP-LUGE14R","System.Byte[]","SuccessAudit","Key file operation.

Subject:
	Security ID:		S-1-5-21-776856091-2747213066-2907446845-1001
	Account Name:		Malaika
	Account Domain:		DESKTOP-LUGE14R
	Logon ID:		0xea5ed

Process Information:
	Process ID:		8516
	Process Creation Time:	2024-05-18T17:15:51.8977030Z

Cryptographic Parameters:
	Provider Name:	Microsoft Software Key Storage Provider
	Algorithm Name:	UNKNOWN
	Key Name:	wpsSafeSandbox
	Key Type:	%%2500

Key File Operation Information:
	File Path:	C:\Users\Malaika\AppData\Roaming\Microsoft\Crypto\Keys\f2bde186477cad07308ede2988de2505_97d36971-95e1-4c96-9fca-423582ecc762
	Operation:	%%2458
	Return Code:	0x0","Microsoft-Windows-Security-Auditing","System.String[]","18/05/2024 22:15:52","18/05/2024 22:15:52",
"5061","DESKTOP-LUGE14R","System.Byte[]","SuccessAudit","Cryptographic operation.

Subject:
	Security ID:		S-1-5-21-776856091-2747213066-2907446845-1001
	Account Name:		Malaika
	Account Domain:		DESKTOP-LUGE14R
	Logon ID:		0xea5ed

Cryptographic Parameters:
	Provider Name:	Microsoft Software Key Storage Provider
	Algorithm Name:	RSA
	Key Name:	wpsSafeSandbox
	Key Type:	%%2500

Cryptographic Operation:
	Operation:	%%2480
	Return Code:	0x0","Microsoft-Windows-Security-Auditing","System.String[]","18/05/2024 22:15:52","18/05/2024 22:15:52",
"5058","DESKTOP-LUGE14R","System.Byte[]","SuccessAudit","Key file operation.

Subject:
	Security ID:		S-1-5-21-776856091-2747213066-2907446845-1001
	Account Name:		Malaika
	Account Domain:		DESKTOP-LUGE14R
	Logon ID:		0xea5ed

Process Information:
	Process ID:		8076
	Process Creation Time:	2024-05-18T17:15:51.8976320Z

Cryptographic Parameters:
	Provider Name:	Microsoft Software Key Storage Provider
	Algorithm Name:	UNKNOWN
	Key Name:	wpsSafeSandbox
	Key Type:	%%2500

Key File Operation Information:
	File Path:	C:\Users\Malaika\AppData\Roaming\Microsoft\Crypto\Keys\f2bde186477cad07308ede2988de2505_97d36971-95e1-4c96-9fca-423582ecc762
	Operation:	%%2458
	Return Code:	0x0","Microsoft-Windows-Security-Auditing","System.String[]","18/05/2024 22:15:52","18/05/2024 22:15:52",
"5061","DESKTOP-LUGE14R","System.Byte[]","SuccessAudit","Cryptographic operation.

Subject:
	Security ID:		S-1-5-21-776856091-2747213066-2907446845-1001
	Account Name:		Malaika
	Account Domain:		DESKTOP-LUGE14R
	Logon ID:		0xea5ed

Cryptographic Parameters:
	Provider Name:	Microsoft Software Key Storage Provider
	Algorithm Name:	RSA
	Key Name:	wpsSafeSandbox
	Key Type:	%%2500

Cryptographic Operation:
	Operation:	%%2480
	Return Code:	0x0","Microsoft-Windows-Security-Auditing","System.String[]","18/05/2024 22:15:52","18/05/2024 22:15:52",
"5058","DESKTOP-LUGE14R","System.Byte[]","SuccessAudit","Key file operation.

Subject:
	Security ID:		S-1-5-21-776856091-2747213066-2907446845-1001
	Account Name:		Malaika
	Account Domain:		DESKTOP-LUGE14R
	Logon ID:		0xea5ed

Process Information:
	Process ID:		8516
	Process Creation Time:	2024-05-18T17:15:51.8977030Z

Cryptographic Parameters:
	Provider Name:	Microsoft Software Key Storage Provider
	Algorithm Name:	UNKNOWN
	Key Name:	wpsSafeSandbox
	Key Type:	%%2500

Key File Operation Information:
	File Path:	C:\Users\Malaika\AppData\Roaming\Microsoft\Crypto\Keys\f2bde186477cad07308ede2988de2505_97d36971-95e1-4c96-9fca-423582ecc762
	Operation:	%%2458
	Return Code:	0x0","Microsoft-Windows-Security-Auditing","System.String[]","18/05/2024 22:15:52","18/05/2024 22:15:52",
"5061","DESKTOP-LUGE14R","System.Byte[]","SuccessAudit","Cryptographic operation.

Subject:
	Security ID:		S-1-5-21-776856091-2747213066-2907446845-1001
	Account Name:		Malaika
	Account Domain:		DESKTOP-LUGE14R
	Logon ID:		0xea5ed

Cryptographic Parameters:
	Provider Name:	Microsoft Software Key Storage Provider
	Algorithm Name:	RSA
	Key Name:	wpsSafeSandbox
	Key Type:	%%2500

Cryptographic Operation:
	Operation:	%%2480
	Return Code:	0x0","Microsoft-Windows-Security-Auditing","System.String[]","18/05/2024 22:15:52","18/05/2024 22:15:52",
"5058","DESKTOP-LUGE14R","System.Byte[]","SuccessAudit","Key file operation.

Subject:
	Security ID:		S-1-5-21-776856091-2747213066-2907446845-1001
	Account Name:		Malaika
	Account Domain:		DESKTOP-LUGE14R
	Logon ID:		0xea5ed

Process Information:
	Process ID:		8076
	Process Creation Time:	2024-05-18T17:15:51.8976320Z

Cryptographic Parameters:
	Provider Name:	Microsoft Software Key Storage Provider
	Algorithm Name:	UNKNOWN
	Key Name:	wpsSafeSandbox
	Key Type:	%%2500

Key File Operation Information:
	File Path:	C:\Users\Malaika\AppData\Roaming\Microsoft\Crypto\Keys\f2bde186477cad07308ede2988de2505_97d36971-95e1-4c96-9fca-423582ecc762
	Operation:	%%2458
	Return Code:	0x0","Microsoft-Windows-Security-Auditing","System.String[]","18/05/2024 22:15:52","18/05/2024 22:15:52",
