"5061","DESKTOP-LUGE14R","System.Byte[]","SuccessAudit","Cryptographic operation.

Subject:
	Security ID:		S-1-5-21-776856091-2747213066-2907446845-1001
	Account Name:		Malaika
	Account Domain:		DESKTOP-LUGE14R
	Logon ID:		0xea5ed

Cryptographic Parameters:
	Provider Name:	Microsoft Software Key Storage Provider
	Algorithm Name:	RSA
	Key Name:	wpsSafeSandbox
	Key Type:	%%2500

Cryptographic Operation:
	Operation:	%%2480
	Return Code:	0x0","Microsoft-Windows-Security-Auditing","System.String[]","18/05/2024 22:15:52","18/05/2024 22:15:52",
"5058","DESKTOP-LUGE14R","System.Byte[]","SuccessAudit","Key file operation.

Subject:
	Security ID:		S-1-5-21-776856091-2747213066-2907446845-1001
	Account Name:		Malaika
	Account Domain:		DESKTOP-LUGE14R
	Logon ID:		0xea5ed

Process Information:
	Process ID:		8516
	Process Creation Time:	2024-05-18T17:15:51.8977030Z

Cryptographic Parameters:
	Provider Name:	Microsoft Software Key Storage Provider
	Algorithm Name:	UNKNOWN
	Key Name:	wpsSafeSandbox
	Key Type:	%%2500

Key File Operation Information:
	File Path:	C:\Users\Malaika\AppData\Roaming\Microsoft\Crypto\Keys\f2bde186477cad07308ede2988de2505_97d36971-95e1-4c96-9fca-423582ecc762
	Operation:	%%2458
	Return Code:	0x0","Microsoft-Windows-Security-Auditing","System.String[]","18/05/2024 22:15:52","18/05/2024 22:15:52",
"5061","DESKTOP-LUGE14R","System.Byte[]","SuccessAudit","Cryptographic operation.

Subject:
	Security ID:		S-1-5-21-776856091-2747213066-2907446845-1001
	Account Name:		Malaika
	Account Domain:		DESKTOP-LUGE14R
	Logon ID:		0xea5ed

Cryptographic Parameters:
	Provider Name:	Microsoft Software Key Storage Provider
	Algorithm Name:	RSA
	Key Name:	wpsSafeSandbox
	Key Type:	%%2500

Cryptographic Operation:
	Operation:	%%2480
	Return Code:	0x0","Microsoft-Windows-Security-Auditing","System.String[]","18/05/2024 22:15:52","18/05/2024 22:15:52",
"5058","DESKTOP-LUGE14R","System.Byte[]","SuccessAudit","Key file operation.

Subject:
	Security ID:		S-1-5-21-776856091-2747213066-2907446845-1001
	Account Name:		Malaika
	Account Domain:		DESKTOP-LUGE14R
	Logon ID:		0xea5ed

Process Information:
	Process ID:		8076
	Process Creation Time:	2024-05-18T17:15:51.8976320Z

Cryptographic Parameters:
	Provider Name:	Microsoft Software Key Storage Provider
	Algorithm Name:	UNKNOWN
	Key Name:	wpsSafeSandbox
	Key Type:	%%2500

Key File Operation Information:
	File Path:	C:\Users\Malaika\AppData\Roaming\Microsoft\Crypto\Keys\f2bde186477cad07308ede2988de2505_97d36971-95e1-4c96-9fca-423582ecc762
	Operation:	%%2458
	Return Code:	0x0","Microsoft-Windows-Security-Auditing","System.String[]","18/05/2024 22:15:52","18/05/2024 22:15:52",
"5061","DESKTOP-LUGE14R","System.Byte[]","SuccessAudit","Cryptographic operation.

Subject:
	Security ID:		S-1-5-21-776856091-2747213066-2907446845-1001
	Account Name:		Malaika
	Account Domain:		DESKTOP-LUGE14R
	Logon ID:		0xea5ed

Cryptographic Parameters:
	Provider Name:	Microsoft Software Key Storage Provider
	Algorithm Name:	RSA
	Key Name:	wpsSafeSandbox
	Key Type:	%%2500

Cryptographic Operation:
	Operation:	%%2480
	Return Code:	0x0","Microsoft-Windows-Security-Auditing","System.String[]","18/05/2024 22:15:52","18/05/2024 22:15:52",
"5058","DESKTOP-LUGE14R","System.Byte[]","SuccessAudit","Key file operation.

Subject:
	Security ID:		S-1-5-21-776856091-2747213066-2907446845-1001
	Account Name:		Malaika
	Account Domain:		DESKTOP-LUGE14R
	Logon ID:		0xea5ed

Process Information:
	Process ID:		8076
	Process Creation Time:	2024-05-18T17:15:51.8976320Z

Cryptographic Parameters:
	Provider Name:	Microsoft Software Key Storage Provider
	Algorithm Name:	UNKNOWN
	Key Name:	wpsSafeSandbox
	Key Type:	%%2500

Key File Operation Information:
	File Path:	C:\Users\Malaika\AppData\Roaming\Microsoft\Crypto\Keys\f2bde186477cad07308ede2988de2505_97d36971-95e1-4c96-9fca-423582ecc762
	Operation:	%%2458
	Return Code:	0x0","Microsoft-Windows-Security-Auditing","System.String[]","18/05/2024 22:15:52","18/05/2024 22:15:52",
"5061","DESKTOP-LUGE14R","System.Byte[]","SuccessAudit","Cryptographic operation.

Subject:
	Security ID:		S-1-5-21-776856091-2747213066-2907446845-1001
	Account Name:		Malaika
	Account Domain:		DESKTOP-LUGE14R
	Logon ID:		0xea5ed

Cryptographic Parameters:
	Provider Name:	Microsoft Software Key Storage Provider
	Algorithm Name:	RSA
	Key Name:	wpsSafeSandbox
	Key Type:	%%2500

Cryptographic Operation:
	Operation:	%%2480
	Return Code:	0x0","Microsoft-Windows-Security-Auditing","System.String[]","18/05/2024 22:15:52","18/05/2024 22:15:52",
"5058","DESKTOP-LUGE14R","System.Byte[]","SuccessAudit","Key file operation.

Subject:
	Security ID:		S-1-5-21-776856091-2747213066-2907446845-1001
	Account Name:		Malaika
	Account Domain:		DESKTOP-LUGE14R
	Logon ID:		0xea5ed

Process Information:
	Process ID:		8516
	Process Creation Time:	2024-05-18T17:15:51.8977030Z

Cryptographic Parameters:
	Provider Name:	Microsoft Software Key Storage Provider
	Algorithm Name:	UNKNOWN
	Key Name:	wpsSafeSandbox
	Key Type:	%%2500

Key File Operation Information:
	File Path:	C:\Users\Malaika\AppData\Roaming\Microsoft\Crypto\Keys\f2bde186477cad07308ede2988de2505_97d36971-95e1-4c96-9fca-423582ecc762
	Operation:	%%2458
	Return Code:	0x0","Microsoft-Windows-Security-Auditing","System.String[]","18/05/2024 22:15:52","18/05/2024 22:15:52",
"5061","DESKTOP-LUGE14R","System.Byte[]","SuccessAudit","Cryptographic operation.

Subject:
	Security ID:		S-1-5-21-776856091-2747213066-2907446845-1001
	Account Name:		Malaika
	Account Domain:		DESKTOP-LUGE14R
	Logon ID:		0xea5ed

Cryptographic Parameters:
	Provider Name:	Microsoft Software Key Storage Provider
	Algorithm Name:	RSA
	Key Name:	wpsSafeSandbox
	Key Type:	%%2500

Cryptographic Operation:
	Operation:	%%2480
	Return Code:	0x0","Microsoft-Windows-Security-Auditing","System.String[]","18/05/2024 22:15:51","18/05/2024 22:15:51",
"5058","DESKTOP-LUGE14R","System.Byte[]","SuccessAudit","Key file operation.

Subject:
	Security ID:		S-1-5-21-776856091-2747213066-2907446845-1001
	Account Name:		Malaika
	Account Domain:		DESKTOP-LUGE14R
	Logon ID:		0xea5ed

Process Information:
	Process ID:		18020
	Process Creation Time:	2024-05-18T17:15:51.1778600Z

Cryptographic Parameters:
	Provider Name:	Microsoft Software Key Storage Provider
	Algorithm Name:	UNKNOWN
	Key Name:	wpsSafeSandbox
	Key Type:	%%2500

Key File Operation Information:
	File Path:	C:\Users\Malaika\AppData\Roaming\Microsoft\Crypto\Keys\f2bde186477cad07308ede2988de2505_97d36971-95e1-4c96-9fca-423582ecc762
	Operation:	%%2458
	Return Code:	0x0","Microsoft-Windows-Security-Auditing","System.String[]","18/05/2024 22:15:51","18/05/2024 22:15:51",
"5061","DESKTOP-LUGE14R","System.Byte[]","SuccessAudit","Cryptographic operation.

Subject:
	Security ID:		S-1-5-21-776856091-2747213066-2907446845-1001
	Account Name:		Malaika
	Account Domain:		DESKTOP-LUGE14R
	Logon ID:		0xea5ed

Cryptographic Parameters:
	Provider Name:	Microsoft Software Key Storage Provider
	Algorithm Name:	RSA
	Key Name:	wpsSafeSandbox
	Key Type:	%%2500

Cryptographic Operation:
	Operation:	%%2480
	Return Code:	0x0","Microsoft-Windows-Security-Auditing","System.String[]","18/05/2024 22:15:51","18/05/2024 22:15:51",
"5058","DESKTOP-LUGE14R","System.Byte[]","SuccessAudit","Key file operation.

Subject:
	Security ID:		S-1-5-21-776856091-2747213066-2907446845-1001
	Account Name:		Malaika
	Account Domain:		DESKTOP-LUGE14R
	Logon ID:		0xea5ed

Process Information:
	Process ID:		18020
	Process Creation Time:	2024-05-18T17:15:51.1778600Z

Cryptographic Parameters:
	Provider Name:	Microsoft Software Key Storage Provider
	Algorithm Name:	UNKNOWN
	Key Name:	wpsSafeSandbox
	Key Type:	%%2500

Key File Operation Information:
	File Path:	C:\Users\Malaika\AppData\Roaming\Microsoft\Crypto\Keys\f2bde186477cad07308ede2988de2505_97d36971-95e1-4c96-9fca-423582ecc762
	Operation:	%%2458
	Return Code:	0x0","Microsoft-Windows-Security-Auditing","System.String[]","18/05/2024 22:15:51","18/05/2024 22:15:51",
"5061","DESKTOP-LUGE14R","System.Byte[]","SuccessAudit","Cryptographic operation.

Subject:
	Security ID:		S-1-5-21-776856091-2747213066-2907446845-1001
	Account Name:		Malaika
	Account Domain:		DESKTOP-LUGE14R
	Logon ID:		0xea5ed

Cryptographic Parameters:
	Provider Name:	Microsoft Software Key Storage Provider
	Algorithm Name:	RSA
	Key Name:	wpsSafeSandbox
	Key Type:	%%2500

Cryptographic Operation:
	Operation:	%%2480
	Return Code:	0x0","Microsoft-Windows-Security-Auditing","System.String[]","18/05/2024 22:15:51","18/05/2024 22:15:51",
"5058","DESKTOP-LUGE14R","System.Byte[]","SuccessAudit","Key file operation.

Subject:
	Security ID:		S-1-5-21-776856091-2747213066-2907446845-1001
	Account Name:		Malaika
	Account Domain:		DESKTOP-LUGE14R
	Logon ID:		0xea5ed

Process Information:
	Process ID:		18020
	Process Creation Time:	2024-05-18T17:15:51.1778600Z

Cryptographic Parameters:
	Provider Name:	Microsoft Software Key Storage Provider
	Algorithm Name:	UNKNOWN
	Key Name:	wpsSafeSandbox
	Key Type:	%%2500

Key File Operation Information:
	File Path:	C:\Users\Malaika\AppData\Roaming\Microsoft\Crypto\Keys\f2bde186477cad07308ede2988de2505_97d36971-95e1-4c96-9fca-423582ecc762
	Operation:	%%2458
	Return Code:	0x0","Microsoft-Windows-Security-Auditing","System.String[]","18/05/2024 22:15:51","18/05/2024 22:15:51",
"5061","DESKTOP-LUGE14R","System.Byte[]","SuccessAudit","Cryptographic operation.

Subject:
	Security ID:		S-1-5-21-776856091-2747213066-2907446845-1001
	Account Name:		Malaika
	Account Domain:		DESKTOP-LUGE14R
	Logon ID:		0xea5ed

Cryptographic Parameters:
	Provider Name:	Microsoft Software Key Storage Provider
	Algorithm Name:	RSA
	Key Name:	wpsSafeSandbox
	Key Type:	%%2500

Cryptographic Operation:
	Operation:	%%2480
	Return Code:	0x0","Microsoft-Windows-Security-Auditing","System.String[]","18/05/2024 22:15:51","18/05/2024 22:15:51",
"5058","DESKTOP-LUGE14R","System.Byte[]","SuccessAudit","Key file operation.

Subject:
	Security ID:		S-1-5-21-776856091-2747213066-2907446845-1001
	Account Name:		Malaika
	Account Domain:		DESKTOP-LUGE14R
	Logon ID:		0xea5ed

Process Information:
	Process ID:		18020
	Process Creation Time:	2024-05-18T17:15:51.1778600Z

Cryptographic Parameters:
	Provider Name:	Microsoft Software Key Storage Provider
	Algorithm Name:	UNKNOWN
	Key Name:	wpsSafeSandbox
	Key Type:	%%2500

Key File Operation Information:
	File Path:	C:\Users\Malaika\AppData\Roaming\Microsoft\Crypto\Keys\f2bde186477cad07308ede2988de2505_97d36971-95e1-4c96-9fca-423582ecc762
	Operation:	%%2458
	Return Code:	0x0","Microsoft-Windows-Security-Auditing","System.String[]","18/05/2024 22:15:51","18/05/2024 22:15:51",
"5379","DESKTOP-LUGE14R","System.Byte[]","SuccessAudit","Credential Manager credentials were read.

Subject:
	Security ID:		S-1-5-18
	Account Name:		DESKTOP-LUGE14R$
	Account Domain:		WORKGROUP
	Logon ID:		0x3e7
	Read Operation:		%%8100

This event occurs when a user performs a read operation on stored credentials in Credential Manager.","Microsoft-Windows-Security-Auditing","System.String[]","18/05/2024 22:11:51","18/05/2024 22:11:51",
"5379","DESKTOP-LUGE14R","System.Byte[]","SuccessAudit","Credential Manager credentials were read.

Subject:
	Security ID:		S-1-5-18
	Account Name:		DESKTOP-LUGE14R$
	Account Domain:		WORKGROUP
	Logon ID:		0x3e7
	Read Operation:		%%8100

This event occurs when a user performs a read operation on stored credentials in Credential Manager.","Microsoft-Windows-Security-Auditing","System.String[]","18/05/2024 22:11:51","18/05/2024 22:11:51",
"5379","DESKTOP-LUGE14R","System.Byte[]","SuccessAudit","Credential Manager credentials were read.

Subject:
	Security ID:		S-1-5-18
	Account Name:		DESKTOP-LUGE14R$
	Account Domain:		WORKGROUP
	Logon ID:		0x3e7
	Read Operation:		%%8100

This event occurs when a user performs a read operation on stored credentials in Credential Manager.","Microsoft-Windows-Security-Auditing","System.String[]","18/05/2024 22:11:51","18/05/2024 22:11:51",
"5379","DESKTOP-LUGE14R","System.Byte[]","SuccessAudit","Credential Manager credentials were read.

Subject:
	Security ID:		S-1-5-18
	Account Name:		DESKTOP-LUGE14R$
	Account Domain:		WORKGROUP
	Logon ID:		0x3e7
	Read Operation:		%%8100

This event occurs when a user performs a read operation on stored credentials in Credential Manager.","Microsoft-Windows-Security-Auditing","System.String[]","18/05/2024 22:11:51","18/05/2024 22:11:51",
"5379","DESKTOP-LUGE14R","System.Byte[]","SuccessAudit","Credential Manager credentials were read.

Subject:
	Security ID:		S-1-5-21-776856091-2747213066-2907446845-1001
	Account Name:		Malaika
	Account Domain:		DESKTOP-LUGE14R
	Logon ID:		0xea5ed
	Read Operation:		%%8100

This event occurs when a user performs a read operation on stored credentials in Credential Manager.","Microsoft-Windows-Security-Auditing","System.String[]","18/05/2024 22:11:49","18/05/2024 22:11:49",
"5379","DESKTOP-LUGE14R","System.Byte[]","SuccessAudit","Credential Manager credentials were read.

Subject:
	Security ID:		S-1-5-21-776856091-2747213066-2907446845-1001
	Account Name:		Malaika
	Account Domain:		DESKTOP-LUGE14R
	Logon ID:		0xea5ed
	Read Operation:		%%8100

This event occurs when a user performs a read operation on stored credentials in Credential Manager.","Microsoft-Windows-Security-Auditing","System.String[]","18/05/2024 22:11:49","18/05/2024 22:11:49",
"5379","DESKTOP-LUGE14R","System.Byte[]","SuccessAudit","Credential Manager credentials were read.

Subject:
	Security ID:		S-1-5-21-776856091-2747213066-2907446845-1001
	Account Name:		Malaika
	Account Domain:		DESKTOP-LUGE14R
	Logon ID:		0xea5ed
	Read Operation:		%%8100

This event occurs when a user performs a read operation on stored credentials in Credential Manager.","Microsoft-Windows-Security-Auditing","System.String[]","18/05/2024 22:11:49","18/05/2024 22:11:49",
"5379","DESKTOP-LUGE14R","System.Byte[]","SuccessAudit","Credential Manager credentials were read.

Subject:
	Security ID:		S-1-5-21-776856091-2747213066-2907446845-1001
	Account Name:		Malaika
	Account Domain:		DESKTOP-LUGE14R
	Logon ID:		0xea5ed
	Read Operation:		%%8100

This event occurs when a user performs a read operation on stored credentials in Credential Manager.","Microsoft-Windows-Security-Auditing","System.String[]","18/05/2024 22:11:49","18/05/2024 22:11:49",
"5379","DESKTOP-LUGE14R","System.Byte[]","SuccessAudit","Credential Manager credentials were read.

Subject:
	Security ID:		S-1-5-21-776856091-2747213066-2907446845-1001
	Account Name:		Malaika
	Account Domain:		DESKTOP-LUGE14R
	Logon ID:		0xea5ed
	Read Operation:		%%8100

This event occurs when a user performs a read operation on stored credentials in Credential Manager.","Microsoft-Windows-Security-Auditing","System.String[]","18/05/2024 22:11:49","18/05/2024 22:11:49",
"5379","DESKTOP-LUGE14R","System.Byte[]","SuccessAudit","Credential Manager credentials were read.

Subject:
	Security ID:		S-1-5-21-776856091-2747213066-2907446845-1001
	Account Name:		Malaika
	Account Domain:		DESKTOP-LUGE14R
	Logon ID:		0xea5ed
	Read Operation:		%%8100

This event occurs when a user performs a read operation on stored credentials in Credential Manager.","Microsoft-Windows-Security-Auditing","System.String[]","18/05/2024 22:11:49","18/05/2024 22:11:49",
"5379","DESKTOP-LUGE14R","System.Byte[]","SuccessAudit","Credential Manager credentials were read.

Subject:
	Security ID:		S-1-5-18
	Account Name:		DESKTOP-LUGE14R$
	Account Domain:		WORKGROUP
	Logon ID:		0x3e7
	Read Operation:		%%8100

This event occurs when a user performs a read operation on stored credentials in Credential Manager.","Microsoft-Windows-Security-Auditing","System.String[]","18/05/2024 22:11:49","18/05/2024 22:11:49",
"5379","DESKTOP-LUGE14R","System.Byte[]","SuccessAudit","Credential Manager credentials were read.

Subject:
	Security ID:		S-1-5-18
	Account Name:		DESKTOP-LUGE14R$
	Account Domain:		WORKGROUP
	Logon ID:		0x3e7
	Read Operation:		%%8100

This event occurs when a user performs a read operation on stored credentials in Credential Manager.","Microsoft-Windows-Security-Auditing","System.String[]","18/05/2024 22:11:49","18/05/2024 22:11:49",
"5379","DESKTOP-LUGE14R","System.Byte[]","SuccessAudit","Credential Manager credentials were read.

Subject:
	Security ID:		S-1-5-18
	Account Name:		DESKTOP-LUGE14R$
	Account Domain:		WORKGROUP
	Logon ID:		0x3e7
	Read Operation:		%%8100

This event occurs when a user performs a read operation on stored credentials in Credential Manager.","Microsoft-Windows-Security-Auditing","System.String[]","18/05/2024 22:11:49","18/05/2024 22:11:49",
"5379","DESKTOP-LUGE14R","System.Byte[]","SuccessAudit","Credential Manager credentials were read.

Subject:
	Security ID:		S-1-5-18
	Account Name:		DESKTOP-LUGE14R$
	Account Domain:		WORKGROUP
	Logon ID:		0x3e7
	Read Operation:		%%8100

This event occurs when a user performs a read operation on stored credentials in Credential Manager.","Microsoft-Windows-Security-Auditing","System.String[]","18/05/2024 22:11:49","18/05/2024 22:11:49",
"5379","DESKTOP-LUGE14R","System.Byte[]","SuccessAudit","Credential Manager credentials were read.

Subject:
	Security ID:		S-1-5-18
	Account Name:		DESKTOP-LUGE14R$
	Account Domain:		WORKGROUP
	Logon ID:		0x3e7
	Read Operation:		%%8100

This event occurs when a user performs a read operation on stored credentials in Credential Manager.","Microsoft-Windows-Security-Auditing","System.String[]","18/05/2024 22:11:49","18/05/2024 22:11:49",
"5379","DESKTOP-LUGE14R","System.Byte[]","SuccessAudit","Credential Manager credentials were read.

Subject:
	Security ID:		S-1-5-18
	Account Name:		DESKTOP-LUGE14R$
	Account Domain:		WORKGROUP
	Logon ID:		0x3e7
	Read Operation:		%%8100

This event occurs when a user performs a read operation on stored credentials in Credential Manager.","Microsoft-Windows-Security-Auditing","System.String[]","18/05/2024 22:11:49","18/05/2024 22:11:49",
"4672","DESKTOP-LUGE14R","System.Byte[]","SuccessAudit","Special privileges assigned to new logon.

Subject:
	Security ID:		S-1-5-18
	Account Name:		SYSTEM
	Account Domain:		NT AUTHORITY
	Logon ID:		0x3e7

Privileges:		SeAssignPrimaryTokenPrivilege
			SeTcbPrivilege
			SeSecurityPrivilege
			SeTakeOwnershipPrivilege
			SeLoadDriverPrivilege
			SeBackupPrivilege
			SeRestorePrivilege
			SeDebugPrivilege
			SeAuditPrivilege
			SeSystemEnvironmentPrivilege
			SeImpersonatePrivilege
			SeDelegateSessionUserImpersonatePrivilege","Microsoft-Windows-Security-Auditing","System.String[]","18/05/2024 22:11:49","18/05/2024 22:11:49",
"4624","DESKTOP-LUGE14R","System.Byte[]","SuccessAudit","An account was successfully logged on.

Subject:
	Security ID:		S-1-5-18
	Account Name:		DESKTOP-LUGE14R$
	Account Domain:		WORKGROUP
	Logon ID:		0x3e7

Logon Information:
	Logon Type:		5
	Restricted Admin Mode:	-
	Virtual Account:		%%1843
	Elevated Token:		%%1842

Impersonation Level:		%%1833

New Logon:
	Security ID:		S-1-5-18
	Account Name:		SYSTEM
	Account Domain:		NT AUTHORITY
	Logon ID:		0x3e7
	Linked Logon ID:		0x0
	Network Account Name:	-
	Network Account Domain:	-
	Logon GUID:		{00000000-0000-0000-0000-000000000000}

Process Information:
	Process ID:		0x360
	Process Name:		C:\Windows\System32\services.exe

Network Information:
	Workstation Name:	-
	Source Network Address:	-
	Source Port:		-

Detailed Authentication Information:
	Logon Process:		Advapi  
	Authentication Package:	Negotiate
	Transited Services:	-
	Package Name (NTLM only):	-
	Key Length:		0

This event is generated when a logon session is created. It is generated on the computer that was accessed.

The subject fields indicate the account on the local system which requested the logon. This is most commonly a service such as the Server service, or a local process such as Winlogon.exe or Services.exe.

The logon type field indicates the kind of logon that occurred. The most common types are 2 (interactive) and 3 (network).

The New Logon fields indicate the account for whom the new logon was created, i.e. the account that was logged on.

The network fields indicate where a remote logon request originated. Workstation name is not always available and may be left blank in some cases.

The impersonation level field indicates the extent to which a process in the logon session can impersonate.

The authentication information fields provide detailed information about this specific logon request.
	- Logon GUID is a unique identifier that can be used to correlate this event with a KDC event.
	- Transited services indicate which intermediate services have participated in this logon request.
	- Package name indicates which sub-protocol was used among the NTLM protocols.
	- Key length indicates the length of the generated session key. This will be 0 if no session key was requested.","Microsoft-Windows-Security-Auditing","System.String[]","18/05/2024 22:11:49","18/05/2024 22:11:49",
"4672","DESKTOP-LUGE14R","System.Byte[]","SuccessAudit","Special privileges assigned to new logon.

Subject:
	Security ID:		S-1-5-18
	Account Name:		SYSTEM
	Account Domain:		NT AUTHORITY
	Logon ID:		0x3e7

Privileges:		SeAssignPrimaryTokenPrivilege
			SeTcbPrivilege
			SeSecurityPrivilege
			SeTakeOwnershipPrivilege
			SeLoadDriverPrivilege
			SeBackupPrivilege
			SeRestorePrivilege
			SeDebugPrivilege
			SeAuditPrivilege
			SeSystemEnvironmentPrivilege
			SeImpersonatePrivilege
			SeDelegateSessionUserImpersonatePrivilege","Microsoft-Windows-Security-Auditing","System.String[]","18/05/2024 22:04:33","18/05/2024 22:04:33",
"4624","DESKTOP-LUGE14R","System.Byte[]","SuccessAudit","An account was successfully logged on.

Subject:
	Security ID:		S-1-5-18
	Account Name:		DESKTOP-LUGE14R$
	Account Domain:		WORKGROUP
	Logon ID:		0x3e7

Logon Information:
	Logon Type:		5
	Restricted Admin Mode:	-
	Virtual Account:		%%1843
	Elevated Token:		%%1842

Impersonation Level:		%%1833

New Logon:
	Security ID:		S-1-5-18
	Account Name:		SYSTEM
	Account Domain:		NT AUTHORITY
	Logon ID:		0x3e7
	Linked Logon ID:		0x0
	Network Account Name:	-
	Network Account Domain:	-
	Logon GUID:		{00000000-0000-0000-0000-000000000000}

Process Information:
	Process ID:		0x360
	Process Name:		C:\Windows\System32\services.exe

Network Information:
	Workstation Name:	-
	Source Network Address:	-
	Source Port:		-

Detailed Authentication Information:
	Logon Process:		Advapi  
	Authentication Package:	Negotiate
	Transited Services:	-
	Package Name (NTLM only):	-
	Key Length:		0

This event is generated when a logon session is created. It is generated on the computer that was accessed.

The subject fields indicate the account on the local system which requested the logon. This is most commonly a service such as the Server service, or a local process such as Winlogon.exe or Services.exe.

The logon type field indicates the kind of logon that occurred. The most common types are 2 (interactive) and 3 (network).

The New Logon fields indicate the account for whom the new logon was created, i.e. the account that was logged on.

The network fields indicate where a remote logon request originated. Workstation name is not always available and may be left blank in some cases.

The impersonation level field indicates the extent to which a process in the logon session can impersonate.

The authentication information fields provide detailed information about this specific logon request.
	- Logon GUID is a unique identifier that can be used to correlate this event with a KDC event.
	- Transited services indicate which intermediate services have participated in this logon request.
	- Package name indicates which sub-protocol was used among the NTLM protocols.
	- Key length indicates the length of the generated session key. This will be 0 if no session key was requested.","Microsoft-Windows-Security-Auditing","System.String[]","18/05/2024 22:04:33","18/05/2024 22:04:33",
"4672","DESKTOP-LUGE14R","System.Byte[]","SuccessAudit","Special privileges assigned to new logon.

Subject:
	Security ID:		S-1-5-18
	Account Name:		SYSTEM
	Account Domain:		NT AUTHORITY
	Logon ID:		0x3e7

Privileges:		SeAssignPrimaryTokenPrivilege
			SeTcbPrivilege
			SeSecurityPrivilege
			SeTakeOwnershipPrivilege
			SeLoadDriverPrivilege
			SeBackupPrivilege
			SeRestorePrivilege
			SeDebugPrivilege
			SeAuditPrivilege
			SeSystemEnvironmentPrivilege
			SeImpersonatePrivilege
			SeDelegateSessionUserImpersonatePrivilege","Microsoft-Windows-Security-Auditing","System.String[]","18/05/2024 21:56:59","18/05/2024 21:56:59",
"4624","DESKTOP-LUGE14R","System.Byte[]","SuccessAudit","An account was successfully logged on.

Subject:
	Security ID:		S-1-5-18
	Account Name:		DESKTOP-LUGE14R$
	Account Domain:		WORKGROUP
	Logon ID:		0x3e7

Logon Information:
	Logon Type:		5
	Restricted Admin Mode:	-
	Virtual Account:		%%1843
	Elevated Token:		%%1842

Impersonation Level:		%%1833

New Logon:
	Security ID:		S-1-5-18
	Account Name:		SYSTEM
	Account Domain:		NT AUTHORITY
	Logon ID:		0x3e7
	Linked Logon ID:		0x0
	Network Account Name:	-
	Network Account Domain:	-
	Logon GUID:		{00000000-0000-0000-0000-000000000000}

Process Information:
	Process ID:		0x360
	Process Name:		C:\Windows\System32\services.exe

Network Information:
	Workstation Name:	-
	Source Network Address:	-
	Source Port:		-

Detailed Authentication Information:
	Logon Process:		Advapi  
	Authentication Package:	Negotiate
	Transited Services:	-
	Package Name (NTLM only):	-
	Key Length:		0

This event is generated when a logon session is created. It is generated on the computer that was accessed.

The subject fields indicate the account on the local system which requested the logon. This is most commonly a service such as the Server service, or a local process such as Winlogon.exe or Services.exe.

The logon type field indicates the kind of logon that occurred. The most common types are 2 (interactive) and 3 (network).

The New Logon fields indicate the account for whom the new logon was created, i.e. the account that was logged on.

The network fields indicate where a remote logon request originated. Workstation name is not always available and may be left blank in some cases.

The impersonation level field indicates the extent to which a process in the logon session can impersonate.

The authentication information fields provide detailed information about this specific logon request.
	- Logon GUID is a unique identifier that can be used to correlate this event with a KDC event.
	- Transited services indicate which intermediate services have participated in this logon request.
	- Package name indicates which sub-protocol was used among the NTLM protocols.
	- Key length indicates the length of the generated session key. This will be 0 if no session key was requested.","Microsoft-Windows-Security-Auditing","System.String[]","18/05/2024 21:56:59","18/05/2024 21:56:59",
"4907","DESKTOP-LUGE14R","System.Byte[]","SuccessAudit","Auditing settings on object were changed.

Subject:
	Security ID:		S-1-5-18
	Account Name:		DESKTOP-LUGE14R$
	Account Domain:		WORKGROUP
	Logon ID:		0x3e7

Object:
	Object Server:	Security
	Object Type:	File
	Object Name:	C:\Windows\WinSxS\FileMaps\$$_microsoft.net_assembly_gac_msil_presentationframework_v4.0_4.0.0.0_31bf3856ad364e35_b57a3b1abb4f9cb2.cdf-ms
	Handle ID:	0x8f8

Process Information:
	Process ID:	0x3410
	Process Name:	C:\Windows\WinSxS\amd64_microsoft-windows-servicingstack_31bf3856ad364e35_10.0.19041.4351_none_7e19dc327c844a77\TiWorker.exe

Auditing Settings:
	Original Security Descriptor:	
	New Security Descriptor:		S:ARAI(AU;SAFA;0x1f0116;;;WD)","Microsoft-Windows-Security-Auditing","System.String[]","18/05/2024 21:53:06","18/05/2024 21:53:06",
"4907","DESKTOP-LUGE14R","System.Byte[]","SuccessAudit","Auditing settings on object were changed.

Subject:
	Security ID:		S-1-5-18
	Account Name:		DESKTOP-LUGE14R$
	Account Domain:		WORKGROUP
	Logon ID:		0x3e7

Object:
	Object Server:	Security
	Object Type:	File
	Object Name:	C:\Windows\WinSxS\FileMaps\$$_microsoft.net_assembly_gac_msil_presentationframework-systemdata_v4.0_4.0.0.0_b77a5c561934e089_89b90455552a8828.cdf-ms
	Handle ID:	0x834

Process Information:
	Process ID:	0x3410
	Process Name:	C:\Windows\WinSxS\amd64_microsoft-windows-servicingstack_31bf3856ad364e35_10.0.19041.4351_none_7e19dc327c844a77\TiWorker.exe

Auditing Settings:
	Original Security Descriptor:	
	New Security Descriptor:		S:ARAI(AU;SAFA;0x1f0116;;;WD)","Microsoft-Windows-Security-Auditing","System.String[]","18/05/2024 21:53:06","18/05/2024 21:53:06",
"4907","DESKTOP-LUGE14R","System.Byte[]","SuccessAudit","Auditing settings on object were changed.

Subject:
	Security ID:		S-1-5-18
	Account Name:		DESKTOP-LUGE14R$
	Account Domain:		WORKGROUP
	Logon ID:		0x3e7

Object:
	Object Server:	Security
	Object Type:	File
	Object Name:	C:\Windows\WinSxS\FileMaps\$$_microsoft.net_assembly_gac_msil_smdiagnostics_v4.0_4.0.0.0_b77a5c561934e089_8a46d250f4d4a9d0.cdf-ms
	Handle ID:	0xb8c

Process Information:
	Process ID:	0x3410
	Process Name:	C:\Windows\WinSxS\amd64_microsoft-windows-servicingstack_31bf3856ad364e35_10.0.19041.4351_none_7e19dc327c844a77\TiWorker.exe

Auditing Settings:
	Original Security Descriptor:	
	New Security Descriptor:		S:ARAI(AU;SAFA;0x1f0116;;;WD)","Microsoft-Windows-Security-Auditing","System.String[]","18/05/2024 21:53:06","18/05/2024 21:53:06",
"4907","DESKTOP-LUGE14R","System.Byte[]","SuccessAudit","Auditing settings on object were changed.

Subject:
	Security ID:		S-1-5-18
	Account Name:		DESKTOP-LUGE14R$
	Account Domain:		WORKGROUP
	Logon ID:		0x3e7

Object:
	Object Server:	Security
	Object Type:	File
	Object Name:	C:\Windows\WinSxS\FileMaps\$$_microsoft.net_assembly_gac_msil_system.activities_v4.0_4.0.0.0_31bf3856ad364e35_bdef15cb807505c8.cdf-ms
	Handle ID:	0x8f8

Process Information:
	Process ID:	0x3410
	Process Name:	C:\Windows\WinSxS\amd64_microsoft-windows-servicingstack_31bf3856ad364e35_10.0.19041.4351_none_7e19dc327c844a77\TiWorker.exe

Auditing Settings:
	Original Security Descriptor:	
	New Security Descriptor:		S:ARAI(AU;SAFA;0x1f0116;;;WD)","Microsoft-Windows-Security-Auditing","System.String[]","18/05/2024 21:53:06","18/05/2024 21:53:06",
"4907","DESKTOP-LUGE14R","System.Byte[]","SuccessAudit","Auditing settings on object were changed.

Subject:
	Security ID:		S-1-5-18
	Account Name:		DESKTOP-LUGE14R$
	Account Domain:		WORKGROUP
	Logon ID:		0x3e7

Object:
	Object Server:	Security
	Object Type:	File
	Object Name:	C:\Windows\WinSxS\FileMaps\$$_microsoft.net_assembly_gac_msil_system.core_v4.0_4.0.0.0_b77a5c561934e089_18d3047bb5729e36.cdf-ms
	Handle ID:	0x834

Process Information:
	Process ID:	0x3410
	Process Name:	C:\Windows\WinSxS\amd64_microsoft-windows-servicingstack_31bf3856ad364e35_10.0.19041.4351_none_7e19dc327c844a77\TiWorker.exe

Auditing Settings:
	Original Security Descriptor:	
	New Security Descriptor:		S:ARAI(AU;SAFA;0x1f0116;;;WD)","Microsoft-Windows-Security-Auditing","System.String[]","18/05/2024 21:53:06","18/05/2024 21:53:06",
"4907","DESKTOP-LUGE14R","System.Byte[]","SuccessAudit","Auditing settings on object were changed.

Subject:
	Security ID:		S-1-5-18
	Account Name:		DESKTOP-LUGE14R$
	Account Domain:		WORKGROUP
	Logon ID:		0x3e7

Object:
	Object Server:	Security
	Object Type:	File
	Object Name:	C:\Windows\WinSxS\FileMaps\$$_microsoft.net_assembly_gac_msil_system.identitymodel_v4.0_4.0.0.0_b77a5c561934e089_b5d483bcf27e78c2.cdf-ms
	Handle ID:	0xb8c

Process Information:
	Process ID:	0x3410
	Process Name:	C:\Windows\WinSxS\amd64_microsoft-windows-servicingstack_31bf3856ad364e35_10.0.19041.4351_none_7e19dc327c844a77\TiWorker.exe

Auditing Settings:
	Original Security Descriptor:	
	New Security Descriptor:		S:ARAI(AU;SAFA;0x1f0116;;;WD)","Microsoft-Windows-Security-Auditing","System.String[]","18/05/2024 21:53:06","18/05/2024 21:53:06",
"4907","DESKTOP-LUGE14R","System.Byte[]","SuccessAudit","Auditing settings on object were changed.

Subject:
	Security ID:		S-1-5-18
	Account Name:		DESKTOP-LUGE14R$
	Account Domain:		WORKGROUP
	Logon ID:		0x3e7

Object:
	Object Server:	Security
	Object Type:	File
	Object Name:	C:\Windows\WinSxS\FileMaps\$$_microsoft.net_assembly_gac_msil_system.identitymodel.services_v4.0_4.0.0.0_b77a5c561934e089_9152e5e9cf585ca0.cdf-ms
	Handle ID:	0x8f8

Process Information:
	Process ID:	0x3410
	Process Name:	C:\Windows\WinSxS\amd64_microsoft-windows-servicingstack_31bf3856ad364e35_10.0.19041.4351_none_7e19dc327c844a77\TiWorker.exe

Auditing Settings:
	Original Security Descriptor:	
	New Security Descriptor:		S:ARAI(AU;SAFA;0x1f0116;;;WD)","Microsoft-Windows-Security-Auditing","System.String[]","18/05/2024 21:53:06","18/05/2024 21:53:06",
"4907","DESKTOP-LUGE14R","System.Byte[]","SuccessAudit","Auditing settings on object were changed.

Subject:
	Security ID:		S-1-5-18
	Account Name:		DESKTOP-LUGE14R$
	Account Domain:		WORKGROUP
	Logon ID:		0x3e7

Object:
	Object Server:	Security
	Object Type:	File
	Object Name:	C:\Windows\WinSxS\FileMaps\$$_microsoft.net_assembly_gac_msil_system.runtime.serialization_v4.0_4.0.0.0_b77a5c561934e089_f6fb5cdd6113e4c9.cdf-ms
	Handle ID:	0x834

Process Information:
	Process ID:	0x3410
	Process Name:	C:\Windows\WinSxS\amd64_microsoft-windows-servicingstack_31bf3856ad364e35_10.0.19041.4351_none_7e19dc327c844a77\TiWorker.exe

Auditing Settings:
	Original Security Descriptor:	
	New Security Descriptor:		S:ARAI(AU;SAFA;0x1f0116;;;WD)","Microsoft-Windows-Security-Auditing","System.String[]","18/05/2024 21:53:06","18/05/2024 21:53:06",
"4907","DESKTOP-LUGE14R","System.Byte[]","SuccessAudit","Auditing settings on object were changed.

Subject:
	Security ID:		S-1-5-18
	Account Name:		DESKTOP-LUGE14R$
	Account Domain:		WORKGROUP
	Logon ID:		0x3e7

Object:
	Object Server:	Security
	Object Type:	File
	Object Name:	C:\Windows\WinSxS\FileMaps\$$_microsoft.net_assembly_gac_msil_system.servicemodel_v4.0_4.0.0.0_b77a5c561934e089_b63f15dceb7fa3d7.cdf-ms
	Handle ID:	0xb8c

Process Information:
	Process ID:	0x3410
	Process Name:	C:\Windows\WinSxS\amd64_microsoft-windows-servicingstack_31bf3856ad364e35_10.0.19041.4351_none_7e19dc327c844a77\TiWorker.exe

Auditing Settings:
	Original Security Descriptor:	
	New Security Descriptor:		S:ARAI(AU;SAFA;0x1f0116;;;WD)","Microsoft-Windows-Security-Auditing","System.String[]","18/05/2024 21:53:06","18/05/2024 21:53:06",
"4907","DESKTOP-LUGE14R","System.Byte[]","SuccessAudit","Auditing settings on object were changed.

Subject:
	Security ID:		S-1-5-18
	Account Name:		DESKTOP-LUGE14R$
	Account Domain:		WORKGROUP
	Logon ID:		0x3e7

Object:
	Object Server:	Security
	Object Type:	File
	Object Name:	C:\Windows\WinSxS\FileMaps\$$_microsoft.net_assembly_gac_msil_system.servicemodel.channels_v4.0_4.0.0.0_31bf3856ad364e35_3b879384d8488ea3.cdf-ms
	Handle ID:	0x8f8

Process Information:
	Process ID:	0x3410
	Process Name:	C:\Windows\WinSxS\amd64_microsoft-windows-servicingstack_31bf3856ad364e35_10.0.19041.4351_none_7e19dc327c844a77\TiWorker.exe

Auditing Settings:
	Original Security Descriptor:	
	New Security Descriptor:		S:ARAI(AU;SAFA;0x1f0116;;;WD)","Microsoft-Windows-Security-Auditing","System.String[]","18/05/2024 21:53:06","18/05/2024 21:53:06",
"4907","DESKTOP-LUGE14R","System.Byte[]","SuccessAudit","Auditing settings on object were changed.

Subject:
	Security ID:		S-1-5-18
	Account Name:		DESKTOP-LUGE14R$
	Account Domain:		WORKGROUP
	Logon ID:		0x3e7

Object:
	Object Server:	Security
	Object Type:	File
	Object Name:	C:\Windows\WinSxS\FileMaps\$$_microsoft.net_assembly_gac_msil_system.servicemodel.discovery_v4.0_4.0.0.0_31bf3856ad364e35_77886dd12f6a8907.cdf-ms
	Handle ID:	0x834

Process Information:
	Process ID:	0x3410
	Process Name:	C:\Windows\WinSxS\amd64_microsoft-windows-servicingstack_31bf3856ad364e35_10.0.19041.4351_none_7e19dc327c844a77\TiWorker.exe

Auditing Settings:
	Original Security Descriptor:	
	New Security Descriptor:		S:ARAI(AU;SAFA;0x1f0116;;;WD)","Microsoft-Windows-Security-Auditing","System.String[]","18/05/2024 21:53:06","18/05/2024 21:53:06",
"4907","DESKTOP-LUGE14R","System.Byte[]","SuccessAudit","Auditing settings on object were changed.

Subject:
	Security ID:		S-1-5-18
	Account Name:		DESKTOP-LUGE14R$
	Account Domain:		WORKGROUP
	Logon ID:		0x3e7

Object:
	Object Server:	Security
	Object Type:	File
	Object Name:	C:\Windows\WinSxS\FileMaps\$$_microsoft.net_assembly_gac_msil_system.servicemodel.internals_v4.0_4.0.0.0_31bf3856ad364e35_648841c36e579803.cdf-ms
	Handle ID:	0x650

Process Information:
	Process ID:	0x3410
	Process Name:	C:\Windows\WinSxS\amd64_microsoft-windows-servicingstack_31bf3856ad364e35_10.0.19041.4351_none_7e19dc327c844a77\TiWorker.exe

Auditing Settings:
	Original Security Descriptor:	
	New Security Descriptor:		S:ARAI(AU;SAFA;0x1f0116;;;WD)","Microsoft-Windows-Security-Auditing","System.String[]","18/05/2024 21:53:06","18/05/2024 21:53:06",
"4907","DESKTOP-LUGE14R","System.Byte[]","SuccessAudit","Auditing settings on object were changed.

Subject:
	Security ID:		S-1-5-18
	Account Name:		DESKTOP-LUGE14R$
	Account Domain:		WORKGROUP
	Logon ID:		0x3e7

Object:
	Object Server:	Security
	Object Type:	File
	Object Name:	C:\Windows\WinSxS\FileMaps\$$_microsoft.net_assembly_gac_msil_system.servicemodel.washosting_v4.0_4.0.0.0_b77a5c561934e089_fcc9ffe6a33d9e56.cdf-ms
	Handle ID:	0xa04

Process Information:
	Process ID:	0x3410
	Process Name:	C:\Windows\WinSxS\amd64_microsoft-windows-servicingstack_31bf3856ad364e35_10.0.19041.4351_none_7e19dc327c844a77\TiWorker.exe

Auditing Settings:
	Original Security Descriptor:	
	New Security Descriptor:		S:ARAI(AU;SAFA;0x1f0116;;;WD)","Microsoft-Windows-Security-Auditing","System.String[]","18/05/2024 21:53:06","18/05/2024 21:53:06",
"4907","DESKTOP-LUGE14R","System.Byte[]","SuccessAudit","Auditing settings on object were changed.

Subject:
	Security ID:		S-1-5-18
	Account Name:		DESKTOP-LUGE14R$
	Account Domain:		WORKGROUP
	Logon ID:		0x3e7

Object:
	Object Server:	Security
	Object Type:	File
	Object Name:	C:\Windows\WinSxS\FileMaps\$$_microsoft.net_assembly_gac_msil_system.windows.controls.ribbon_v4.0_4.0.0.0_b77a5c561934e089_f0c023acb7bafe74.cdf-ms
	Handle ID:	0x834

Process Information:
	Process ID:	0x3410
	Process Name:	C:\Windows\WinSxS\amd64_microsoft-windows-servicingstack_31bf3856ad364e35_10.0.19041.4351_none_7e19dc327c844a77\TiWorker.exe

Auditing Settings:
	Original Security Descriptor:	
	New Security Descriptor:		S:ARAI(AU;SAFA;0x1f0116;;;WD)","Microsoft-Windows-Security-Auditing","System.String[]","18/05/2024 21:53:06","18/05/2024 21:53:06",
"4907","DESKTOP-LUGE14R","System.Byte[]","SuccessAudit","Auditing settings on object were changed.

Subject:
	Security ID:		S-1-5-18
	Account Name:		DESKTOP-LUGE14R$
	Account Domain:		WORKGROUP
	Logon ID:		0x3e7

Object:
	Object Server:	Security
	Object Type:	File
	Object Name:	C:\Windows\WinSxS\FileMaps\$$_microsoft.net_assembly_gac_msil_system.xaml_v4.0_4.0.0.0_b77a5c561934e089_6747aba031bff5b1.cdf-ms
	Handle ID:	0x650

Process Information:
	Process ID:	0x3410
	Process Name:	C:\Windows\WinSxS\amd64_microsoft-windows-servicingstack_31bf3856ad364e35_10.0.19041.4351_none_7e19dc327c844a77\TiWorker.exe

Auditing Settings:
	Original Security Descriptor:	
	New Security Descriptor:		S:ARAI(AU;SAFA;0x1f0116;;;WD)","Microsoft-Windows-Security-Auditing","System.String[]","18/05/2024 21:53:06","18/05/2024 21:53:06",
"4907","DESKTOP-LUGE14R","System.Byte[]","SuccessAudit","Auditing settings on object were changed.

Subject:
	Security ID:		S-1-5-18
	Account Name:		DESKTOP-LUGE14R$
	Account Domain:		WORKGROUP
	Logon ID:		0x3e7

Object:
	Object Server:	Security
	Object Type:	File
	Object Name:	C:\Windows\WinSxS\FileMaps\$$_microsoft.net_assembly_gac_msil_uiautomationclient_v4.0_4.0.0.0_31bf3856ad364e35_35816ba0d06901c4.cdf-ms
	Handle ID:	0xa04

Process Information:
	Process ID:	0x3410
	Process Name:	C:\Windows\WinSxS\amd64_microsoft-windows-servicingstack_31bf3856ad364e35_10.0.19041.4351_none_7e19dc327c844a77\TiWorker.exe

Auditing Settings:
	Original Security Descriptor:	
	New Security Descriptor:		S:ARAI(AU;SAFA;0x1f0116;;;WD)","Microsoft-Windows-Security-Auditing","System.String[]","18/05/2024 21:53:06","18/05/2024 21:53:06",
"4907","DESKTOP-LUGE14R","System.Byte[]","SuccessAudit","Auditing settings on object were changed.

Subject:
	Security ID:		S-1-5-18
	Account Name:		DESKTOP-LUGE14R$
	Account Domain:		WORKGROUP
	Logon ID:		0x3e7

Object:
	Object Server:	Security
	Object Type:	File
	Object Name:	C:\Windows\WinSxS\FileMaps\$$_microsoft.net_assembly_gac_msil_uiautomationclientsideproviders_v4.0_4.0.0.0_31bf3856ad364e35_6944991d7b306f0d.cdf-ms
	Handle ID:	0x834

Process Information:
	Process ID:	0x3410
	Process Name:	C:\Windows\WinSxS\amd64_microsoft-windows-servicingstack_31bf3856ad364e35_10.0.19041.4351_none_7e19dc327c844a77\TiWorker.exe

Auditing Settings:
	Original Security Descriptor:	
	New Security Descriptor:		S:ARAI(AU;SAFA;0x1f0116;;;WD)","Microsoft-Windows-Security-Auditing","System.String[]","18/05/2024 21:53:06","18/05/2024 21:53:06",
"4907","DESKTOP-LUGE14R","System.Byte[]","SuccessAudit","Auditing settings on object were changed.

Subject:
	Security ID:		S-1-5-18
	Account Name:		DESKTOP-LUGE14R$
	Account Domain:		WORKGROUP
	Logon ID:		0x3e7

Object:
	Object Server:	Security
	Object Type:	File
	Object Name:	C:\Windows\WinSxS\FileMaps\$$_microsoft.net_assembly_gac_msil_uiautomationprovider_v4.0_4.0.0.0_31bf3856ad364e35_6bb637099f04ee2c.cdf-ms
	Handle ID:	0x650

Process Information:
	Process ID:	0x3410
	Process Name:	C:\Windows\WinSxS\amd64_microsoft-windows-servicingstack_31bf3856ad364e35_10.0.19041.4351_none_7e19dc327c844a77\TiWorker.exe

Auditing Settings:
	Original Security Descriptor:	
	New Security Descriptor:		S:ARAI(AU;SAFA;0x1f0116;;;WD)","Microsoft-Windows-Security-Auditing","System.String[]","18/05/2024 21:53:06","18/05/2024 21:53:06",
"4907","DESKTOP-LUGE14R","System.Byte[]","SuccessAudit","Auditing settings on object were changed.

Subject:
	Security ID:		S-1-5-18
	Account Name:		DESKTOP-LUGE14R$
	Account Domain:		WORKGROUP
	Logon ID:		0x3e7

Object:
	Object Server:	Security
	Object Type:	File
	Object Name:	C:\Windows\WinSxS\FileMaps\$$_microsoft.net_assembly_gac_msil_uiautomationtypes_v4.0_4.0.0.0_31bf3856ad364e35_1f12bec8f88f4450.cdf-ms
	Handle ID:	0xa04

Process Information:
	Process ID:	0x3410
	Process Name:	C:\Windows\WinSxS\amd64_microsoft-windows-servicingstack_31bf3856ad364e35_10.0.19041.4351_none_7e19dc327c844a77\TiWorker.exe

Auditing Settings:
	Original Security Descriptor:	
	New Security Descriptor:		S:ARAI(AU;SAFA;0x1f0116;;;WD)","Microsoft-Windows-Security-Auditing","System.String[]","18/05/2024 21:53:06","18/05/2024 21:53:06",
"4907","DESKTOP-LUGE14R","System.Byte[]","SuccessAudit","Auditing settings on object were changed.

Subject:
	Security ID:		S-1-5-18
	Account Name:		DESKTOP-LUGE14R$
	Account Domain:		WORKGROUP
	Logon ID:		0x3e7

Object:
	Object Server:	Security
	Object Type:	File
	Object Name:	C:\Windows\WinSxS\FileMaps\$$_microsoft.net_assembly_gac_msil_windowsbase_v4.0_4.0.0.0_31bf3856ad364e35_5764ca98829cd598.cdf-ms
	Handle ID:	0x834

Process Information:
	Process ID:	0x3410
	Process Name:	C:\Windows\WinSxS\amd64_microsoft-windows-servicingstack_31bf3856ad364e35_10.0.19041.4351_none_7e19dc327c844a77\TiWorker.exe

Auditing Settings:
	Original Security Descriptor:	
	New Security Descriptor:		S:ARAI(AU;SAFA;0x1f0116;;;WD)","Microsoft-Windows-Security-Auditing","System.String[]","18/05/2024 21:53:06","18/05/2024 21:53:06",
"4907","DESKTOP-LUGE14R","System.Byte[]","SuccessAudit","Auditing settings on object were changed.

Subject:
	Security ID:		S-1-5-18
	Account Name:		DESKTOP-LUGE14R$
	Account Domain:		WORKGROUP
	Logon ID:		0x3e7

Object:
	Object Server:	Security
	Object Type:	File
	Object Name:	C:\Windows\WinSxS\FileMaps\$$_microsoft.net_framework_v4.0.30319_nativeimages_7f83bd6ed8241f3a.cdf-ms
	Handle ID:	0x650

Process Information:
	Process ID:	0x3410
	Process Name:	C:\Windows\WinSxS\amd64_microsoft-windows-servicingstack_31bf3856ad364e35_10.0.19041.4351_none_7e19dc327c844a77\TiWorker.exe

Auditing Settings:
	Original Security Descriptor:	
	New Security Descriptor:		S:ARAI(AU;SAFA;0x1f0116;;;WD)","Microsoft-Windows-Security-Auditing","System.String[]","18/05/2024 21:53:06","18/05/2024 21:53:06",
"4907","DESKTOP-LUGE14R","System.Byte[]","SuccessAudit","Auditing settings on object were changed.

Subject:
	Security ID:		S-1-5-18
	Account Name:		DESKTOP-LUGE14R$
	Account Domain:		WORKGROUP
	Logon ID:		0x3e7

Object:
	Object Server:	Security
	Object Type:	File
	Object Name:	C:\Windows\WinSxS\FileMaps\$$_microsoft.net_framework_v4.0.30319_wpf_en-us_dc5fd125966afabc.cdf-ms
	Handle ID:	0x834

Process Information:
	Process ID:	0x3410
	Process Name:	C:\Windows\WinSxS\amd64_microsoft-windows-servicingstack_31bf3856ad364e35_10.0.19041.4351_none_7e19dc327c844a77\TiWorker.exe

Auditing Settings:
	Original Security Descriptor:	
	New Security Descriptor:		S:ARAI(AU;SAFA;0x1f0116;;;WD)","Microsoft-Windows-Security-Auditing","System.String[]","18/05/2024 21:53:06","18/05/2024 21:53:06",
"4907","DESKTOP-LUGE14R","System.Byte[]","SuccessAudit","Auditing settings on object were changed.

Subject:
	Security ID:		S-1-5-18
	Account Name:		DESKTOP-LUGE14R$
	Account Domain:		WORKGROUP
	Logon ID:		0x3e7

Object:
	Object Server:	Security
	Object Type:	File
	Object Name:	C:\Windows\WinSxS\FileMaps\$$_microsoft.net_framework_v4.0.30319_wpf_fonts_dc62106d96619a3c.cdf-ms
	Handle ID:	0xa04

Process Information:
	Process ID:	0x3410
	Process Name:	C:\Windows\WinSxS\amd64_microsoft-windows-servicingstack_31bf3856ad364e35_10.0.19041.4351_none_7e19dc327c844a77\TiWorker.exe

Auditing Settings:
	Original Security Descriptor:	
	New Security Descriptor:		S:ARAI(AU;SAFA;0x1f0116;;;WD)","Microsoft-Windows-Security-Auditing","System.String[]","18/05/2024 21:53:06","18/05/2024 21:53:06",
"4907","DESKTOP-LUGE14R","System.Byte[]","SuccessAudit","Auditing settings on object were changed.

Subject:
	Security ID:		S-1-5-18
	Account Name:		DESKTOP-LUGE14R$
	Account Domain:		WORKGROUP
	Logon ID:		0x3e7

Object:
	Object Server:	Security
	Object Type:	File
	Object Name:	C:\Windows\WinSxS\FileMaps\$$_microsoft.net_framework_v4.0.30319_wpf_bc1339ef8efa3c4c.cdf-ms
	Handle ID:	0x650

Process Information:
	Process ID:	0x3410
	Process Name:	C:\Windows\WinSxS\amd64_microsoft-windows-servicingstack_31bf3856ad364e35_10.0.19041.4351_none_7e19dc327c844a77\TiWorker.exe

Auditing Settings:
	Original Security Descriptor:	
	New Security Descriptor:		S:ARAI(AU;SAFA;0x1f0116;;;WD)","Microsoft-Windows-Security-Auditing","System.String[]","18/05/2024 21:53:06","18/05/2024 21:53:06",
"4907","DESKTOP-LUGE14R","System.Byte[]","SuccessAudit","Auditing settings on object were changed.

Subject:
	Security ID:		S-1-5-18
	Account Name:		DESKTOP-LUGE14R$
	Account Domain:		WORKGROUP
	Logon ID:		0x3e7

Object:
	Object Server:	Security
	Object Type:	File
	Object Name:	C:\Windows\WinSxS\FileMaps\$$_microsoft.net_framework_v4.0.30319_c40c7a995ddd757b.cdf-ms
	Handle ID:	0x834

Process Information:
	Process ID:	0x3410
	Process Name:	C:\Windows\WinSxS\amd64_microsoft-windows-servicingstack_31bf3856ad364e35_10.0.19041.4351_none_7e19dc327c844a77\TiWorker.exe

Auditing Settings:
	Original Security Descriptor:	
	New Security Descriptor:		S:ARAI(AU;SAFA;0x1f0116;;;WD)","Microsoft-Windows-Security-Auditing","System.String[]","18/05/2024 21:53:06","18/05/2024 21:53:06",
"4907","DESKTOP-LUGE14R","System.Byte[]","SuccessAudit","Auditing settings on object were changed.

Subject:
	Security ID:		S-1-5-18
	Account Name:		DESKTOP-LUGE14R$
	Account Domain:		WORKGROUP
	Logon ID:		0x3e7

Object:
	Object Server:	Security
	Object Type:	File
	Object Name:	C:\Windows\WinSxS\FileMaps\$$_microsoft.net_framework_83386eac0379231b.cdf-ms
	Handle ID:	0x980

Process Information:
	Process ID:	0x3410
	Process Name:	C:\Windows\WinSxS\amd64_microsoft-windows-servicingstack_31bf3856ad364e35_10.0.19041.4351_none_7e19dc327c844a77\TiWorker.exe

Auditing Settings:
	Original Security Descriptor:	
	New Security Descriptor:		S:ARAI(AU;SAFA;0x1f0116;;;WD)","Microsoft-Windows-Security-Auditing","System.String[]","18/05/2024 21:53:06","18/05/2024 21:53:06",
